<?xml version="1.0" encoding="UTF-8"?>
<testsuite xmlns:xsi="http://www.w3.org/2001/XMLSchema-instance" xsi:noNamespaceSchemaLocation="https://maven.apache.org/surefire/maven-surefire-plugin/xsd/surefire-test-report-3.0.xsd" version="3.0" name="com.zephyr.storage.commitlog.FileRollingServiceTest" time="0.44" tests="7" errors="0" skipped="0" failures="0">
  <properties>
[...]
</properties>
  <testcase name="testFileRollingDisabled" classname="com.zephyr.storage.commitlog.FileRollingServiceTest" time="0.091">
    <system-out><![CDATA[08:38:55.442 [main] INFO com.zephyr.storage.commitlog.MappedFileQueue - Loaded 0 mapped files from /tmp/junit18187791208526830715
08:38:55.453 [main] INFO com.zephyr.storage.commitlog.MappedFile - Mapped file created: /tmp/junit18187791208526830715/00000000000000000000, size: 1024
08:38:55.453 [main] INFO com.zephyr.storage.commitlog.MappedFileQueue - Created new mapped file: /tmp/junit18187791208526830715/00000000000000000000
08:38:55.453 [main] WARN com.zephyr.storage.commitlog.MappedFile - Mapped file is full: /tmp/junit18187791208526830715/00000000000000000000, currentPos: 0, dataLength: 5120, fileSize: 1024
08:38:55.457 [main] INFO com.zephyr.storage.commitlog.MappedFile - Delete mapped file: /tmp/junit18187791208526830715/00000000000000000000, result: true, time: 0ms
]]></system-out>
  </testcase>
  <testcase name="testFileRollingStats" classname="com.zephyr.storage.commitlog.FileRollingServiceTest" time="0.006">
    <system-out><![CDATA[08:38:55.468 [main] INFO com.zephyr.storage.commitlog.FileRollingService - File rolling service started with auto cleanup enabled
08:38:55.468 [main] INFO com.zephyr.storage.commitlog.MappedFileQueue - Loaded 0 mapped files from /tmp/junit8169070128017753368
08:38:55.469 [main] INFO com.zephyr.storage.commitlog.MappedFile - Mapped file created: /tmp/junit8169070128017753368/00000000000000000000, size: 1024
08:38:55.469 [main] INFO com.zephyr.storage.commitlog.MappedFileQueue - Created new mapped file: /tmp/junit8169070128017753368/00000000000000000000
08:38:55.470 [main] INFO com.zephyr.storage.commitlog.MappedFileQueue - Rolling file /tmp/junit8169070128017753368/00000000000000000000 due to FILE_SIZE_EXCEEDED
08:38:55.470 [main] INFO com.zephyr.storage.commitlog.MappedFile - Mapped file created: /tmp/junit8169070128017753368/00000000000000001024, size: 1024
08:38:55.470 [main] INFO com.zephyr.storage.commitlog.MappedFileQueue - Created new mapped file: /tmp/junit8169070128017753368/00000000000000001024
08:38:55.471 [FileCleanup] INFO com.zephyr.storage.commitlog.FileRollingService - File /tmp/junit8169070128017753368/00000000000000000000 expired by time, age: 488568 hours
08:38:55.471 [FileCleanup] WARN com.zephyr.storage.commitlog.FileRollingService - Cannot clean file /tmp/junit8169070128017753368/00000000000000000000 - still in use
08:38:55.471 [main] INFO com.zephyr.storage.commitlog.FileRollingService - File rolling service shut down
08:38:55.472 [main] INFO com.zephyr.storage.commitlog.MappedFile - Delete mapped file: /tmp/junit8169070128017753368/00000000000000000000, result: true, time: 0ms
08:38:55.472 [main] INFO com.zephyr.storage.commitlog.MappedFile - Delete mapped file: /tmp/junit8169070128017753368/00000000000000001024, result: true, time: 0ms
]]></system-out>
  </testcase>
  <testcase name="testServiceLifecycle" classname="com.zephyr.storage.commitlog.FileRollingServiceTest" time="0.003">
    <system-out><![CDATA[08:38:55.475 [main] INFO com.zephyr.storage.commitlog.FileRollingService - File rolling service started with auto cleanup enabled
08:38:55.475 [main] INFO com.zephyr.storage.commitlog.FileRollingService - File rolling service shut down
]]></system-out>
  </testcase>
  <testcase name="testFileRollingBySize" classname="com.zephyr.storage.commitlog.FileRollingServiceTest" time="0.117">
    <system-out><![CDATA[08:38:55.478 [main] INFO com.zephyr.storage.commitlog.FileRollingService - File rolling service started with auto cleanup enabled
08:38:55.479 [main] INFO com.zephyr.storage.commitlog.MappedFileQueue - Loaded 0 mapped files from /tmp/junit8601505208860538498
08:38:55.479 [main] INFO com.zephyr.storage.commitlog.FileRollingService - File rolling service started with auto cleanup enabled
08:38:55.479 [main] INFO com.zephyr.storage.commitlog.MappedFile - Mapped file created: /tmp/junit8601505208860538498/00000000000000000000, size: 1024
08:38:55.479 [main] INFO com.zephyr.storage.commitlog.MappedFileQueue - Created new mapped file: /tmp/junit8601505208860538498/00000000000000000000
08:38:55.479 [main] INFO com.zephyr.storage.commitlog.MappedFileQueue - Rolling file /tmp/junit8601505208860538498/00000000000000000000 due to FILE_SIZE_EXCEEDED
08:38:55.480 [main] INFO com.zephyr.storage.commitlog.MappedFile - Mapped file created: /tmp/junit8601505208860538498/00000000000000001024, size: 1024
08:38:55.480 [main] INFO com.zephyr.storage.commitlog.MappedFileQueue - Created new mapped file: /tmp/junit8601505208860538498/00000000000000001024
08:38:55.480 [main] WARN com.zephyr.storage.commitlog.MappedFile - Mapped file is full: /tmp/junit8601505208860538498/00000000000000001024, currentPos: 0, dataLength: 2048, fileSize: 1024
08:38:55.480 [FileCleanup] INFO com.zephyr.storage.commitlog.FileRollingService - File /tmp/junit8601505208860538498/00000000000000000000 expired by time, age: 488568 hours
08:38:55.480 [FileCleanup] WARN com.zephyr.storage.commitlog.FileRollingService - Cannot clean file /tmp/junit8601505208860538498/00000000000000000000 - still in use
08:38:55.580 [main] INFO com.zephyr.storage.commitlog.MappedFileQueue - Rolling file /tmp/junit8601505208860538498/00000000000000001024 due to FILE_SIZE_EXCEEDED
08:38:55.582 [main] INFO com.zephyr.storage.commitlog.MappedFile - Mapped file created: /tmp/junit8601505208860538498/00000000000000002048, size: 1024
08:38:55.582 [main] INFO com.zephyr.storage.commitlog.MappedFileQueue - Created new mapped file: /tmp/junit8601505208860538498/00000000000000002048
08:38:55.582 [main] WARN com.zephyr.storage.commitlog.MappedFile - Mapped file is full: /tmp/junit8601505208860538498/00000000000000002048, currentPos: 0, dataLength: 2048, fileSize: 1024
08:38:55.586 [FileCleanup] INFO com.zephyr.storage.commitlog.FileRollingService - File /tmp/junit8601505208860538498/00000000000000000000 expired by time, age: 488568 hours
08:38:55.586 [FileCleanup] INFO com.zephyr.storage.commitlog.FileRollingService - File /tmp/junit8601505208860538498/00000000000000001024 expired by time, age: 488568 hours
08:38:55.586 [FileCleanup] WARN com.zephyr.storage.commitlog.FileRollingService - Cannot clean file /tmp/junit8601505208860538498/00000000000000000000 - still in use
08:38:55.587 [FileCleanup] WARN com.zephyr.storage.commitlog.FileRollingService - Cannot clean file /tmp/junit8601505208860538498/00000000000000001024 - still in use
08:38:55.587 [main] INFO com.zephyr.storage.commitlog.FileRollingService - File rolling service shut down
08:38:55.588 [main] INFO com.zephyr.storage.commitlog.MappedFile - Delete mapped file: /tmp/junit8601505208860538498/00000000000000000000, result: true, time: 0ms
08:38:55.588 [main] INFO com.zephyr.storage.commitlog.MappedFile - Delete mapped file: /tmp/junit8601505208860538498/00000000000000001024, result: true, time: 0ms
08:38:55.589 [main] INFO com.zephyr.storage.commitlog.MappedFile - Delete mapped file: /tmp/junit8601505208860538498/00000000000000002048, result: true, time: 0ms
08:38:55.590 [main] INFO com.zephyr.storage.commitlog.FileRollingService - File rolling service shut down
]]></system-out>
  </testcase>
  <testcase name="testFileRollingByTime" classname="com.zephyr.storage.commitlog.FileRollingServiceTest" time="0.118">
    <system-out><![CDATA[08:38:55.601 [main] INFO com.zephyr.storage.commitlog.FileRollingService - File rolling service started with auto cleanup enabled
08:38:55.602 [main] INFO com.zephyr.storage.commitlog.MappedFileQueue - Loaded 0 mapped files from /tmp/junit3421226096603718887
08:38:55.603 [main] INFO com.zephyr.storage.commitlog.FileRollingService - File rolling service started with auto cleanup enabled
08:38:55.605 [main] INFO com.zephyr.storage.commitlog.MappedFile - Mapped file created: /tmp/junit3421226096603718887/00000000000000000000, size: 1024
08:38:55.605 [main] INFO com.zephyr.storage.commitlog.MappedFileQueue - Created new mapped file: /tmp/junit3421226096603718887/00000000000000000000
08:38:55.605 [main] INFO com.zephyr.storage.commitlog.MappedFileQueue - Rolling file /tmp/junit3421226096603718887/00000000000000000000 due to FILE_SIZE_EXCEEDED
08:38:55.606 [main] INFO com.zephyr.storage.commitlog.MappedFile - Mapped file created: /tmp/junit3421226096603718887/00000000000000001024, size: 1024
08:38:55.607 [main] INFO com.zephyr.storage.commitlog.MappedFileQueue - Created new mapped file: /tmp/junit3421226096603718887/00000000000000001024
08:38:55.608 [FileCleanup] INFO com.zephyr.storage.commitlog.FileRollingService - File /tmp/junit3421226096603718887/00000000000000000000 expired by time, age: 488568 hours
08:38:55.608 [FileCleanup] WARN com.zephyr.storage.commitlog.FileRollingService - Cannot clean file /tmp/junit3421226096603718887/00000000000000000000 - still in use
08:38:55.708 [main] INFO com.zephyr.storage.commitlog.MappedFileQueue - Rolling file /tmp/junit3421226096603718887/00000000000000001024 due to FILE_SIZE_EXCEEDED
08:38:55.710 [main] INFO com.zephyr.storage.commitlog.MappedFile - Mapped file created: /tmp/junit3421226096603718887/00000000000000002048, size: 1024
08:38:55.710 [main] INFO com.zephyr.storage.commitlog.MappedFileQueue - Created new mapped file: /tmp/junit3421226096603718887/00000000000000002048
08:38:55.711 [FileCleanup] INFO com.zephyr.storage.commitlog.FileRollingService - File /tmp/junit3421226096603718887/00000000000000000000 expired by time, age: 488568 hours
08:38:55.711 [FileCleanup] WARN com.zephyr.storage.commitlog.FileRollingService - Cannot clean file /tmp/junit3421226096603718887/00000000000000000000 - still in use
08:38:55.712 [main] INFO com.zephyr.storage.commitlog.FileRollingService - File rolling service shut down
08:38:55.712 [main] INFO com.zephyr.storage.commitlog.MappedFile - Delete mapped file: /tmp/junit3421226096603718887/00000000000000000000, result: true, time: 0ms
08:38:55.712 [main] INFO com.zephyr.storage.commitlog.MappedFile - Delete mapped file: /tmp/junit3421226096603718887/00000000000000001024, result: true, time: 0ms
08:38:55.713 [main] INFO com.zephyr.storage.commitlog.MappedFile - Delete mapped file: /tmp/junit3421226096603718887/00000000000000002048, result: true, time: 0ms
08:38:55.713 [main] INFO com.zephyr.storage.commitlog.FileRollingService - File rolling service shut down
]]></system-out>
  </testcase>
  <testcase name="testRollingStrategyParsing" classname="com.zephyr.storage.commitlog.FileRollingServiceTest" time="0.004"/>
  <testcase name="testFileCleanup" classname="com.zephyr.storage.commitlog.FileRollingServiceTest" time="0.071">
    <system-out><![CDATA[08:38:55.726 [main] INFO com.zephyr.storage.commitlog.FileRollingService - File rolling service started with auto cleanup enabled
08:38:55.726 [main] INFO com.zephyr.storage.commitlog.MappedFileQueue - Loaded 0 mapped files from /tmp/junit16536508881250282427
08:38:55.726 [main] INFO com.zephyr.storage.commitlog.FileRollingService - File rolling service started with auto cleanup enabled
08:38:55.727 [main] INFO com.zephyr.storage.commitlog.MappedFile - Mapped file created: /tmp/junit16536508881250282427/00000000000000000000, size: 1024
08:38:55.727 [main] INFO com.zephyr.storage.commitlog.MappedFileQueue - Created new mapped file: /tmp/junit16536508881250282427/00000000000000000000
08:38:55.727 [main] INFO com.zephyr.storage.commitlog.MappedFileQueue - Rolling file /tmp/junit16536508881250282427/00000000000000000000 due to FILE_SIZE_EXCEEDED
08:38:55.728 [main] INFO com.zephyr.storage.commitlog.MappedFile - Mapped file created: /tmp/junit16536508881250282427/00000000000000001024, size: 1024
08:38:55.728 [main] INFO com.zephyr.storage.commitlog.MappedFileQueue - Created new mapped file: /tmp/junit16536508881250282427/00000000000000001024
08:38:55.728 [FileCleanup] INFO com.zephyr.storage.commitlog.FileRollingService - File /tmp/junit16536508881250282427/00000000000000000000 expired by time, age: 488568 hours
08:38:55.728 [FileCleanup] WARN com.zephyr.storage.commitlog.FileRollingService - Cannot clean file /tmp/junit16536508881250282427/00000000000000000000 - still in use
08:38:55.738 [main] INFO com.zephyr.storage.commitlog.MappedFileQueue - Rolling file /tmp/junit16536508881250282427/00000000000000001024 due to FILE_SIZE_EXCEEDED
08:38:55.739 [main] INFO com.zephyr.storage.commitlog.MappedFile - Mapped file created: /tmp/junit16536508881250282427/00000000000000002048, size: 1024
08:38:55.740 [main] INFO com.zephyr.storage.commitlog.MappedFileQueue - Created new mapped file: /tmp/junit16536508881250282427/00000000000000002048
08:38:55.740 [FileCleanup] INFO com.zephyr.storage.commitlog.FileRollingService - File /tmp/junit16536508881250282427/00000000000000000000 expired by time, age: 488568 hours
08:38:55.741 [FileCleanup] INFO com.zephyr.storage.commitlog.FileRollingService - File /tmp/junit16536508881250282427/00000000000000001024 expired by time, age: 0 hours
08:38:55.741 [FileCleanup] WARN com.zephyr.storage.commitlog.FileRollingService - Cannot clean file /tmp/junit16536508881250282427/00000000000000000000 - still in use
08:38:55.741 [FileCleanup] WARN com.zephyr.storage.commitlog.FileRollingService - Cannot clean file /tmp/junit16536508881250282427/00000000000000001024 - still in use
08:38:55.750 [main] INFO com.zephyr.storage.commitlog.MappedFileQueue - Rolling file /tmp/junit16536508881250282427/00000000000000002048 due to FILE_SIZE_EXCEEDED
08:38:55.752 [main] INFO com.zephyr.storage.commitlog.MappedFile - Mapped file created: /tmp/junit16536508881250282427/00000000000000003072, size: 1024
08:38:55.753 [main] INFO com.zephyr.storage.commitlog.MappedFileQueue - Created new mapped file: /tmp/junit16536508881250282427/00000000000000003072
08:38:55.753 [FileCleanup] INFO com.zephyr.storage.commitlog.FileRollingService - File /tmp/junit16536508881250282427/00000000000000000000 expired by time, age: 488568 hours
08:38:55.754 [FileCleanup] INFO com.zephyr.storage.commitlog.FileRollingService - File /tmp/junit16536508881250282427/00000000000000001024 expired by time, age: 0 hours
08:38:55.754 [FileCleanup] INFO com.zephyr.storage.commitlog.FileRollingService - File /tmp/junit16536508881250282427/00000000000000002048 expired by time, age: 0 hours
08:38:55.754 [FileCleanup] WARN com.zephyr.storage.commitlog.FileRollingService - Cannot clean file /tmp/junit16536508881250282427/00000000000000000000 - still in use
08:38:55.754 [FileCleanup] WARN com.zephyr.storage.commitlog.FileRollingService - Cannot clean file /tmp/junit16536508881250282427/00000000000000001024 - still in use
08:38:55.754 [FileCleanup] WARN com.zephyr.storage.commitlog.FileRollingService - Cannot clean file /tmp/junit16536508881250282427/00000000000000002048 - still in use
08:38:55.763 [main] INFO com.zephyr.storage.commitlog.MappedFileQueue - Rolling file /tmp/junit16536508881250282427/00000000000000003072 due to FILE_SIZE_EXCEEDED
08:38:55.764 [main] INFO com.zephyr.storage.commitlog.MappedFile - Mapped file created: /tmp/junit16536508881250282427/00000000000000004096, size: 1024
08:38:55.765 [main] INFO com.zephyr.storage.commitlog.MappedFileQueue - Created new mapped file: /tmp/junit16536508881250282427/00000000000000004096
08:38:55.765 [FileCleanup] INFO com.zephyr.storage.commitlog.FileRollingService - File /tmp/junit16536508881250282427/00000000000000000000 expired by time, age: 488568 hours
08:38:55.765 [FileCleanup] INFO com.zephyr.storage.commitlog.FileRollingService - File /tmp/junit16536508881250282427/00000000000000001024 expired by time, age: 0 hours
08:38:55.765 [FileCleanup] INFO com.zephyr.storage.commitlog.FileRollingService - File /tmp/junit16536508881250282427/00000000000000002048 expired by time, age: 0 hours
08:38:55.765 [FileCleanup] INFO com.zephyr.storage.commitlog.FileRollingService - File /tmp/junit16536508881250282427/00000000000000003072 expired by time, age: 0 hours
08:38:55.766 [FileCleanup] WARN com.zephyr.storage.commitlog.FileRollingService - Cannot clean file /tmp/junit16536508881250282427/00000000000000000000 - still in use
08:38:55.766 [FileCleanup] WARN com.zephyr.storage.commitlog.FileRollingService - Cannot clean file /tmp/junit16536508881250282427/00000000000000001024 - still in use
08:38:55.766 [FileCleanup] WARN com.zephyr.storage.commitlog.FileRollingService - Cannot clean file /tmp/junit16536508881250282427/00000000000000002048 - still in use
08:38:55.766 [FileCleanup] WARN com.zephyr.storage.commitlog.FileRollingService - Cannot clean file /tmp/junit16536508881250282427/00000000000000003072 - still in use
08:38:55.775 [main] INFO com.zephyr.storage.commitlog.MappedFileQueue - Rolling file /tmp/junit16536508881250282427/00000000000000004096 due to FILE_SIZE_EXCEEDED
08:38:55.776 [main] INFO com.zephyr.storage.commitlog.MappedFile - Mapped file created: /tmp/junit16536508881250282427/00000000000000005120, size: 1024
08:38:55.776 [main] INFO com.zephyr.storage.commitlog.MappedFileQueue - Created new mapped file: /tmp/junit16536508881250282427/00000000000000005120
08:38:55.777 [FileCleanup] INFO com.zephyr.storage.commitlog.FileRollingService - File /tmp/junit16536508881250282427/00000000000000000000 expired by time, age: 488568 hours
08:38:55.777 [FileCleanup] INFO com.zephyr.storage.commitlog.FileRollingService - File /tmp/junit16536508881250282427/00000000000000001024 expired by time, age: 0 hours
08:38:55.777 [FileCleanup] INFO com.zephyr.storage.commitlog.FileRollingService - File /tmp/junit16536508881250282427/00000000000000002048 expired by time, age: 0 hours
08:38:55.778 [FileCleanup] INFO com.zephyr.storage.commitlog.FileRollingService - File /tmp/junit16536508881250282427/00000000000000003072 expired by time, age: 0 hours
08:38:55.778 [FileCleanup] INFO com.zephyr.storage.commitlog.FileRollingService - File /tmp/junit16536508881250282427/00000000000000004096 expired by time, age: 0 hours
08:38:55.778 [FileCleanup] WARN com.zephyr.storage.commitlog.FileRollingService - Cannot clean file /tmp/junit16536508881250282427/00000000000000000000 - still in use
08:38:55.778 [FileCleanup] WARN com.zephyr.storage.commitlog.FileRollingService - Cannot clean file /tmp/junit16536508881250282427/00000000000000001024 - still in use
08:38:55.778 [FileCleanup] WARN com.zephyr.storage.commitlog.FileRollingService - Cannot clean file /tmp/junit16536508881250282427/00000000000000002048 - still in use
08:38:55.778 [FileCleanup] WARN com.zephyr.storage.commitlog.FileRollingService - Cannot clean file /tmp/junit16536508881250282427/00000000000000003072 - still in use
08:38:55.778 [FileCleanup] WARN com.zephyr.storage.commitlog.FileRollingService - Cannot clean file /tmp/junit16536508881250282427/00000000000000004096 - still in use
08:38:55.787 [main] INFO com.zephyr.storage.commitlog.FileRollingService - File /tmp/junit16536508881250282427/00000000000000000000 expired by time, age: 488568 hours
08:38:55.788 [main] INFO com.zephyr.storage.commitlog.FileRollingService - File /tmp/junit16536508881250282427/00000000000000001024 expired by time, age: 0 hours
08:38:55.788 [main] INFO com.zephyr.storage.commitlog.FileRollingService - File /tmp/junit16536508881250282427/00000000000000002048 expired by time, age: 0 hours
08:38:55.788 [main] INFO com.zephyr.storage.commitlog.FileRollingService - File /tmp/junit16536508881250282427/00000000000000003072 expired by time, age: 0 hours
08:38:55.788 [main] INFO com.zephyr.storage.commitlog.FileRollingService - File /tmp/junit16536508881250282427/00000000000000004096 expired by time, age: 0 hours
08:38:55.788 [main] WARN com.zephyr.storage.commitlog.FileRollingService - Cannot clean file /tmp/junit16536508881250282427/00000000000000000000 - still in use
08:38:55.788 [main] WARN com.zephyr.storage.commitlog.FileRollingService - Cannot clean file /tmp/junit16536508881250282427/00000000000000001024 - still in use
08:38:55.788 [main] WARN com.zephyr.storage.commitlog.FileRollingService - Cannot clean file /tmp/junit16536508881250282427/00000000000000002048 - still in use
08:38:55.789 [main] WARN com.zephyr.storage.commitlog.FileRollingService - Cannot clean file /tmp/junit16536508881250282427/00000000000000003072 - still in use
08:38:55.789 [main] WARN com.zephyr.storage.commitlog.FileRollingService - Cannot clean file /tmp/junit16536508881250282427/00000000000000004096 - still in use
08:38:55.790 [main] INFO com.zephyr.storage.commitlog.FileRollingService - File rolling service shut down
08:38:55.791 [main] INFO com.zephyr.storage.commitlog.MappedFile - Delete mapped file: /tmp/junit16536508881250282427/00000000000000000000, result: true, time: 0ms
08:38:55.791 [main] INFO com.zephyr.storage.commitlog.MappedFile - Delete mapped file: /tmp/junit16536508881250282427/00000000000000001024, result: true, time: 0ms
08:38:55.791 [main] INFO com.zephyr.storage.commitlog.MappedFile - Delete mapped file: /tmp/junit16536508881250282427/00000000000000002048, result: true, time: 0ms
08:38:55.792 [main] INFO com.zephyr.storage.commitlog.MappedFile - Delete mapped file: /tmp/junit16536508881250282427/00000000000000003072, result: true, time: 0ms
08:38:55.792 [main] INFO com.zephyr.storage.commitlog.MappedFile - Delete mapped file: /tmp/junit16536508881250282427/00000000000000004096, result: true, time: 0ms
08:38:55.792 [main] INFO com.zephyr.storage.commitlog.MappedFile - Delete mapped file: /tmp/junit16536508881250282427/00000000000000005120, result: true, time: 0ms
08:38:55.793 [main] INFO com.zephyr.storage.commitlog.FileRollingService - File rolling service shut down
]]></system-out>
  </testcase>
</testsuite>