<?xml version="1.0" encoding="UTF-8"?>
<testsuite xmlns:xsi="http://www.w3.org/2001/XMLSchema-instance" xsi:noNamespaceSchemaLocation="https://maven.apache.org/surefire/maven-surefire-plugin/xsd/surefire-test-report-3.0.xsd" version="3.0" name="com.zephyr.storage.index.SparseIndexTest" time="0.098" tests="15" errors="0" skipped="0" failures="0">
  <properties>
[...]
</properties>
  <testcase name="testDeserializeEmptyData" classname="com.zephyr.storage.index.SparseIndexTest" time="0.002">
    <system-out><![CDATA[08:38:55.870 [main] INFO com.zephyr.storage.index.SparseIndex - SparseIndex initialized: interval=10, maxEntries=1000
]]></system-out>
  </testcase>
  <testcase name="testIndexCleanup" classname="com.zephyr.storage.index.SparseIndexTest" time="0.009">
    <system-out><![CDATA[08:38:55.872 [main] INFO com.zephyr.storage.index.SparseIndex - SparseIndex initialized: interval=10, maxEntries=1000
08:38:55.872 [main] INFO com.zephyr.storage.index.SparseIndex - SparseIndex initialized: interval=1, maxEntries=100
08:38:55.877 [main] DEBUG com.zephyr.storage.index.SparseIndex - Added index entry: IndexEntry{logical=0, physical=1000, timestamp=1000000, size=100, topic='TestTopic', queueId=0}
08:38:55.877 [main] DEBUG com.zephyr.storage.index.SparseIndex - Added index entry: IndexEntry{logical=1, physical=1100, timestamp=1001000, size=100, topic='TestTopic', queueId=0}
08:38:55.877 [main] DEBUG com.zephyr.storage.index.SparseIndex - Added index entry: IndexEntry{logical=2, physical=1200, timestamp=1002000, size=100, topic='TestTopic', queueId=0}
08:38:55.878 [main] DEBUG com.zephyr.storage.index.SparseIndex - Added index entry: IndexEntry{logical=3, physical=1300, timestamp=1003000, size=100, topic='TestTopic', queueId=0}
08:38:55.878 [main] DEBUG com.zephyr.storage.index.SparseIndex - Added index entry: IndexEntry{logical=4, physical=1400, timestamp=1004000, size=100, topic='TestTopic', queueId=0}
08:38:55.878 [main] DEBUG com.zephyr.storage.index.SparseIndex - Added index entry: IndexEntry{logical=5, physical=1500, timestamp=1005000, size=100, topic='TestTopic', queueId=0}
08:38:55.878 [main] DEBUG com.zephyr.storage.index.SparseIndex - Added index entry: IndexEntry{logical=6, physical=1600, timestamp=1006000, size=100, topic='TestTopic', queueId=0}
08:38:55.878 [main] DEBUG com.zephyr.storage.index.SparseIndex - Added index entry: IndexEntry{logical=7, physical=1700, timestamp=1007000, size=100, topic='TestTopic', queueId=0}
08:38:55.878 [main] DEBUG com.zephyr.storage.index.SparseIndex - Added index entry: IndexEntry{logical=8, physical=1800, timestamp=1008000, size=100, topic='TestTopic', queueId=0}
08:38:55.878 [main] DEBUG com.zephyr.storage.index.SparseIndex - Added index entry: IndexEntry{logical=9, physical=1900, timestamp=1009000, size=100, topic='TestTopic', queueId=0}
08:38:55.878 [main] DEBUG com.zephyr.storage.index.SparseIndex - Added index entry: IndexEntry{logical=10, physical=2000, timestamp=1010000, size=100, topic='TestTopic', queueId=0}
08:38:55.878 [main] DEBUG com.zephyr.storage.index.SparseIndex - Added index entry: IndexEntry{logical=11, physical=2100, timestamp=1011000, size=100, topic='TestTopic', queueId=0}
08:38:55.878 [main] DEBUG com.zephyr.storage.index.SparseIndex - Added index entry: IndexEntry{logical=12, physical=2200, timestamp=1012000, size=100, topic='TestTopic', queueId=0}
08:38:55.879 [main] DEBUG com.zephyr.storage.index.SparseIndex - Added index entry: IndexEntry{logical=13, physical=2300, timestamp=1013000, size=100, topic='TestTopic', queueId=0}
08:38:55.879 [main] DEBUG com.zephyr.storage.index.SparseIndex - Added index entry: IndexEntry{logical=14, physical=2400, timestamp=1014000, size=100, topic='TestTopic', queueId=0}
08:38:55.879 [main] DEBUG com.zephyr.storage.index.SparseIndex - Added index entry: IndexEntry{logical=15, physical=2500, timestamp=1015000, size=100, topic='TestTopic', queueId=0}
08:38:55.879 [main] DEBUG com.zephyr.storage.index.SparseIndex - Added index entry: IndexEntry{logical=16, physical=2600, timestamp=1016000, size=100, topic='TestTopic', queueId=0}
08:38:55.879 [main] DEBUG com.zephyr.storage.index.SparseIndex - Added index entry: IndexEntry{logical=17, physical=2700, timestamp=1017000, size=100, topic='TestTopic', queueId=0}
08:38:55.879 [main] DEBUG com.zephyr.storage.index.SparseIndex - Added index entry: IndexEntry{logical=18, physical=2800, timestamp=1018000, size=100, topic='TestTopic', queueId=0}
08:38:55.879 [main] DEBUG com.zephyr.storage.index.SparseIndex - Added index entry: IndexEntry{logical=19, physical=2900, timestamp=1019000, size=100, topic='TestTopic', queueId=0}
]]></system-out>
  </testcase>
  <testcase name="testBasicIndexAddAndQuery" classname="com.zephyr.storage.index.SparseIndexTest" time="0.003">
    <system-out><![CDATA[08:38:55.881 [main] INFO com.zephyr.storage.index.SparseIndex - SparseIndex initialized: interval=10, maxEntries=1000
08:38:55.881 [main] DEBUG com.zephyr.storage.index.SparseIndex - Added index entry: IndexEntry{logical=0, physical=1000, timestamp=1000000, size=100, topic='TestTopic', queueId=0}
08:38:55.881 [main] DEBUG com.zephyr.storage.index.SparseIndex - Added index entry: IndexEntry{logical=10, physical=2000, timestamp=1001000, size=120, topic='TestTopic', queueId=0}
08:38:55.881 [main] DEBUG com.zephyr.storage.index.SparseIndex - Added index entry: IndexEntry{logical=20, physical=3000, timestamp=1002000, size=110, topic='TestTopic', queueId=1}
08:38:55.882 [main] DEBUG com.zephyr.storage.index.SparseIndex - Index hit for logical offset 15: IndexEntry{logical=10, physical=2000, timestamp=1001000, size=120, topic='TestTopic', queueId=0}
08:38:55.882 [main] DEBUG com.zephyr.storage.index.SparseIndex - Index hit for physical offset 2500: IndexEntry{logical=10, physical=2000, timestamp=1001000, size=120, topic='TestTopic', queueId=0}
08:38:55.883 [main] DEBUG com.zephyr.storage.index.SparseIndex - Index hit for timestamp 1001500: IndexEntry{logical=10, physical=2000, timestamp=1001000, size=120, topic='TestTopic', queueId=0}
]]></system-out>
  </testcase>
  <testcase name="testClearIndex" classname="com.zephyr.storage.index.SparseIndexTest" time="0.002">
    <system-out><![CDATA[08:38:55.885 [main] INFO com.zephyr.storage.index.SparseIndex - SparseIndex initialized: interval=10, maxEntries=1000
08:38:55.886 [main] DEBUG com.zephyr.storage.index.SparseIndex - Added index entry: IndexEntry{logical=0, physical=1000, timestamp=1000000, size=100, topic='TestTopic', queueId=0}
08:38:55.886 [main] DEBUG com.zephyr.storage.index.SparseIndex - Added index entry: IndexEntry{logical=10, physical=2000, timestamp=1001000, size=100, topic='TestTopic', queueId=0}
08:38:55.886 [main] DEBUG com.zephyr.storage.index.SparseIndex - Index hit for logical offset 5: IndexEntry{logical=0, physical=1000, timestamp=1000000, size=100, topic='TestTopic', queueId=0}
08:38:55.887 [main] INFO com.zephyr.storage.index.SparseIndex - SparseIndex cleared
]]></system-out>
  </testcase>
  <testcase name="testIndexSerialization" classname="com.zephyr.storage.index.SparseIndexTest" time="0.004">
    <system-out><![CDATA[08:38:55.888 [main] INFO com.zephyr.storage.index.SparseIndex - SparseIndex initialized: interval=10, maxEntries=1000
08:38:55.889 [main] DEBUG com.zephyr.storage.index.SparseIndex - Added index entry: IndexEntry{logical=0, physical=1000, timestamp=1000000, size=100, topic='TestTopic1', queueId=0}
08:38:55.889 [main] DEBUG com.zephyr.storage.index.SparseIndex - Added index entry: IndexEntry{logical=10, physical=2000, timestamp=1001000, size=120, topic='TestTopic2', queueId=1}
08:38:55.889 [main] DEBUG com.zephyr.storage.index.SparseIndex - Added index entry: IndexEntry{logical=20, physical=3000, timestamp=1002000, size=110, topic='LongTopicName', queueId=2}
08:38:55.890 [main] INFO com.zephyr.storage.index.SparseIndex - Serialized 3 index entries to 145 bytes
08:38:55.890 [main] INFO com.zephyr.storage.index.SparseIndex - SparseIndex initialized: interval=10, maxEntries=1000
08:38:55.890 [main] INFO com.zephyr.storage.index.SparseIndex - SparseIndex cleared
08:38:55.890 [main] INFO com.zephyr.storage.index.SparseIndex - Deserializing 3 index entries from 145 bytes
08:38:55.891 [main] INFO com.zephyr.storage.index.SparseIndex - Successfully deserialized 3 index entries
08:38:55.891 [main] DEBUG com.zephyr.storage.index.SparseIndex - Index hit for logical offset 15: IndexEntry{logical=10, physical=2000, timestamp=1001000, size=120, topic='TestTopic2', queueId=1}
]]></system-out>
  </testcase>
  <testcase name="testLargeDataPerformance" classname="com.zephyr.storage.index.SparseIndexTest" time="0.057">
    <system-out><![CDATA[08:38:55.893 [main] INFO com.zephyr.storage.index.SparseIndex - SparseIndex initialized: interval=10, maxEntries=1000
08:38:55.894 [main] INFO com.zephyr.storage.index.SparseIndex - SparseIndex initialized: interval=100, maxEntries=200
08:38:55.894 [main] DEBUG com.zephyr.storage.index.SparseIndex - Added index entry: IndexEntry{logical=0, physical=1000, timestamp=1000000, size=100, topic='TestTopic', queueId=0}
08:38:55.894 [main] DEBUG com.zephyr.storage.index.SparseIndex - Added index entry: IndexEntry{logical=100, physical=11000, timestamp=1100000, size=100, topic='TestTopic', queueId=0}
08:38:55.894 [main] DEBUG com.zephyr.storage.index.SparseIndex - Added index entry: IndexEntry{logical=200, physical=21000, timestamp=1200000, size=100, topic='TestTopic', queueId=0}
08:38:55.894 [main] DEBUG com.zephyr.storage.index.SparseIndex - Added index entry: IndexEntry{logical=300, physical=31000, timestamp=1300000, size=100, topic='TestTopic', queueId=0}
08:38:55.895 [main] DEBUG com.zephyr.storage.index.SparseIndex - Added index entry: IndexEntry{logical=400, physical=41000, timestamp=1400000, size=100, topic='TestTopic', queueId=0}
08:38:55.895 [main] DEBUG com.zephyr.storage.index.SparseIndex - Added index entry: IndexEntry{logical=500, physical=51000, timestamp=1500000, size=100, topic='TestTopic', queueId=0}
08:38:55.895 [main] DEBUG com.zephyr.storage.index.SparseIndex - Added index entry: IndexEntry{logical=600, physical=61000, timestamp=1600000, size=100, topic='TestTopic', queueId=0}
08:38:55.895 [main] DEBUG com.zephyr.storage.index.SparseIndex - Added index entry: IndexEntry{logical=700, physical=71000, timestamp=1700000, size=100, topic='TestTopic', queueId=0}
08:38:55.895 [main] DEBUG com.zephyr.storage.index.SparseIndex - Added index entry: IndexEntry{logical=800, physical=81000, timestamp=1800000, size=100, topic='TestTopic', queueId=0}
08:38:55.896 [main] DEBUG com.zephyr.storage.index.SparseIndex - Added index entry: IndexEntry{logical=900, physical=91000, timestamp=1900000, size=100, topic='TestTopic', queueId=0}
08:38:55.896 [main] DEBUG com.zephyr.storage.index.SparseIndex - Added index entry: IndexEntry{logical=1000, physical=101000, timestamp=2000000, size=100, topic='TestTopic', queueId=0}
08:38:55.896 [main] DEBUG com.zephyr.storage.index.SparseIndex - Added index entry: IndexEntry{logical=1100, physical=111000, timestamp=2100000, size=100, topic='TestTopic', queueId=0}
08:38:55.896 [main] DEBUG com.zephyr.storage.index.SparseIndex - Added index entry: IndexEntry{logical=1200, physical=121000, timestamp=2200000, size=100, topic='TestTopic', queueId=0}
08:38:55.896 [main] DEBUG com.zephyr.storage.index.SparseIndex - Added index entry: IndexEntry{logical=1300, physical=131000, timestamp=2300000, size=100, topic='TestTopic', queueId=0}
08:38:55.897 [main] DEBUG com.zephyr.storage.index.SparseIndex - Added index entry: IndexEntry{logical=1400, physical=141000, timestamp=2400000, size=100, topic='TestTopic', queueId=0}
08:38:55.897 [main] DEBUG com.zephyr.storage.index.SparseIndex - Added index entry: IndexEntry{logical=1500, physical=151000, timestamp=2500000, size=100, topic='TestTopic', queueId=0}
08:38:55.897 [main] DEBUG com.zephyr.storage.index.SparseIndex - Added index entry: IndexEntry{logical=1600, physical=161000, timestamp=2600000, size=100, topic='TestTopic', queueId=0}
08:38:55.897 [main] DEBUG com.zephyr.storage.index.SparseIndex - Added index entry: IndexEntry{logical=1700, physical=171000, timestamp=2700000, size=100, topic='TestTopic', queueId=0}
08:38:55.897 [main] DEBUG com.zephyr.storage.index.SparseIndex - Added index entry: IndexEntry{logical=1800, physical=181000, timestamp=2800000, size=100, topic='TestTopic', queueId=0}
08:38:55.897 [main] DEBUG com.zephyr.storage.index.SparseIndex - Added index entry: IndexEntry{logical=1900, physical=191000, timestamp=2900000, size=100, topic='TestTopic', queueId=0}
08:38:55.898 [main] DEBUG com.zephyr.storage.index.SparseIndex - Added index entry: IndexEntry{logical=2000, physical=201000, timestamp=3000000, size=100, topic='TestTopic', queueId=0}
08:38:55.898 [main] DEBUG com.zephyr.storage.index.SparseIndex - Added index entry: IndexEntry{logical=2100, physical=211000, timestamp=3100000, size=100, topic='TestTopic', queueId=0}
08:38:55.898 [main] DEBUG com.zephyr.storage.index.SparseIndex - Added index entry: IndexEntry{logical=2200, physical=221000, timestamp=3200000, size=100, topic='TestTopic', queueId=0}
08:38:55.898 [main] DEBUG com.zephyr.storage.index.SparseIndex - Added index entry: IndexEntry{logical=2300, physical=231000, timestamp=3300000, size=100, topic='TestTopic', queueId=0}
08:38:55.898 [main] DEBUG com.zephyr.storage.index.SparseIndex - Added index entry: IndexEntry{logical=2400, physical=241000, timestamp=3400000, size=100, topic='TestTopic', queueId=0}
08:38:55.898 [main] DEBUG com.zephyr.storage.index.SparseIndex - Added index entry: IndexEntry{logical=2500, physical=251000, timestamp=3500000, size=100, topic='TestTopic', queueId=0}
08:38:55.899 [main] DEBUG com.zephyr.storage.index.SparseIndex - Added index entry: IndexEntry{logical=2600, physical=261000, timestamp=3600000, size=100, topic='TestTopic', queueId=0}
08:38:55.899 [main] DEBUG com.zephyr.storage.index.SparseIndex - Added index entry: IndexEntry{logical=2700, physical=271000, timestamp=3700000, size=100, topic='TestTopic', queueId=0}
08:38:55.899 [main] DEBUG com.zephyr.storage.index.SparseIndex - Added index entry: IndexEntry{logical=2800, physical=281000, timestamp=3800000, size=100, topic='TestTopic', queueId=0}
08:38:55.899 [main] DEBUG com.zephyr.storage.index.SparseIndex - Added index entry: IndexEntry{logical=2900, physical=291000, timestamp=3900000, size=100, topic='TestTopic', queueId=0}
08:38:55.899 [main] DEBUG com.zephyr.storage.index.SparseIndex - Added index entry: IndexEntry{logical=3000, physical=301000, timestamp=4000000, size=100, topic='TestTopic', queueId=0}
08:38:55.899 [main] DEBUG com.zephyr.storage.index.SparseIndex - Added index entry: IndexEntry{logical=3100, physical=311000, timestamp=4100000, size=100, topic='TestTopic', queueId=0}
08:38:55.899 [main] DEBUG com.zephyr.storage.index.SparseIndex - Added index entry: IndexEntry{logical=3200, physical=321000, timestamp=4200000, size=100, topic='TestTopic', queueId=0}
08:38:55.900 [main] DEBUG com.zephyr.storage.index.SparseIndex - Added index entry: IndexEntry{logical=3300, physical=331000, timestamp=4300000, size=100, topic='TestTopic', queueId=0}
08:38:55.900 [main] DEBUG com.zephyr.storage.index.SparseIndex - Added index entry: IndexEntry{logical=3400, physical=341000, timestamp=4400000, size=100, topic='TestTopic', queueId=0}
08:38:55.900 [main] DEBUG com.zephyr.storage.index.SparseIndex - Added index entry: IndexEntry{logical=3500, physical=351000, timestamp=4500000, size=100, topic='TestTopic', queueId=0}
08:38:55.900 [main] DEBUG com.zephyr.storage.index.SparseIndex - Added index entry: IndexEntry{logical=3600, physical=361000, timestamp=4600000, size=100, topic='TestTopic', queueId=0}
08:38:55.900 [main] DEBUG com.zephyr.storage.index.SparseIndex - Added index entry: IndexEntry{logical=3700, physical=371000, timestamp=4700000, size=100, topic='TestTopic', queueId=0}
08:38:55.900 [main] DEBUG com.zephyr.storage.index.SparseIndex - Added index entry: IndexEntry{logical=3800, physical=381000, timestamp=4800000, size=100, topic='TestTopic', queueId=0}
08:38:55.900 [main] DEBUG com.zephyr.storage.index.SparseIndex - Added index entry: IndexEntry{logical=3900, physical=391000, timestamp=4900000, size=100, topic='TestTopic', queueId=0}
08:38:55.901 [main] DEBUG com.zephyr.storage.index.SparseIndex - Added index entry: IndexEntry{logical=4000, physical=401000, timestamp=5000000, size=100, topic='TestTopic', queueId=0}
08:38:55.901 [main] DEBUG com.zephyr.storage.index.SparseIndex - Added index entry: IndexEntry{logical=4100, physical=411000, timestamp=5100000, size=100, topic='TestTopic', queueId=0}
08:38:55.901 [main] DEBUG com.zephyr.storage.index.SparseIndex - Added index entry: IndexEntry{logical=4200, physical=421000, timestamp=5200000, size=100, topic='TestTopic', queueId=0}
08:38:55.901 [main] DEBUG com.zephyr.storage.index.SparseIndex - Added index entry: IndexEntry{logical=4300, physical=431000, timestamp=5300000, size=100, topic='TestTopic', queueId=0}
08:38:55.901 [main] DEBUG com.zephyr.storage.index.SparseIndex - Added index entry: IndexEntry{logical=4400, physical=441000, timestamp=5400000, size=100, topic='TestTopic', queueId=0}
08:38:55.901 [main] DEBUG com.zephyr.storage.index.SparseIndex - Added index entry: IndexEntry{logical=4500, physical=451000, timestamp=5500000, size=100, topic='TestTopic', queueId=0}
08:38:55.901 [main] DEBUG com.zephyr.storage.index.SparseIndex - Added index entry: IndexEntry{logical=4600, physical=461000, timestamp=5600000, size=100, topic='TestTopic', queueId=0}
08:38:55.902 [main] DEBUG com.zephyr.storage.index.SparseIndex - Added index entry: IndexEntry{logical=4700, physical=471000, timestamp=5700000, size=100, topic='TestTopic', queueId=0}
08:38:55.902 [main] DEBUG com.zephyr.storage.index.SparseIndex - Added index entry: IndexEntry{logical=4800, physical=481000, timestamp=5800000, size=100, topic='TestTopic', queueId=0}
08:38:55.902 [main] DEBUG com.zephyr.storage.index.SparseIndex - Added index entry: IndexEntry{logical=4900, physical=491000, timestamp=5900000, size=100, topic='TestTopic', queueId=0}
08:38:55.902 [main] DEBUG com.zephyr.storage.index.SparseIndex - Added index entry: IndexEntry{logical=5000, physical=501000, timestamp=6000000, size=100, topic='TestTopic', queueId=0}
08:38:55.902 [main] DEBUG com.zephyr.storage.index.SparseIndex - Added index entry: IndexEntry{logical=5100, physical=511000, timestamp=6100000, size=100, topic='TestTopic', queueId=0}
08:38:55.902 [main] DEBUG com.zephyr.storage.index.SparseIndex - Added index entry: IndexEntry{logical=5200, physical=521000, timestamp=6200000, size=100, topic='TestTopic', queueId=0}
08:38:55.902 [main] DEBUG com.zephyr.storage.index.SparseIndex - Added index entry: IndexEntry{logical=5300, physical=531000, timestamp=6300000, size=100, topic='TestTopic', queueId=0}
08:38:55.903 [main] DEBUG com.zephyr.storage.index.SparseIndex - Added index entry: IndexEntry{logical=5400, physical=541000, timestamp=6400000, size=100, topic='TestTopic', queueId=0}
08:38:55.903 [main] DEBUG com.zephyr.storage.index.SparseIndex - Added index entry: IndexEntry{logical=5500, physical=551000, timestamp=6500000, size=100, topic='TestTopic', queueId=0}
08:38:55.903 [main] DEBUG com.zephyr.storage.index.SparseIndex - Added index entry: IndexEntry{logical=5600, physical=561000, timestamp=6600000, size=100, topic='TestTopic', queueId=0}
08:38:55.903 [main] DEBUG com.zephyr.storage.index.SparseIndex - Added index entry: IndexEntry{logical=5700, physical=571000, timestamp=6700000, size=100, topic='TestTopic', queueId=0}
08:38:55.903 [main] DEBUG com.zephyr.storage.index.SparseIndex - Added index entry: IndexEntry{logical=5800, physical=581000, timestamp=6800000, size=100, topic='TestTopic', queueId=0}
08:38:55.903 [main] DEBUG com.zephyr.storage.index.SparseIndex - Added index entry: IndexEntry{logical=5900, physical=591000, timestamp=6900000, size=100, topic='TestTopic', queueId=0}
08:38:55.903 [main] DEBUG com.zephyr.storage.index.SparseIndex - Added index entry: IndexEntry{logical=6000, physical=601000, timestamp=7000000, size=100, topic='TestTopic', queueId=0}
08:38:55.903 [main] DEBUG com.zephyr.storage.index.SparseIndex - Added index entry: IndexEntry{logical=6100, physical=611000, timestamp=7100000, size=100, topic='TestTopic', queueId=0}
08:38:55.904 [main] DEBUG com.zephyr.storage.index.SparseIndex - Added index entry: IndexEntry{logical=6200, physical=621000, timestamp=7200000, size=100, topic='TestTopic', queueId=0}
08:38:55.904 [main] DEBUG com.zephyr.storage.index.SparseIndex - Added index entry: IndexEntry{logical=6300, physical=631000, timestamp=7300000, size=100, topic='TestTopic', queueId=0}
08:38:55.904 [main] DEBUG com.zephyr.storage.index.SparseIndex - Added index entry: IndexEntry{logical=6400, physical=641000, timestamp=7400000, size=100, topic='TestTopic', queueId=0}
08:38:55.904 [main] DEBUG com.zephyr.storage.index.SparseIndex - Added index entry: IndexEntry{logical=6500, physical=651000, timestamp=7500000, size=100, topic='TestTopic', queueId=0}
08:38:55.904 [main] DEBUG com.zephyr.storage.index.SparseIndex - Added index entry: IndexEntry{logical=6600, physical=661000, timestamp=7600000, size=100, topic='TestTopic', queueId=0}
08:38:55.904 [main] DEBUG com.zephyr.storage.index.SparseIndex - Added index entry: IndexEntry{logical=6700, physical=671000, timestamp=7700000, size=100, topic='TestTopic', queueId=0}
08:38:55.904 [main] DEBUG com.zephyr.storage.index.SparseIndex - Added index entry: IndexEntry{logical=6800, physical=681000, timestamp=7800000, size=100, topic='TestTopic', queueId=0}
08:38:55.904 [main] DEBUG com.zephyr.storage.index.SparseIndex - Added index entry: IndexEntry{logical=6900, physical=691000, timestamp=7900000, size=100, topic='TestTopic', queueId=0}
08:38:55.905 [main] DEBUG com.zephyr.storage.index.SparseIndex - Added index entry: IndexEntry{logical=7000, physical=701000, timestamp=8000000, size=100, topic='TestTopic', queueId=0}
08:38:55.905 [main] DEBUG com.zephyr.storage.index.SparseIndex - Added index entry: IndexEntry{logical=7100, physical=711000, timestamp=8100000, size=100, topic='TestTopic', queueId=0}
08:38:55.905 [main] DEBUG com.zephyr.storage.index.SparseIndex - Added index entry: IndexEntry{logical=7200, physical=721000, timestamp=8200000, size=100, topic='TestTopic', queueId=0}
08:38:55.905 [main] DEBUG com.zephyr.storage.index.SparseIndex - Added index entry: IndexEntry{logical=7300, physical=731000, timestamp=8300000, size=100, topic='TestTopic', queueId=0}
08:38:55.905 [main] DEBUG com.zephyr.storage.index.SparseIndex - Added index entry: IndexEntry{logical=7400, physical=741000, timestamp=8400000, size=100, topic='TestTopic', queueId=0}
08:38:55.905 [main] DEBUG com.zephyr.storage.index.SparseIndex - Added index entry: IndexEntry{logical=7500, physical=751000, timestamp=8500000, size=100, topic='TestTopic', queueId=0}
08:38:55.905 [main] DEBUG com.zephyr.storage.index.SparseIndex - Added index entry: IndexEntry{logical=7600, physical=761000, timestamp=8600000, size=100, topic='TestTopic', queueId=0}
08:38:55.905 [main] DEBUG com.zephyr.storage.index.SparseIndex - Added index entry: IndexEntry{logical=7700, physical=771000, timestamp=8700000, size=100, topic='TestTopic', queueId=0}
08:38:55.906 [main] DEBUG com.zephyr.storage.index.SparseIndex - Added index entry: IndexEntry{logical=7800, physical=781000, timestamp=8800000, size=100, topic='TestTopic', queueId=0}
08:38:55.906 [main] DEBUG com.zephyr.storage.index.SparseIndex - Added index entry: IndexEntry{logical=7900, physical=791000, timestamp=8900000, size=100, topic='TestTopic', queueId=0}
08:38:55.906 [main] DEBUG com.zephyr.storage.index.SparseIndex - Added index entry: IndexEntry{logical=8000, physical=801000, timestamp=9000000, size=100, topic='TestTopic', queueId=0}
08:38:55.906 [main] DEBUG com.zephyr.storage.index.SparseIndex - Added index entry: IndexEntry{logical=8100, physical=811000, timestamp=9100000, size=100, topic='TestTopic', queueId=0}
08:38:55.906 [main] DEBUG com.zephyr.storage.index.SparseIndex - Added index entry: IndexEntry{logical=8200, physical=821000, timestamp=9200000, size=100, topic='TestTopic', queueId=0}
08:38:55.906 [main] DEBUG com.zephyr.storage.index.SparseIndex - Added index entry: IndexEntry{logical=8300, physical=831000, timestamp=9300000, size=100, topic='TestTopic', queueId=0}
08:38:55.906 [main] DEBUG com.zephyr.storage.index.SparseIndex - Added index entry: IndexEntry{logical=8400, physical=841000, timestamp=9400000, size=100, topic='TestTopic', queueId=0}
08:38:55.906 [main] DEBUG com.zephyr.storage.index.SparseIndex - Added index entry: IndexEntry{logical=8500, physical=851000, timestamp=9500000, size=100, topic='TestTopic', queueId=0}
08:38:55.906 [main] DEBUG com.zephyr.storage.index.SparseIndex - Added index entry: IndexEntry{logical=8600, physical=861000, timestamp=9600000, size=100, topic='TestTopic', queueId=0}
08:38:55.906 [main] DEBUG com.zephyr.storage.index.SparseIndex - Added index entry: IndexEntry{logical=8700, physical=871000, timestamp=9700000, size=100, topic='TestTopic', queueId=0}
08:38:55.907 [main] DEBUG com.zephyr.storage.index.SparseIndex - Added index entry: IndexEntry{logical=8800, physical=881000, timestamp=9800000, size=100, topic='TestTopic', queueId=0}
08:38:55.907 [main] DEBUG com.zephyr.storage.index.SparseIndex - Added index entry: IndexEntry{logical=8900, physical=891000, timestamp=9900000, size=100, topic='TestTopic', queueId=0}
08:38:55.907 [main] DEBUG com.zephyr.storage.index.SparseIndex - Added index entry: IndexEntry{logical=9000, physical=901000, timestamp=10000000, size=100, topic='TestTopic', queueId=0}
08:38:55.907 [main] DEBUG com.zephyr.storage.index.SparseIndex - Added index entry: IndexEntry{logical=9100, physical=911000, timestamp=10100000, size=100, topic='TestTopic', queueId=0}
08:38:55.907 [main] DEBUG com.zephyr.storage.index.SparseIndex - Added index entry: IndexEntry{logical=9200, physical=921000, timestamp=10200000, size=100, topic='TestTopic', queueId=0}
08:38:55.907 [main] DEBUG com.zephyr.storage.index.SparseIndex - Added index entry: IndexEntry{logical=9300, physical=931000, timestamp=10300000, size=100, topic='TestTopic', queueId=0}
08:38:55.907 [main] DEBUG com.zephyr.storage.index.SparseIndex - Added index entry: IndexEntry{logical=9400, physical=941000, timestamp=10400000, size=100, topic='TestTopic', queueId=0}
08:38:55.907 [main] DEBUG com.zephyr.storage.index.SparseIndex - Added index entry: IndexEntry{logical=9500, physical=951000, timestamp=10500000, size=100, topic='TestTopic', queueId=0}
08:38:55.907 [main] DEBUG com.zephyr.storage.index.SparseIndex - Added index entry: IndexEntry{logical=9600, physical=961000, timestamp=10600000, size=100, topic='TestTopic', queueId=0}
08:38:55.907 [main] DEBUG com.zephyr.storage.index.SparseIndex - Added index entry: IndexEntry{logical=9700, physical=971000, timestamp=10700000, size=100, topic='TestTopic', queueId=0}
08:38:55.907 [main] DEBUG com.zephyr.storage.index.SparseIndex - Added index entry: IndexEntry{logical=9800, physical=981000, timestamp=10800000, size=100, topic='TestTopic', queueId=0}
08:38:55.908 [main] DEBUG com.zephyr.storage.index.SparseIndex - Added index entry: IndexEntry{logical=9900, physical=991000, timestamp=10900000, size=100, topic='TestTopic', queueId=0}
08:38:55.908 [main] DEBUG com.zephyr.storage.index.SparseIndex - Index hit for logical offset 3214: IndexEntry{logical=3200, physical=321000, timestamp=4200000, size=100, topic='TestTopic', queueId=0}
08:38:55.908 [main] DEBUG com.zephyr.storage.index.SparseIndex - Index hit for logical offset 1183: IndexEntry{logical=1100, physical=111000, timestamp=2100000, size=100, topic='TestTopic', queueId=0}
08:38:55.908 [main] DEBUG com.zephyr.storage.index.SparseIndex - Index hit for logical offset 2731: IndexEntry{logical=2700, physical=271000, timestamp=3700000, size=100, topic='TestTopic', queueId=0}
08:38:55.908 [main] DEBUG com.zephyr.storage.index.SparseIndex - Index hit for logical offset 287: IndexEntry{logical=200, physical=21000, timestamp=1200000, size=100, topic='TestTopic', queueId=0}
08:38:55.908 [main] DEBUG com.zephyr.storage.index.SparseIndex - Index hit for logical offset 3688: IndexEntry{logical=3600, physical=361000, timestamp=4600000, size=100, topic='TestTopic', queueId=0}
08:38:55.908 [main] DEBUG com.zephyr.storage.index.SparseIndex - Index hit for logical offset 4318: IndexEntry{logical=4300, physical=431000, timestamp=5300000, size=100, topic='TestTopic', queueId=0}
08:38:55.908 [main] DEBUG com.zephyr.storage.index.SparseIndex - Index hit for logical offset 1983: IndexEntry{logical=1900, physical=191000, timestamp=2900000, size=100, topic='TestTopic', queueId=0}
08:38:55.909 [main] DEBUG com.zephyr.storage.index.SparseIndex - Index hit for logical offset 3441: IndexEntry{logical=3400, physical=341000, timestamp=4400000, size=100, topic='TestTopic', queueId=0}
08:38:55.909 [main] DEBUG com.zephyr.storage.index.SparseIndex - Index hit for logical offset 7711: IndexEntry{logical=7700, physical=771000, timestamp=8700000, size=100, topic='TestTopic', queueId=0}
08:38:55.909 [main] DEBUG com.zephyr.storage.index.SparseIndex - Index hit for logical offset 4742: IndexEntry{logical=4700, physical=471000, timestamp=5700000, size=100, topic='TestTopic', queueId=0}
08:38:55.909 [main] DEBUG com.zephyr.storage.index.SparseIndex - Index hit for logical offset 4552: IndexEntry{logical=4500, physical=451000, timestamp=5500000, size=100, topic='TestTopic', queueId=0}
08:38:55.909 [main] DEBUG com.zephyr.storage.index.SparseIndex - Index hit for logical offset 2624: IndexEntry{logical=2600, physical=261000, timestamp=3600000, size=100, topic='TestTopic', queueId=0}
08:38:55.909 [main] DEBUG com.zephyr.storage.index.SparseIndex - Index hit for logical offset 2904: IndexEntry{logical=2900, physical=291000, timestamp=3900000, size=100, topic='TestTopic', queueId=0}
08:38:55.909 [main] DEBUG com.zephyr.storage.index.SparseIndex - Index hit for logical offset 6125: IndexEntry{logical=6100, physical=611000, timestamp=7100000, size=100, topic='TestTopic', queueId=0}
08:38:55.909 [main] DEBUG com.zephyr.storage.index.SparseIndex - Index hit for logical offset 8911: IndexEntry{logical=8900, physical=891000, timestamp=9900000, size=100, topic='TestTopic', queueId=0}
08:38:55.909 [main] DEBUG com.zephyr.storage.index.SparseIndex - Index hit for logical offset 2924: IndexEntry{logical=2900, physical=291000, timestamp=3900000, size=100, topic='TestTopic', queueId=0}
08:38:55.909 [main] DEBUG com.zephyr.storage.index.SparseIndex - Index hit for logical offset 9943: IndexEntry{logical=9900, physical=991000, timestamp=10900000, size=100, topic='TestTopic', queueId=0}
08:38:55.909 [main] DEBUG com.zephyr.storage.index.SparseIndex - Index hit for logical offset 1278: IndexEntry{logical=1200, physical=121000, timestamp=2200000, size=100, topic='TestTopic', queueId=0}
08:38:55.910 [main] DEBUG com.zephyr.storage.index.SparseIndex - Index hit for logical offset 3861: IndexEntry{logical=3800, physical=381000, timestamp=4800000, size=100, topic='TestTopic', queueId=0}
08:38:55.910 [main] DEBUG com.zephyr.storage.index.SparseIndex - Index hit for logical offset 7041: IndexEntry{logical=7000, physical=701000, timestamp=8000000, size=100, topic='TestTopic', queueId=0}
08:38:55.910 [main] DEBUG com.zephyr.storage.index.SparseIndex - Index hit for logical offset 8919: IndexEntry{logical=8900, physical=891000, timestamp=9900000, size=100, topic='TestTopic', queueId=0}
08:38:55.910 [main] DEBUG com.zephyr.storage.index.SparseIndex - Index hit for logical offset 6617: IndexEntry{logical=6600, physical=661000, timestamp=7600000, size=100, topic='TestTopic', queueId=0}
08:38:55.910 [main] DEBUG com.zephyr.storage.index.SparseIndex - Index hit for logical offset 6896: IndexEntry{logical=6800, physical=681000, timestamp=7800000, size=100, topic='TestTopic', queueId=0}
08:38:55.910 [main] DEBUG com.zephyr.storage.index.SparseIndex - Index hit for logical offset 7124: IndexEntry{logical=7100, physical=711000, timestamp=8100000, size=100, topic='TestTopic', queueId=0}
08:38:55.910 [main] DEBUG com.zephyr.storage.index.SparseIndex - Index hit for logical offset 8718: IndexEntry{logical=8700, physical=871000, timestamp=9700000, size=100, topic='TestTopic', queueId=0}
08:38:55.910 [main] DEBUG com.zephyr.storage.index.SparseIndex - Index hit for logical offset 8547: IndexEntry{logical=8500, physical=851000, timestamp=9500000, size=100, topic='TestTopic', queueId=0}
08:38:55.910 [main] DEBUG com.zephyr.storage.index.SparseIndex - Index hit for logical offset 8093: IndexEntry{logical=8000, physical=801000, timestamp=9000000, size=100, topic='TestTopic', queueId=0}
08:38:55.910 [main] DEBUG com.zephyr.storage.index.SparseIndex - Index hit for logical offset 5757: IndexEntry{logical=5700, physical=571000, timestamp=6700000, size=100, topic='TestTopic', queueId=0}
08:38:55.910 [main] DEBUG com.zephyr.storage.index.SparseIndex - Index hit for logical offset 9694: IndexEntry{logical=9600, physical=961000, timestamp=10600000, size=100, topic='TestTopic', queueId=0}
08:38:55.910 [main] DEBUG com.zephyr.storage.index.SparseIndex - Index hit for logical offset 310: IndexEntry{logical=300, physical=31000, timestamp=1300000, size=100, topic='TestTopic', queueId=0}
08:38:55.910 [main] DEBUG com.zephyr.storage.index.SparseIndex - Index hit for logical offset 8146: IndexEntry{logical=8100, physical=811000, timestamp=9100000, size=100, topic='TestTopic', queueId=0}
08:38:55.911 [main] DEBUG com.zephyr.storage.index.SparseIndex - Index hit for logical offset 7212: IndexEntry{logical=7200, physical=721000, timestamp=8200000, size=100, topic='TestTopic', queueId=0}
08:38:55.911 [main] DEBUG com.zephyr.storage.index.SparseIndex - Index hit for logical offset 7840: IndexEntry{logical=7800, physical=781000, timestamp=8800000, size=100, topic='TestTopic', queueId=0}
08:38:55.911 [main] DEBUG com.zephyr.storage.index.SparseIndex - Index hit for logical offset 2401: IndexEntry{logical=2400, physical=241000, timestamp=3400000, size=100, topic='TestTopic', queueId=0}
08:38:55.911 [main] DEBUG com.zephyr.storage.index.SparseIndex - Index hit for logical offset 894: IndexEntry{logical=800, physical=81000, timestamp=1800000, size=100, topic='TestTopic', queueId=0}
08:38:55.911 [main] DEBUG com.zephyr.storage.index.SparseIndex - Index hit for logical offset 4770: IndexEntry{logical=4700, physical=471000, timestamp=5700000, size=100, topic='TestTopic', queueId=0}
08:38:55.911 [main] DEBUG com.zephyr.storage.index.SparseIndex - Index hit for logical offset 6848: IndexEntry{logical=6800, physical=681000, timestamp=7800000, size=100, topic='TestTopic', queueId=0}
08:38:55.911 [main] DEBUG com.zephyr.storage.index.SparseIndex - Index hit for logical offset 7028: IndexEntry{logical=7000, physical=701000, timestamp=8000000, size=100, topic='TestTopic', queueId=0}
08:38:55.911 [main] DEBUG com.zephyr.storage.index.SparseIndex - Index hit for logical offset 7860: IndexEntry{logical=7800, physical=781000, timestamp=8800000, size=100, topic='TestTopic', queueId=0}
08:38:55.911 [main] DEBUG com.zephyr.storage.index.SparseIndex - Index hit for logical offset 2417: IndexEntry{logical=2400, physical=241000, timestamp=3400000, size=100, topic='TestTopic', queueId=0}
08:38:55.911 [main] DEBUG com.zephyr.storage.index.SparseIndex - Index hit for logical offset 2986: IndexEntry{logical=2900, physical=291000, timestamp=3900000, size=100, topic='TestTopic', queueId=0}
08:38:55.911 [main] DEBUG com.zephyr.storage.index.SparseIndex - Index hit for logical offset 7216: IndexEntry{logical=7200, physical=721000, timestamp=8200000, size=100, topic='TestTopic', queueId=0}
08:38:55.912 [main] DEBUG com.zephyr.storage.index.SparseIndex - Index hit for logical offset 4720: IndexEntry{logical=4700, physical=471000, timestamp=5700000, size=100, topic='TestTopic', queueId=0}
08:38:55.912 [main] DEBUG com.zephyr.storage.index.SparseIndex - Index hit for logical offset 9560: IndexEntry{logical=9500, physical=951000, timestamp=10500000, size=100, topic='TestTopic', queueId=0}
08:38:55.912 [main] DEBUG com.zephyr.storage.index.SparseIndex - Index hit for logical offset 6573: IndexEntry{logical=6500, physical=651000, timestamp=7500000, size=100, topic='TestTopic', queueId=0}
08:38:55.912 [main] DEBUG com.zephyr.storage.index.SparseIndex - Index hit for logical offset 4169: IndexEntry{logical=4100, physical=411000, timestamp=5100000, size=100, topic='TestTopic', queueId=0}
08:38:55.912 [main] DEBUG com.zephyr.storage.index.SparseIndex - Index hit for logical offset 7395: IndexEntry{logical=7300, physical=731000, timestamp=8300000, size=100, topic='TestTopic', queueId=0}
08:38:55.912 [main] DEBUG com.zephyr.storage.index.SparseIndex - Index hit for logical offset 5527: IndexEntry{logical=5500, physical=551000, timestamp=6500000, size=100, topic='TestTopic', queueId=0}
08:38:55.912 [main] DEBUG com.zephyr.storage.index.SparseIndex - Index hit for logical offset 2933: IndexEntry{logical=2900, physical=291000, timestamp=3900000, size=100, topic='TestTopic', queueId=0}
08:38:55.912 [main] DEBUG com.zephyr.storage.index.SparseIndex - Index hit for logical offset 2280: IndexEntry{logical=2200, physical=221000, timestamp=3200000, size=100, topic='TestTopic', queueId=0}
08:38:55.912 [main] DEBUG com.zephyr.storage.index.SparseIndex - Index hit for logical offset 8483: IndexEntry{logical=8400, physical=841000, timestamp=9400000, size=100, topic='TestTopic', queueId=0}
08:38:55.912 [main] DEBUG com.zephyr.storage.index.SparseIndex - Index hit for logical offset 6575: IndexEntry{logical=6500, physical=651000, timestamp=7500000, size=100, topic='TestTopic', queueId=0}
08:38:55.912 [main] DEBUG com.zephyr.storage.index.SparseIndex - Index hit for logical offset 5249: IndexEntry{logical=5200, physical=521000, timestamp=6200000, size=100, topic='TestTopic', queueId=0}
08:38:55.912 [main] DEBUG com.zephyr.storage.index.SparseIndex - Index hit for logical offset 9782: IndexEntry{logical=9700, physical=971000, timestamp=10700000, size=100, topic='TestTopic', queueId=0}
08:38:55.913 [main] DEBUG com.zephyr.storage.index.SparseIndex - Index hit for logical offset 3140: IndexEntry{logical=3100, physical=311000, timestamp=4100000, size=100, topic='TestTopic', queueId=0}
08:38:55.913 [main] DEBUG com.zephyr.storage.index.SparseIndex - Index hit for logical offset 1868: IndexEntry{logical=1800, physical=181000, timestamp=2800000, size=100, topic='TestTopic', queueId=0}
08:38:55.913 [main] DEBUG com.zephyr.storage.index.SparseIndex - Index hit for logical offset 1431: IndexEntry{logical=1400, physical=141000, timestamp=2400000, size=100, topic='TestTopic', queueId=0}
08:38:55.913 [main] DEBUG com.zephyr.storage.index.SparseIndex - Index hit for logical offset 4457: IndexEntry{logical=4400, physical=441000, timestamp=5400000, size=100, topic='TestTopic', queueId=0}
08:38:55.913 [main] DEBUG com.zephyr.storage.index.SparseIndex - Index hit for logical offset 7194: IndexEntry{logical=7100, physical=711000, timestamp=8100000, size=100, topic='TestTopic', queueId=0}
08:38:55.913 [main] DEBUG com.zephyr.storage.index.SparseIndex - Index hit for logical offset 6497: IndexEntry{logical=6400, physical=641000, timestamp=7400000, size=100, topic='TestTopic', queueId=0}
08:38:55.913 [main] DEBUG com.zephyr.storage.index.SparseIndex - Index hit for logical offset 7270: IndexEntry{logical=7200, physical=721000, timestamp=8200000, size=100, topic='TestTopic', queueId=0}
08:38:55.913 [main] DEBUG com.zephyr.storage.index.SparseIndex - Index hit for logical offset 8039: IndexEntry{logical=8000, physical=801000, timestamp=9000000, size=100, topic='TestTopic', queueId=0}
08:38:55.913 [main] DEBUG com.zephyr.storage.index.SparseIndex - Index hit for logical offset 9263: IndexEntry{logical=9200, physical=921000, timestamp=10200000, size=100, topic='TestTopic', queueId=0}
08:38:55.913 [main] DEBUG com.zephyr.storage.index.SparseIndex - Index hit for logical offset 8963: IndexEntry{logical=8900, physical=891000, timestamp=9900000, size=100, topic='TestTopic', queueId=0}
08:38:55.913 [main] DEBUG com.zephyr.storage.index.SparseIndex - Index hit for logical offset 8500: IndexEntry{logical=8500, physical=851000, timestamp=9500000, size=100, topic='TestTopic', queueId=0}
08:38:55.913 [main] DEBUG com.zephyr.storage.index.SparseIndex - Index hit for logical offset 9994: IndexEntry{logical=9900, physical=991000, timestamp=10900000, size=100, topic='TestTopic', queueId=0}
08:38:55.913 [main] DEBUG com.zephyr.storage.index.SparseIndex - Index hit for logical offset 2978: IndexEntry{logical=2900, physical=291000, timestamp=3900000, size=100, topic='TestTopic', queueId=0}
08:38:55.914 [main] DEBUG com.zephyr.storage.index.SparseIndex - Index hit for logical offset 7745: IndexEntry{logical=7700, physical=771000, timestamp=8700000, size=100, topic='TestTopic', queueId=0}
08:38:55.914 [main] DEBUG com.zephyr.storage.index.SparseIndex - Index hit for logical offset 5133: IndexEntry{logical=5100, physical=511000, timestamp=6100000, size=100, topic='TestTopic', queueId=0}
08:38:55.914 [main] DEBUG com.zephyr.storage.index.SparseIndex - Index hit for logical offset 1216: IndexEntry{logical=1200, physical=121000, timestamp=2200000, size=100, topic='TestTopic', queueId=0}
08:38:55.914 [main] DEBUG com.zephyr.storage.index.SparseIndex - Index hit for logical offset 4991: IndexEntry{logical=4900, physical=491000, timestamp=5900000, size=100, topic='TestTopic', queueId=0}
08:38:55.914 [main] DEBUG com.zephyr.storage.index.SparseIndex - Index hit for logical offset 6625: IndexEntry{logical=6600, physical=661000, timestamp=7600000, size=100, topic='TestTopic', queueId=0}
08:38:55.914 [main] DEBUG com.zephyr.storage.index.SparseIndex - Index hit for logical offset 2447: IndexEntry{logical=2400, physical=241000, timestamp=3400000, size=100, topic='TestTopic', queueId=0}
08:38:55.914 [main] DEBUG com.zephyr.storage.index.SparseIndex - Index hit for logical offset 827: IndexEntry{logical=800, physical=81000, timestamp=1800000, size=100, topic='TestTopic', queueId=0}
08:38:55.914 [main] DEBUG com.zephyr.storage.index.SparseIndex - Index hit for logical offset 9418: IndexEntry{logical=9400, physical=941000, timestamp=10400000, size=100, topic='TestTopic', queueId=0}
08:38:55.914 [main] DEBUG com.zephyr.storage.index.SparseIndex - Index hit for logical offset 1198: IndexEntry{logical=1100, physical=111000, timestamp=2100000, size=100, topic='TestTopic', queueId=0}
08:38:55.914 [main] DEBUG com.zephyr.storage.index.SparseIndex - Index hit for logical offset 4334: IndexEntry{logical=4300, physical=431000, timestamp=5300000, size=100, topic='TestTopic', queueId=0}
08:38:55.914 [main] DEBUG com.zephyr.storage.index.SparseIndex - Index hit for logical offset 4781: IndexEntry{logical=4700, physical=471000, timestamp=5700000, size=100, topic='TestTopic', queueId=0}
08:38:55.914 [main] DEBUG com.zephyr.storage.index.SparseIndex - Index hit for logical offset 9598: IndexEntry{logical=9500, physical=951000, timestamp=10500000, size=100, topic='TestTopic', queueId=0}
08:38:55.915 [main] DEBUG com.zephyr.storage.index.SparseIndex - Index hit for logical offset 9691: IndexEntry{logical=9600, physical=961000, timestamp=10600000, size=100, topic='TestTopic', queueId=0}
08:38:55.915 [main] DEBUG com.zephyr.storage.index.SparseIndex - Index hit for logical offset 6393: IndexEntry{logical=6300, physical=631000, timestamp=7300000, size=100, topic='TestTopic', queueId=0}
08:38:55.915 [main] DEBUG com.zephyr.storage.index.SparseIndex - Index hit for logical offset 3223: IndexEntry{logical=3200, physical=321000, timestamp=4200000, size=100, topic='TestTopic', queueId=0}
08:38:55.915 [main] DEBUG com.zephyr.storage.index.SparseIndex - Index hit for logical offset 3596: IndexEntry{logical=3500, physical=351000, timestamp=4500000, size=100, topic='TestTopic', queueId=0}
08:38:55.915 [main] DEBUG com.zephyr.storage.index.SparseIndex - Index hit for logical offset 9623: IndexEntry{logical=9600, physical=961000, timestamp=10600000, size=100, topic='TestTopic', queueId=0}
08:38:55.915 [main] DEBUG com.zephyr.storage.index.SparseIndex - Index hit for logical offset 8092: IndexEntry{logical=8000, physical=801000, timestamp=9000000, size=100, topic='TestTopic', queueId=0}
08:38:55.915 [main] DEBUG com.zephyr.storage.index.SparseIndex - Index hit for logical offset 4688: IndexEntry{logical=4600, physical=461000, timestamp=5600000, size=100, topic='TestTopic', queueId=0}
08:38:55.915 [main] DEBUG com.zephyr.storage.index.SparseIndex - Index hit for logical offset 754: IndexEntry{logical=700, physical=71000, timestamp=1700000, size=100, topic='TestTopic', queueId=0}
08:38:55.915 [main] DEBUG com.zephyr.storage.index.SparseIndex - Index hit for logical offset 8123: IndexEntry{logical=8100, physical=811000, timestamp=9100000, size=100, topic='TestTopic', queueId=0}
08:38:55.915 [main] DEBUG com.zephyr.storage.index.SparseIndex - Index hit for logical offset 5593: IndexEntry{logical=5500, physical=551000, timestamp=6500000, size=100, topic='TestTopic', queueId=0}
08:38:55.915 [main] DEBUG com.zephyr.storage.index.SparseIndex - Index hit for logical offset 9126: IndexEntry{logical=9100, physical=911000, timestamp=10100000, size=100, topic='TestTopic', queueId=0}
08:38:55.915 [main] DEBUG com.zephyr.storage.index.SparseIndex - Index hit for logical offset 2787: IndexEntry{logical=2700, physical=271000, timestamp=3700000, size=100, topic='TestTopic', queueId=0}
08:38:55.915 [main] DEBUG com.zephyr.storage.index.SparseIndex - Index hit for logical offset 7770: IndexEntry{logical=7700, physical=771000, timestamp=8700000, size=100, topic='TestTopic', queueId=0}
08:38:55.915 [main] DEBUG com.zephyr.storage.index.SparseIndex - Index hit for logical offset 9465: IndexEntry{logical=9400, physical=941000, timestamp=10400000, size=100, topic='TestTopic', queueId=0}
08:38:55.916 [main] DEBUG com.zephyr.storage.index.SparseIndex - Index hit for logical offset 8477: IndexEntry{logical=8400, physical=841000, timestamp=9400000, size=100, topic='TestTopic', queueId=0}
08:38:55.916 [main] DEBUG com.zephyr.storage.index.SparseIndex - Index hit for logical offset 4398: IndexEntry{logical=4300, physical=431000, timestamp=5300000, size=100, topic='TestTopic', queueId=0}
08:38:55.916 [main] DEBUG com.zephyr.storage.index.SparseIndex - Index hit for logical offset 1726: IndexEntry{logical=1700, physical=171000, timestamp=2700000, size=100, topic='TestTopic', queueId=0}
08:38:55.916 [main] DEBUG com.zephyr.storage.index.SparseIndex - Index hit for logical offset 4343: IndexEntry{logical=4300, physical=431000, timestamp=5300000, size=100, topic='TestTopic', queueId=0}
08:38:55.916 [main] DEBUG com.zephyr.storage.index.SparseIndex - Index hit for logical offset 3044: IndexEntry{logical=3000, physical=301000, timestamp=4000000, size=100, topic='TestTopic', queueId=0}
08:38:55.916 [main] DEBUG com.zephyr.storage.index.SparseIndex - Index hit for logical offset 5193: IndexEntry{logical=5100, physical=511000, timestamp=6100000, size=100, topic='TestTopic', queueId=0}
08:38:55.916 [main] DEBUG com.zephyr.storage.index.SparseIndex - Index hit for logical offset 1624: IndexEntry{logical=1600, physical=161000, timestamp=2600000, size=100, topic='TestTopic', queueId=0}
08:38:55.916 [main] DEBUG com.zephyr.storage.index.SparseIndex - Index hit for logical offset 874: IndexEntry{logical=800, physical=81000, timestamp=1800000, size=100, topic='TestTopic', queueId=0}
08:38:55.916 [main] DEBUG com.zephyr.storage.index.SparseIndex - Index hit for logical offset 4292: IndexEntry{logical=4200, physical=421000, timestamp=5200000, size=100, topic='TestTopic', queueId=0}
08:38:55.916 [main] DEBUG com.zephyr.storage.index.SparseIndex - Index hit for logical offset 6817: IndexEntry{logical=6800, physical=681000, timestamp=7800000, size=100, topic='TestTopic', queueId=0}
08:38:55.916 [main] DEBUG com.zephyr.storage.index.SparseIndex - Index hit for logical offset 9174: IndexEntry{logical=9100, physical=911000, timestamp=10100000, size=100, topic='TestTopic', queueId=0}
08:38:55.916 [main] DEBUG com.zephyr.storage.index.SparseIndex - Index hit for logical offset 3760: IndexEntry{logical=3700, physical=371000, timestamp=4700000, size=100, topic='TestTopic', queueId=0}
08:38:55.916 [main] DEBUG com.zephyr.storage.index.SparseIndex - Index hit for logical offset 9838: IndexEntry{logical=9800, physical=981000, timestamp=10800000, size=100, topic='TestTopic', queueId=0}
08:38:55.916 [main] DEBUG com.zephyr.storage.index.SparseIndex - Index hit for logical offset 6637: IndexEntry{logical=6600, physical=661000, timestamp=7600000, size=100, topic='TestTopic', queueId=0}
08:38:55.916 [main] DEBUG com.zephyr.storage.index.SparseIndex - Index hit for logical offset 7781: IndexEntry{logical=7700, physical=771000, timestamp=8700000, size=100, topic='TestTopic', queueId=0}
08:38:55.917 [main] DEBUG com.zephyr.storage.index.SparseIndex - Index hit for logical offset 3585: IndexEntry{logical=3500, physical=351000, timestamp=4500000, size=100, topic='TestTopic', queueId=0}
08:38:55.917 [main] DEBUG com.zephyr.storage.index.SparseIndex - Index hit for logical offset 4403: IndexEntry{logical=4400, physical=441000, timestamp=5400000, size=100, topic='TestTopic', queueId=0}
08:38:55.917 [main] DEBUG com.zephyr.storage.index.SparseIndex - Index hit for logical offset 2065: IndexEntry{logical=2000, physical=201000, timestamp=3000000, size=100, topic='TestTopic', queueId=0}
08:38:55.917 [main] DEBUG com.zephyr.storage.index.SparseIndex - Index hit for logical offset 3605: IndexEntry{logical=3600, physical=361000, timestamp=4600000, size=100, topic='TestTopic', queueId=0}
08:38:55.917 [main] DEBUG com.zephyr.storage.index.SparseIndex - Index hit for logical offset 4231: IndexEntry{logical=4200, physical=421000, timestamp=5200000, size=100, topic='TestTopic', queueId=0}
08:38:55.917 [main] DEBUG com.zephyr.storage.index.SparseIndex - Index hit for logical offset 1262: IndexEntry{logical=1200, physical=121000, timestamp=2200000, size=100, topic='TestTopic', queueId=0}
08:38:55.917 [main] DEBUG com.zephyr.storage.index.SparseIndex - Index hit for logical offset 7643: IndexEntry{logical=7600, physical=761000, timestamp=8600000, size=100, topic='TestTopic', queueId=0}
08:38:55.917 [main] DEBUG com.zephyr.storage.index.SparseIndex - Index hit for logical offset 6429: IndexEntry{logical=6400, physical=641000, timestamp=7400000, size=100, topic='TestTopic', queueId=0}
08:38:55.917 [main] DEBUG com.zephyr.storage.index.SparseIndex - Index hit for logical offset 2190: IndexEntry{logical=2100, physical=211000, timestamp=3100000, size=100, topic='TestTopic', queueId=0}
08:38:55.917 [main] DEBUG com.zephyr.storage.index.SparseIndex - Index hit for logical offset 2351: IndexEntry{logical=2300, physical=231000, timestamp=3300000, size=100, topic='TestTopic', queueId=0}
08:38:55.917 [main] DEBUG com.zephyr.storage.index.SparseIndex - Index hit for logical offset 421: IndexEntry{logical=400, physical=41000, timestamp=1400000, size=100, topic='TestTopic', queueId=0}
08:38:55.917 [main] DEBUG com.zephyr.storage.index.SparseIndex - Index hit for logical offset 9483: IndexEntry{logical=9400, physical=941000, timestamp=10400000, size=100, topic='TestTopic', queueId=0}
08:38:55.917 [main] DEBUG com.zephyr.storage.index.SparseIndex - Index hit for logical offset 8806: IndexEntry{logical=8800, physical=881000, timestamp=9800000, size=100, topic='TestTopic', queueId=0}
08:38:55.917 [main] DEBUG com.zephyr.storage.index.SparseIndex - Index hit for logical offset 1604: IndexEntry{logical=1600, physical=161000, timestamp=2600000, size=100, topic='TestTopic', queueId=0}
08:38:55.917 [main] DEBUG com.zephyr.storage.index.SparseIndex - Index hit for logical offset 7796: IndexEntry{logical=7700, physical=771000, timestamp=8700000, size=100, topic='TestTopic', queueId=0}
08:38:55.918 [main] DEBUG com.zephyr.storage.index.SparseIndex - Index hit for logical offset 3908: IndexEntry{logical=3900, physical=391000, timestamp=4900000, size=100, topic='TestTopic', queueId=0}
08:38:55.918 [main] DEBUG com.zephyr.storage.index.SparseIndex - Index hit for logical offset 1620: IndexEntry{logical=1600, physical=161000, timestamp=2600000, size=100, topic='TestTopic', queueId=0}
08:38:55.918 [main] DEBUG com.zephyr.storage.index.SparseIndex - Index hit for logical offset 5300: IndexEntry{logical=5300, physical=531000, timestamp=6300000, size=100, topic='TestTopic', queueId=0}
08:38:55.918 [main] DEBUG com.zephyr.storage.index.SparseIndex - Index hit for logical offset 6015: IndexEntry{logical=6000, physical=601000, timestamp=7000000, size=100, topic='TestTopic', queueId=0}
08:38:55.918 [main] DEBUG com.zephyr.storage.index.SparseIndex - Index hit for logical offset 7977: IndexEntry{logical=7900, physical=791000, timestamp=8900000, size=100, topic='TestTopic', queueId=0}
08:38:55.918 [main] DEBUG com.zephyr.storage.index.SparseIndex - Index hit for logical offset 6344: IndexEntry{logical=6300, physical=631000, timestamp=7300000, size=100, topic='TestTopic', queueId=0}
08:38:55.918 [main] DEBUG com.zephyr.storage.index.SparseIndex - Index hit for logical offset 5280: IndexEntry{logical=5200, physical=521000, timestamp=6200000, size=100, topic='TestTopic', queueId=0}
08:38:55.918 [main] DEBUG com.zephyr.storage.index.SparseIndex - Index hit for logical offset 6814: IndexEntry{logical=6800, physical=681000, timestamp=7800000, size=100, topic='TestTopic', queueId=0}
08:38:55.918 [main] DEBUG com.zephyr.storage.index.SparseIndex - Index hit for logical offset 3333: IndexEntry{logical=3300, physical=331000, timestamp=4300000, size=100, topic='TestTopic', queueId=0}
08:38:55.918 [main] DEBUG com.zephyr.storage.index.SparseIndex - Index hit for logical offset 6737: IndexEntry{logical=6700, physical=671000, timestamp=7700000, size=100, topic='TestTopic', queueId=0}
08:38:55.918 [main] DEBUG com.zephyr.storage.index.SparseIndex - Index hit for logical offset 5709: IndexEntry{logical=5700, physical=571000, timestamp=6700000, size=100, topic='TestTopic', queueId=0}
08:38:55.918 [main] DEBUG com.zephyr.storage.index.SparseIndex - Index hit for logical offset 4318: IndexEntry{logical=4300, physical=431000, timestamp=5300000, size=100, topic='TestTopic', queueId=0}
08:38:55.918 [main] DEBUG com.zephyr.storage.index.SparseIndex - Index hit for logical offset 568: IndexEntry{logical=500, physical=51000, timestamp=1500000, size=100, topic='TestTopic', queueId=0}
08:38:55.918 [main] DEBUG com.zephyr.storage.index.SparseIndex - Index hit for logical offset 5676: IndexEntry{logical=5600, physical=561000, timestamp=6600000, size=100, topic='TestTopic', queueId=0}
08:38:55.918 [main] DEBUG com.zephyr.storage.index.SparseIndex - Index hit for logical offset 1739: IndexEntry{logical=1700, physical=171000, timestamp=2700000, size=100, topic='TestTopic', queueId=0}
08:38:55.918 [main] DEBUG com.zephyr.storage.index.SparseIndex - Index hit for logical offset 4235: IndexEntry{logical=4200, physical=421000, timestamp=5200000, size=100, topic='TestTopic', queueId=0}
08:38:55.918 [main] DEBUG com.zephyr.storage.index.SparseIndex - Index hit for logical offset 4243: IndexEntry{logical=4200, physical=421000, timestamp=5200000, size=100, topic='TestTopic', queueId=0}
08:38:55.918 [main] DEBUG com.zephyr.storage.index.SparseIndex - Index hit for logical offset 7026: IndexEntry{logical=7000, physical=701000, timestamp=8000000, size=100, topic='TestTopic', queueId=0}
08:38:55.919 [main] DEBUG com.zephyr.storage.index.SparseIndex - Index hit for logical offset 8926: IndexEntry{logical=8900, physical=891000, timestamp=9900000, size=100, topic='TestTopic', queueId=0}
08:38:55.919 [main] DEBUG com.zephyr.storage.index.SparseIndex - Index hit for logical offset 2634: IndexEntry{logical=2600, physical=261000, timestamp=3600000, size=100, topic='TestTopic', queueId=0}
08:38:55.919 [main] DEBUG com.zephyr.storage.index.SparseIndex - Index hit for logical offset 3114: IndexEntry{logical=3100, physical=311000, timestamp=4100000, size=100, topic='TestTopic', queueId=0}
08:38:55.919 [main] DEBUG com.zephyr.storage.index.SparseIndex - Index hit for logical offset 4603: IndexEntry{logical=4600, physical=461000, timestamp=5600000, size=100, topic='TestTopic', queueId=0}
08:38:55.919 [main] DEBUG com.zephyr.storage.index.SparseIndex - Index hit for logical offset 5512: IndexEntry{logical=5500, physical=551000, timestamp=6500000, size=100, topic='TestTopic', queueId=0}
08:38:55.919 [main] DEBUG com.zephyr.storage.index.SparseIndex - Index hit for logical offset 2142: IndexEntry{logical=2100, physical=211000, timestamp=3100000, size=100, topic='TestTopic', queueId=0}
08:38:55.919 [main] DEBUG com.zephyr.storage.index.SparseIndex - Index hit for logical offset 4765: IndexEntry{logical=4700, physical=471000, timestamp=5700000, size=100, topic='TestTopic', queueId=0}
08:38:55.919 [main] DEBUG com.zephyr.storage.index.SparseIndex - Index hit for logical offset 1457: IndexEntry{logical=1400, physical=141000, timestamp=2400000, size=100, topic='TestTopic', queueId=0}
08:38:55.919 [main] DEBUG com.zephyr.storage.index.SparseIndex - Index hit for logical offset 5800: IndexEntry{logical=5800, physical=581000, timestamp=6800000, size=100, topic='TestTopic', queueId=0}
08:38:55.919 [main] DEBUG com.zephyr.storage.index.SparseIndex - Index hit for logical offset 9280: IndexEntry{logical=9200, physical=921000, timestamp=10200000, size=100, topic='TestTopic', queueId=0}
08:38:55.919 [main] DEBUG com.zephyr.storage.index.SparseIndex - Index hit for logical offset 5104: IndexEntry{logical=5100, physical=511000, timestamp=6100000, size=100, topic='TestTopic', queueId=0}
08:38:55.919 [main] DEBUG com.zephyr.storage.index.SparseIndex - Index hit for logical offset 9992: IndexEntry{logical=9900, physical=991000, timestamp=10900000, size=100, topic='TestTopic', queueId=0}
08:38:55.919 [main] DEBUG com.zephyr.storage.index.SparseIndex - Index hit for logical offset 1787: IndexEntry{logical=1700, physical=171000, timestamp=2700000, size=100, topic='TestTopic', queueId=0}
08:38:55.919 [main] DEBUG com.zephyr.storage.index.SparseIndex - Index hit for logical offset 7826: IndexEntry{logical=7800, physical=781000, timestamp=8800000, size=100, topic='TestTopic', queueId=0}
08:38:55.920 [main] DEBUG com.zephyr.storage.index.SparseIndex - Index hit for logical offset 2266: IndexEntry{logical=2200, physical=221000, timestamp=3200000, size=100, topic='TestTopic', queueId=0}
08:38:55.920 [main] DEBUG com.zephyr.storage.index.SparseIndex - Index hit for logical offset 1024: IndexEntry{logical=1000, physical=101000, timestamp=2000000, size=100, topic='TestTopic', queueId=0}
08:38:55.920 [main] DEBUG com.zephyr.storage.index.SparseIndex - Index hit for logical offset 1909: IndexEntry{logical=1900, physical=191000, timestamp=2900000, size=100, topic='TestTopic', queueId=0}
08:38:55.920 [main] DEBUG com.zephyr.storage.index.SparseIndex - Index hit for logical offset 9594: IndexEntry{logical=9500, physical=951000, timestamp=10500000, size=100, topic='TestTopic', queueId=0}
08:38:55.920 [main] DEBUG com.zephyr.storage.index.SparseIndex - Index hit for logical offset 1327: IndexEntry{logical=1300, physical=131000, timestamp=2300000, size=100, topic='TestTopic', queueId=0}
08:38:55.920 [main] DEBUG com.zephyr.storage.index.SparseIndex - Index hit for logical offset 7774: IndexEntry{logical=7700, physical=771000, timestamp=8700000, size=100, topic='TestTopic', queueId=0}
08:38:55.920 [main] DEBUG com.zephyr.storage.index.SparseIndex - Index hit for logical offset 327: IndexEntry{logical=300, physical=31000, timestamp=1300000, size=100, topic='TestTopic', queueId=0}
08:38:55.920 [main] DEBUG com.zephyr.storage.index.SparseIndex - Index hit for logical offset 5819: IndexEntry{logical=5800, physical=581000, timestamp=6800000, size=100, topic='TestTopic', queueId=0}
08:38:55.920 [main] DEBUG com.zephyr.storage.index.SparseIndex - Index hit for logical offset 964: IndexEntry{logical=900, physical=91000, timestamp=1900000, size=100, topic='TestTopic', queueId=0}
08:38:55.920 [main] DEBUG com.zephyr.storage.index.SparseIndex - Index hit for logical offset 9019: IndexEntry{logical=9000, physical=901000, timestamp=10000000, size=100, topic='TestTopic', queueId=0}
08:38:55.920 [main] DEBUG com.zephyr.storage.index.SparseIndex - Index hit for logical offset 7520: IndexEntry{logical=7500, physical=751000, timestamp=8500000, size=100, topic='TestTopic', queueId=0}
08:38:55.920 [main] DEBUG com.zephyr.storage.index.SparseIndex - Index hit for logical offset 9463: IndexEntry{logical=9400, physical=941000, timestamp=10400000, size=100, topic='TestTopic', queueId=0}
08:38:55.921 [main] DEBUG com.zephyr.storage.index.SparseIndex - Index hit for logical offset 5672: IndexEntry{logical=5600, physical=561000, timestamp=6600000, size=100, topic='TestTopic', queueId=0}
08:38:55.921 [main] DEBUG com.zephyr.storage.index.SparseIndex - Index hit for logical offset 4128: IndexEntry{logical=4100, physical=411000, timestamp=5100000, size=100, topic='TestTopic', queueId=0}
08:38:55.921 [main] DEBUG com.zephyr.storage.index.SparseIndex - Index hit for logical offset 3114: IndexEntry{logical=3100, physical=311000, timestamp=4100000, size=100, topic='TestTopic', queueId=0}
08:38:55.921 [main] DEBUG com.zephyr.storage.index.SparseIndex - Index hit for logical offset 1195: IndexEntry{logical=1100, physical=111000, timestamp=2100000, size=100, topic='TestTopic', queueId=0}
08:38:55.921 [main] DEBUG com.zephyr.storage.index.SparseIndex - Index hit for logical offset 7485: IndexEntry{logical=7400, physical=741000, timestamp=8400000, size=100, topic='TestTopic', queueId=0}
08:38:55.921 [main] DEBUG com.zephyr.storage.index.SparseIndex - Index hit for logical offset 1575: IndexEntry{logical=1500, physical=151000, timestamp=2500000, size=100, topic='TestTopic', queueId=0}
08:38:55.921 [main] DEBUG com.zephyr.storage.index.SparseIndex - Index hit for logical offset 4872: IndexEntry{logical=4800, physical=481000, timestamp=5800000, size=100, topic='TestTopic', queueId=0}
08:38:55.921 [main] DEBUG com.zephyr.storage.index.SparseIndex - Index hit for logical offset 9510: IndexEntry{logical=9500, physical=951000, timestamp=10500000, size=100, topic='TestTopic', queueId=0}
08:38:55.921 [main] DEBUG com.zephyr.storage.index.SparseIndex - Index hit for logical offset 9303: IndexEntry{logical=9300, physical=931000, timestamp=10300000, size=100, topic='TestTopic', queueId=0}
08:38:55.921 [main] DEBUG com.zephyr.storage.index.SparseIndex - Index hit for logical offset 1644: IndexEntry{logical=1600, physical=161000, timestamp=2600000, size=100, topic='TestTopic', queueId=0}
08:38:55.921 [main] DEBUG com.zephyr.storage.index.SparseIndex - Index hit for logical offset 3543: IndexEntry{logical=3500, physical=351000, timestamp=4500000, size=100, topic='TestTopic', queueId=0}
08:38:55.921 [main] DEBUG com.zephyr.storage.index.SparseIndex - Index hit for logical offset 8566: IndexEntry{logical=8500, physical=851000, timestamp=9500000, size=100, topic='TestTopic', queueId=0}
08:38:55.921 [main] DEBUG com.zephyr.storage.index.SparseIndex - Index hit for logical offset 7829: IndexEntry{logical=7800, physical=781000, timestamp=8800000, size=100, topic='TestTopic', queueId=0}
08:38:55.921 [main] DEBUG com.zephyr.storage.index.SparseIndex - Index hit for logical offset 3522: IndexEntry{logical=3500, physical=351000, timestamp=4500000, size=100, topic='TestTopic', queueId=0}
08:38:55.922 [main] DEBUG com.zephyr.storage.index.SparseIndex - Index hit for logical offset 1878: IndexEntry{logical=1800, physical=181000, timestamp=2800000, size=100, topic='TestTopic', queueId=0}
08:38:55.922 [main] DEBUG com.zephyr.storage.index.SparseIndex - Index hit for logical offset 5619: IndexEntry{logical=5600, physical=561000, timestamp=6600000, size=100, topic='TestTopic', queueId=0}
08:38:55.922 [main] DEBUG com.zephyr.storage.index.SparseIndex - Index hit for logical offset 7924: IndexEntry{logical=7900, physical=791000, timestamp=8900000, size=100, topic='TestTopic', queueId=0}
08:38:55.922 [main] DEBUG com.zephyr.storage.index.SparseIndex - Index hit for logical offset 6749: IndexEntry{logical=6700, physical=671000, timestamp=7700000, size=100, topic='TestTopic', queueId=0}
08:38:55.922 [main] DEBUG com.zephyr.storage.index.SparseIndex - Index hit for logical offset 7542: IndexEntry{logical=7500, physical=751000, timestamp=8500000, size=100, topic='TestTopic', queueId=0}
08:38:55.922 [main] DEBUG com.zephyr.storage.index.SparseIndex - Index hit for logical offset 3679: IndexEntry{logical=3600, physical=361000, timestamp=4600000, size=100, topic='TestTopic', queueId=0}
08:38:55.922 [main] DEBUG com.zephyr.storage.index.SparseIndex - Index hit for logical offset 1737: IndexEntry{logical=1700, physical=171000, timestamp=2700000, size=100, topic='TestTopic', queueId=0}
08:38:55.922 [main] DEBUG com.zephyr.storage.index.SparseIndex - Index hit for logical offset 7077: IndexEntry{logical=7000, physical=701000, timestamp=8000000, size=100, topic='TestTopic', queueId=0}
08:38:55.922 [main] DEBUG com.zephyr.storage.index.SparseIndex - Index hit for logical offset 3866: IndexEntry{logical=3800, physical=381000, timestamp=4800000, size=100, topic='TestTopic', queueId=0}
08:38:55.922 [main] DEBUG com.zephyr.storage.index.SparseIndex - Index hit for logical offset 3958: IndexEntry{logical=3900, physical=391000, timestamp=4900000, size=100, topic='TestTopic', queueId=0}
08:38:55.922 [main] DEBUG com.zephyr.storage.index.SparseIndex - Index hit for logical offset 5356: IndexEntry{logical=5300, physical=531000, timestamp=6300000, size=100, topic='TestTopic', queueId=0}
08:38:55.922 [main] DEBUG com.zephyr.storage.index.SparseIndex - Index hit for logical offset 7186: IndexEntry{logical=7100, physical=711000, timestamp=8100000, size=100, topic='TestTopic', queueId=0}
08:38:55.922 [main] DEBUG com.zephyr.storage.index.SparseIndex - Index hit for logical offset 9449: IndexEntry{logical=9400, physical=941000, timestamp=10400000, size=100, topic='TestTopic', queueId=0}
08:38:55.922 [main] DEBUG com.zephyr.storage.index.SparseIndex - Index hit for logical offset 7024: IndexEntry{logical=7000, physical=701000, timestamp=8000000, size=100, topic='TestTopic', queueId=0}
08:38:55.922 [main] DEBUG com.zephyr.storage.index.SparseIndex - Index hit for logical offset 2923: IndexEntry{logical=2900, physical=291000, timestamp=3900000, size=100, topic='TestTopic', queueId=0}
08:38:55.922 [main] DEBUG com.zephyr.storage.index.SparseIndex - Index hit for logical offset 3437: IndexEntry{logical=3400, physical=341000, timestamp=4400000, size=100, topic='TestTopic', queueId=0}
08:38:55.923 [main] DEBUG com.zephyr.storage.index.SparseIndex - Index hit for logical offset 7438: IndexEntry{logical=7400, physical=741000, timestamp=8400000, size=100, topic='TestTopic', queueId=0}
08:38:55.923 [main] DEBUG com.zephyr.storage.index.SparseIndex - Index hit for logical offset 1160: IndexEntry{logical=1100, physical=111000, timestamp=2100000, size=100, topic='TestTopic', queueId=0}
08:38:55.923 [main] DEBUG com.zephyr.storage.index.SparseIndex - Index hit for logical offset 3170: IndexEntry{logical=3100, physical=311000, timestamp=4100000, size=100, topic='TestTopic', queueId=0}
08:38:55.923 [main] DEBUG com.zephyr.storage.index.SparseIndex - Index hit for logical offset 840: IndexEntry{logical=800, physical=81000, timestamp=1800000, size=100, topic='TestTopic', queueId=0}
08:38:55.923 [main] DEBUG com.zephyr.storage.index.SparseIndex - Index hit for logical offset 8016: IndexEntry{logical=8000, physical=801000, timestamp=9000000, size=100, topic='TestTopic', queueId=0}
08:38:55.923 [main] DEBUG com.zephyr.storage.index.SparseIndex - Index hit for logical offset 1386: IndexEntry{logical=1300, physical=131000, timestamp=2300000, size=100, topic='TestTopic', queueId=0}
08:38:55.923 [main] DEBUG com.zephyr.storage.index.SparseIndex - Index hit for logical offset 6153: IndexEntry{logical=6100, physical=611000, timestamp=7100000, size=100, topic='TestTopic', queueId=0}
08:38:55.923 [main] DEBUG com.zephyr.storage.index.SparseIndex - Index hit for logical offset 9784: IndexEntry{logical=9700, physical=971000, timestamp=10700000, size=100, topic='TestTopic', queueId=0}
08:38:55.923 [main] DEBUG com.zephyr.storage.index.SparseIndex - Index hit for logical offset 3074: IndexEntry{logical=3000, physical=301000, timestamp=4000000, size=100, topic='TestTopic', queueId=0}
08:38:55.923 [main] DEBUG com.zephyr.storage.index.SparseIndex - Index hit for logical offset 2836: IndexEntry{logical=2800, physical=281000, timestamp=3800000, size=100, topic='TestTopic', queueId=0}
08:38:55.923 [main] DEBUG com.zephyr.storage.index.SparseIndex - Index hit for logical offset 8585: IndexEntry{logical=8500, physical=851000, timestamp=9500000, size=100, topic='TestTopic', queueId=0}
08:38:55.923 [main] DEBUG com.zephyr.storage.index.SparseIndex - Index hit for logical offset 9693: IndexEntry{logical=9600, physical=961000, timestamp=10600000, size=100, topic='TestTopic', queueId=0}
08:38:55.923 [main] DEBUG com.zephyr.storage.index.SparseIndex - Index hit for logical offset 373: IndexEntry{logical=300, physical=31000, timestamp=1300000, size=100, topic='TestTopic', queueId=0}
08:38:55.923 [main] DEBUG com.zephyr.storage.index.SparseIndex - Index hit for logical offset 7731: IndexEntry{logical=7700, physical=771000, timestamp=8700000, size=100, topic='TestTopic', queueId=0}
08:38:55.923 [main] DEBUG com.zephyr.storage.index.SparseIndex - Index hit for logical offset 4648: IndexEntry{logical=4600, physical=461000, timestamp=5600000, size=100, topic='TestTopic', queueId=0}
08:38:55.923 [main] DEBUG com.zephyr.storage.index.SparseIndex - Index hit for logical offset 6763: IndexEntry{logical=6700, physical=671000, timestamp=7700000, size=100, topic='TestTopic', queueId=0}
08:38:55.924 [main] DEBUG com.zephyr.storage.index.SparseIndex - Index hit for logical offset 5554: IndexEntry{logical=5500, physical=551000, timestamp=6500000, size=100, topic='TestTopic', queueId=0}
08:38:55.924 [main] DEBUG com.zephyr.storage.index.SparseIndex - Index hit for logical offset 6074: IndexEntry{logical=6000, physical=601000, timestamp=7000000, size=100, topic='TestTopic', queueId=0}
08:38:55.924 [main] DEBUG com.zephyr.storage.index.SparseIndex - Index hit for logical offset 5368: IndexEntry{logical=5300, physical=531000, timestamp=6300000, size=100, topic='TestTopic', queueId=0}
08:38:55.924 [main] DEBUG com.zephyr.storage.index.SparseIndex - Index hit for logical offset 5202: IndexEntry{logical=5200, physical=521000, timestamp=6200000, size=100, topic='TestTopic', queueId=0}
08:38:55.924 [main] DEBUG com.zephyr.storage.index.SparseIndex - Index hit for logical offset 4321: IndexEntry{logical=4300, physical=431000, timestamp=5300000, size=100, topic='TestTopic', queueId=0}
08:38:55.924 [main] DEBUG com.zephyr.storage.index.SparseIndex - Index hit for logical offset 6357: IndexEntry{logical=6300, physical=631000, timestamp=7300000, size=100, topic='TestTopic', queueId=0}
08:38:55.924 [main] DEBUG com.zephyr.storage.index.SparseIndex - Index hit for logical offset 3786: IndexEntry{logical=3700, physical=371000, timestamp=4700000, size=100, topic='TestTopic', queueId=0}
08:38:55.924 [main] DEBUG com.zephyr.storage.index.SparseIndex - Index hit for logical offset 3960: IndexEntry{logical=3900, physical=391000, timestamp=4900000, size=100, topic='TestTopic', queueId=0}
08:38:55.924 [main] DEBUG com.zephyr.storage.index.SparseIndex - Index hit for logical offset 3822: IndexEntry{logical=3800, physical=381000, timestamp=4800000, size=100, topic='TestTopic', queueId=0}
08:38:55.924 [main] DEBUG com.zephyr.storage.index.SparseIndex - Index hit for logical offset 4088: IndexEntry{logical=4000, physical=401000, timestamp=5000000, size=100, topic='TestTopic', queueId=0}
08:38:55.924 [main] DEBUG com.zephyr.storage.index.SparseIndex - Index hit for logical offset 4956: IndexEntry{logical=4900, physical=491000, timestamp=5900000, size=100, topic='TestTopic', queueId=0}
08:38:55.924 [main] DEBUG com.zephyr.storage.index.SparseIndex - Index hit for logical offset 3889: IndexEntry{logical=3800, physical=381000, timestamp=4800000, size=100, topic='TestTopic', queueId=0}
08:38:55.924 [main] DEBUG com.zephyr.storage.index.SparseIndex - Index hit for logical offset 1790: IndexEntry{logical=1700, physical=171000, timestamp=2700000, size=100, topic='TestTopic', queueId=0}
08:38:55.924 [main] DEBUG com.zephyr.storage.index.SparseIndex - Index hit for logical offset 2716: IndexEntry{logical=2700, physical=271000, timestamp=3700000, size=100, topic='TestTopic', queueId=0}
08:38:55.924 [main] DEBUG com.zephyr.storage.index.SparseIndex - Index hit for logical offset 9581: IndexEntry{logical=9500, physical=951000, timestamp=10500000, size=100, topic='TestTopic', queueId=0}
08:38:55.924 [main] DEBUG com.zephyr.storage.index.SparseIndex - Index hit for logical offset 3420: IndexEntry{logical=3400, physical=341000, timestamp=4400000, size=100, topic='TestTopic', queueId=0}
08:38:55.924 [main] DEBUG com.zephyr.storage.index.SparseIndex - Index hit for logical offset 4387: IndexEntry{logical=4300, physical=431000, timestamp=5300000, size=100, topic='TestTopic', queueId=0}
08:38:55.925 [main] DEBUG com.zephyr.storage.index.SparseIndex - Index hit for logical offset 3695: IndexEntry{logical=3600, physical=361000, timestamp=4600000, size=100, topic='TestTopic', queueId=0}
08:38:55.925 [main] DEBUG com.zephyr.storage.index.SparseIndex - Index hit for logical offset 7535: IndexEntry{logical=7500, physical=751000, timestamp=8500000, size=100, topic='TestTopic', queueId=0}
08:38:55.925 [main] DEBUG com.zephyr.storage.index.SparseIndex - Index hit for logical offset 4428: IndexEntry{logical=4400, physical=441000, timestamp=5400000, size=100, topic='TestTopic', queueId=0}
08:38:55.925 [main] DEBUG com.zephyr.storage.index.SparseIndex - Index hit for logical offset 8828: IndexEntry{logical=8800, physical=881000, timestamp=9800000, size=100, topic='TestTopic', queueId=0}
08:38:55.925 [main] DEBUG com.zephyr.storage.index.SparseIndex - Index hit for logical offset 9824: IndexEntry{logical=9800, physical=981000, timestamp=10800000, size=100, topic='TestTopic', queueId=0}
08:38:55.925 [main] DEBUG com.zephyr.storage.index.SparseIndex - Index hit for logical offset 2909: IndexEntry{logical=2900, physical=291000, timestamp=3900000, size=100, topic='TestTopic', queueId=0}
08:38:55.925 [main] DEBUG com.zephyr.storage.index.SparseIndex - Index hit for logical offset 3754: IndexEntry{logical=3700, physical=371000, timestamp=4700000, size=100, topic='TestTopic', queueId=0}
08:38:55.925 [main] DEBUG com.zephyr.storage.index.SparseIndex - Index hit for logical offset 4860: IndexEntry{logical=4800, physical=481000, timestamp=5800000, size=100, topic='TestTopic', queueId=0}
08:38:55.925 [main] DEBUG com.zephyr.storage.index.SparseIndex - Index hit for logical offset 8765: IndexEntry{logical=8700, physical=871000, timestamp=9700000, size=100, topic='TestTopic', queueId=0}
08:38:55.926 [main] DEBUG com.zephyr.storage.index.SparseIndex - Index hit for logical offset 5290: IndexEntry{logical=5200, physical=521000, timestamp=6200000, size=100, topic='TestTopic', queueId=0}
08:38:55.926 [main] DEBUG com.zephyr.storage.index.SparseIndex - Index hit for logical offset 22: IndexEntry{logical=0, physical=1000, timestamp=1000000, size=100, topic='TestTopic', queueId=0}
08:38:55.926 [main] DEBUG com.zephyr.storage.index.SparseIndex - Index hit for logical offset 9962: IndexEntry{logical=9900, physical=991000, timestamp=10900000, size=100, topic='TestTopic', queueId=0}
08:38:55.926 [main] DEBUG com.zephyr.storage.index.SparseIndex - Index hit for logical offset 1679: IndexEntry{logical=1600, physical=161000, timestamp=2600000, size=100, topic='TestTopic', queueId=0}
08:38:55.926 [main] DEBUG com.zephyr.storage.index.SparseIndex - Index hit for logical offset 2975: IndexEntry{logical=2900, physical=291000, timestamp=3900000, size=100, topic='TestTopic', queueId=0}
08:38:55.926 [main] DEBUG com.zephyr.storage.index.SparseIndex - Index hit for logical offset 9858: IndexEntry{logical=9800, physical=981000, timestamp=10800000, size=100, topic='TestTopic', queueId=0}
08:38:55.926 [main] DEBUG com.zephyr.storage.index.SparseIndex - Index hit for logical offset 6723: IndexEntry{logical=6700, physical=671000, timestamp=7700000, size=100, topic='TestTopic', queueId=0}
08:38:55.926 [main] DEBUG com.zephyr.storage.index.SparseIndex - Index hit for logical offset 5321: IndexEntry{logical=5300, physical=531000, timestamp=6300000, size=100, topic='TestTopic', queueId=0}
08:38:55.926 [main] DEBUG com.zephyr.storage.index.SparseIndex - Index hit for logical offset 2568: IndexEntry{logical=2500, physical=251000, timestamp=3500000, size=100, topic='TestTopic', queueId=0}
08:38:55.926 [main] DEBUG com.zephyr.storage.index.SparseIndex - Index hit for logical offset 2358: IndexEntry{logical=2300, physical=231000, timestamp=3300000, size=100, topic='TestTopic', queueId=0}
08:38:55.926 [main] DEBUG com.zephyr.storage.index.SparseIndex - Index hit for logical offset 7285: IndexEntry{logical=7200, physical=721000, timestamp=8200000, size=100, topic='TestTopic', queueId=0}
08:38:55.926 [main] DEBUG com.zephyr.storage.index.SparseIndex - Index hit for logical offset 4579: IndexEntry{logical=4500, physical=451000, timestamp=5500000, size=100, topic='TestTopic', queueId=0}
08:38:55.926 [main] DEBUG com.zephyr.storage.index.SparseIndex - Index hit for logical offset 5970: IndexEntry{logical=5900, physical=591000, timestamp=6900000, size=100, topic='TestTopic', queueId=0}
08:38:55.926 [main] DEBUG com.zephyr.storage.index.SparseIndex - Index hit for logical offset 5800: IndexEntry{logical=5800, physical=581000, timestamp=6800000, size=100, topic='TestTopic', queueId=0}
08:38:55.926 [main] DEBUG com.zephyr.storage.index.SparseIndex - Index hit for logical offset 8951: IndexEntry{logical=8900, physical=891000, timestamp=9900000, size=100, topic='TestTopic', queueId=0}
08:38:55.926 [main] DEBUG com.zephyr.storage.index.SparseIndex - Index hit for logical offset 6451: IndexEntry{logical=6400, physical=641000, timestamp=7400000, size=100, topic='TestTopic', queueId=0}
08:38:55.926 [main] DEBUG com.zephyr.storage.index.SparseIndex - Index hit for logical offset 167: IndexEntry{logical=100, physical=11000, timestamp=1100000, size=100, topic='TestTopic', queueId=0}
08:38:55.927 [main] DEBUG com.zephyr.storage.index.SparseIndex - Index hit for logical offset 5927: IndexEntry{logical=5900, physical=591000, timestamp=6900000, size=100, topic='TestTopic', queueId=0}
08:38:55.927 [main] DEBUG com.zephyr.storage.index.SparseIndex - Index hit for logical offset 7124: IndexEntry{logical=7100, physical=711000, timestamp=8100000, size=100, topic='TestTopic', queueId=0}
08:38:55.927 [main] DEBUG com.zephyr.storage.index.SparseIndex - Index hit for logical offset 5787: IndexEntry{logical=5700, physical=571000, timestamp=6700000, size=100, topic='TestTopic', queueId=0}
08:38:55.927 [main] DEBUG com.zephyr.storage.index.SparseIndex - Index hit for logical offset 7425: IndexEntry{logical=7400, physical=741000, timestamp=8400000, size=100, topic='TestTopic', queueId=0}
08:38:55.927 [main] DEBUG com.zephyr.storage.index.SparseIndex - Index hit for logical offset 900: IndexEntry{logical=900, physical=91000, timestamp=1900000, size=100, topic='TestTopic', queueId=0}
[...]
08:38:55.945 [main] DEBUG com.zephyr.storage.index.SparseIndex - Index hit for logical offset 7089: IndexEntry{logical=7000, physical=701000, timestamp=8000000, size=100, topic='TestTopic', queueId=0}
08:38:55.945 [main] DEBUG com.zephyr.storage.index.SparseIndex - Index hit for logical offset 6982: IndexEntry{logical=6900, physical=691000, timestamp=7900000, size=100, topic='TestTopic', queueId=0}
08:38:55.945 [main] DEBUG com.zephyr.storage.index.SparseIndex - Index hit for logical offset 8873: IndexEntry{logical=8800, physical=881000, timestamp=9800000, size=100, topic='TestTopic', queueId=0}
08:38:55.945 [main] DEBUG com.zephyr.storage.index.SparseIndex - Index hit for logical offset 3063: IndexEntry{logical=3000, physical=301000, timestamp=4000000, size=100, topic='TestTopic', queueId=0}
08:38:55.945 [main] DEBUG com.zephyr.storage.index.SparseIndex - Index hit for logical offset 6166: IndexEntry{logical=6100, physical=611000, timestamp=7100000, size=100, topic='TestTopic', queueId=0}
08:38:55.945 [main] DEBUG com.zephyr.storage.index.SparseIndex - Index hit for logical offset 6576: IndexEntry{logical=6500, physical=651000, timestamp=7500000, size=100, topic='TestTopic', queueId=0}
08:38:55.945 [main] DEBUG com.zephyr.storage.index.SparseIndex - Index hit for logical offset 3525: IndexEntry{logical=3500, physical=351000, timestamp=4500000, size=100, topic='TestTopic', queueId=0}
08:38:55.945 [main] DEBUG com.zephyr.storage.index.SparseIndex - Index hit for logical offset 9946: IndexEntry{logical=9900, physical=991000, timestamp=10900000, size=100, topic='TestTopic', queueId=0}
08:38:55.945 [main] DEBUG com.zephyr.storage.index.SparseIndex - Index hit for logical offset 4106: IndexEntry{logical=4100, physical=411000, timestamp=5100000, size=100, topic='TestTopic', queueId=0}
08:38:55.945 [main] DEBUG com.zephyr.storage.index.SparseIndex - Index hit for logical offset 1135: IndexEntry{logical=1100, physical=111000, timestamp=2100000, size=100, topic='TestTopic', queueId=0}
08:38:55.945 [main] DEBUG com.zephyr.storage.index.SparseIndex - Index hit for logical offset 6222: IndexEntry{logical=6200, physical=621000, timestamp=7200000, size=100, topic='TestTopic', queueId=0}
08:38:55.945 [main] DEBUG com.zephyr.storage.index.SparseIndex - Index hit for logical offset 7563: IndexEntry{logical=7500, physical=751000, timestamp=8500000, size=100, topic='TestTopic', queueId=0}
08:38:55.945 [main] DEBUG com.zephyr.storage.index.SparseIndex - Index hit for logical offset 2404: IndexEntry{logical=2400, physical=241000, timestamp=3400000, size=100, topic='TestTopic', queueId=0}
08:38:55.945 [main] DEBUG com.zephyr.storage.index.SparseIndex - Index hit for logical offset 6486: IndexEntry{logical=6400, physical=641000, timestamp=7400000, size=100, topic='TestTopic', queueId=0}
08:38:55.945 [main] DEBUG com.zephyr.storage.index.SparseIndex - Index hit for logical offset 303: IndexEntry{logical=300, physical=31000, timestamp=1300000, size=100, topic='TestTopic', queueId=0}
08:38:55.945 [main] DEBUG com.zephyr.storage.index.SparseIndex - Index hit for logical offset 861: IndexEntry{logical=800, physical=81000, timestamp=1800000, size=100, topic='TestTopic', queueId=0}
08:38:55.945 [main] DEBUG com.zephyr.storage.index.SparseIndex - Index hit for logical offset 5447: IndexEntry{logical=5400, physical=541000, timestamp=6400000, size=100, topic='TestTopic', queueId=0}
08:38:55.945 [main] DEBUG com.zephyr.storage.index.SparseIndex - Index hit for logical offset 61: IndexEntry{logical=0, physical=1000, timestamp=1000000, size=100, topic='TestTopic', queueId=0}
08:38:55.945 [main] DEBUG com.zephyr.storage.index.SparseIndex - Index hit for logical offset 9785: IndexEntry{logical=9700, physical=971000, timestamp=10700000, size=100, topic='TestTopic', queueId=0}
08:38:55.945 [main] DEBUG com.zephyr.storage.index.SparseIndex - Index hit for logical offset 9317: IndexEntry{logical=9300, physical=931000, timestamp=10300000, size=100, topic='TestTopic', queueId=0}
08:38:55.945 [main] DEBUG com.zephyr.storage.index.SparseIndex - Index hit for logical offset 7602: IndexEntry{logical=7600, physical=761000, timestamp=8600000, size=100, topic='TestTopic', queueId=0}
08:38:55.945 [main] DEBUG com.zephyr.storage.index.SparseIndex - Index hit for logical offset 9418: IndexEntry{logical=9400, physical=941000, timestamp=10400000, size=100, topic='TestTopic', queueId=0}
08:38:55.945 [main] DEBUG com.zephyr.storage.index.SparseIndex - Index hit for logical offset 4581: IndexEntry{logical=4500, physical=451000, timestamp=5500000, size=100, topic='TestTopic', queueId=0}
08:38:55.945 [main] DEBUG com.zephyr.storage.index.SparseIndex - Index hit for logical offset 6585: IndexEntry{logical=6500, physical=651000, timestamp=7500000, size=100, topic='TestTopic', queueId=0}
08:38:55.945 [main] DEBUG com.zephyr.storage.index.SparseIndex - Index hit for logical offset 4740: IndexEntry{logical=4700, physical=471000, timestamp=5700000, size=100, topic='TestTopic', queueId=0}
08:38:55.945 [main] DEBUG com.zephyr.storage.index.SparseIndex - Index hit for logical offset 876: IndexEntry{logical=800, physical=81000, timestamp=1800000, size=100, topic='TestTopic', queueId=0}
08:38:55.945 [main] DEBUG com.zephyr.storage.index.SparseIndex - Index hit for logical offset 9476: IndexEntry{logical=9400, physical=941000, timestamp=10400000, size=100, topic='TestTopic', queueId=0}
08:38:55.945 [main] DEBUG com.zephyr.storage.index.SparseIndex - Index hit for logical offset 2870: IndexEntry{logical=2800, physical=281000, timestamp=3800000, size=100, topic='TestTopic', queueId=0}
08:38:55.945 [main] DEBUG com.zephyr.storage.index.SparseIndex - Index hit for logical offset 8954: IndexEntry{logical=8900, physical=891000, timestamp=9900000, size=100, topic='TestTopic', queueId=0}
08:38:55.945 [main] DEBUG com.zephyr.storage.index.SparseIndex - Index hit for logical offset 2290: IndexEntry{logical=2200, physical=221000, timestamp=3200000, size=100, topic='TestTopic', queueId=0}
08:38:55.946 [main] DEBUG com.zephyr.storage.index.SparseIndex - Index hit for logical offset 7103: IndexEntry{logical=7100, physical=711000, timestamp=8100000, size=100, topic='TestTopic', queueId=0}
08:38:55.946 [main] DEBUG com.zephyr.storage.index.SparseIndex - Index hit for logical offset 7013: IndexEntry{logical=7000, physical=701000, timestamp=8000000, size=100, topic='TestTopic', queueId=0}
08:38:55.946 [main] DEBUG com.zephyr.storage.index.SparseIndex - Index hit for logical offset 1442: IndexEntry{logical=1400, physical=141000, timestamp=2400000, size=100, topic='TestTopic', queueId=0}
08:38:55.946 [main] DEBUG com.zephyr.storage.index.SparseIndex - Index hit for logical offset 6253: IndexEntry{logical=6200, physical=621000, timestamp=7200000, size=100, topic='TestTopic', queueId=0}
08:38:55.946 [main] DEBUG com.zephyr.storage.index.SparseIndex - Index hit for logical offset 9127: IndexEntry{logical=9100, physical=911000, timestamp=10100000, size=100, topic='TestTopic', queueId=0}
08:38:55.946 [main] DEBUG com.zephyr.storage.index.SparseIndex - Index hit for logical offset 1471: IndexEntry{logical=1400, physical=141000, timestamp=2400000, size=100, topic='TestTopic', queueId=0}
08:38:55.946 [main] DEBUG com.zephyr.storage.index.SparseIndex - Index hit for logical offset 2626: IndexEntry{logical=2600, physical=261000, timestamp=3600000, size=100, topic='TestTopic', queueId=0}
08:38:55.946 [main] DEBUG com.zephyr.storage.index.SparseIndex - Index hit for logical offset 2616: IndexEntry{logical=2600, physical=261000, timestamp=3600000, size=100, topic='TestTopic', queueId=0}
08:38:55.946 [main] DEBUG com.zephyr.storage.index.SparseIndex - Index hit for logical offset 6520: IndexEntry{logical=6500, physical=651000, timestamp=7500000, size=100, topic='TestTopic', queueId=0}
08:38:55.946 [main] DEBUG com.zephyr.storage.index.SparseIndex - Index hit for logical offset 4841: IndexEntry{logical=4800, physical=481000, timestamp=5800000, size=100, topic='TestTopic', queueId=0}
08:38:55.946 [main] DEBUG com.zephyr.storage.index.SparseIndex - Index hit for logical offset 466: IndexEntry{logical=400, physical=41000, timestamp=1400000, size=100, topic='TestTopic', queueId=0}
08:38:55.946 [main] DEBUG com.zephyr.storage.index.SparseIndex - Index hit for logical offset 2098: IndexEntry{logical=2000, physical=201000, timestamp=3000000, size=100, topic='TestTopic', queueId=0}
08:38:55.946 [main] DEBUG com.zephyr.storage.index.SparseIndex - Index hit for logical offset 9379: IndexEntry{logical=9300, physical=931000, timestamp=10300000, size=100, topic='TestTopic', queueId=0}
08:38:55.946 [main] DEBUG com.zephyr.storage.index.SparseIndex - Index hit for logical offset 3430: IndexEntry{logical=3400, physical=341000, timestamp=4400000, size=100, topic='TestTopic', queueId=0}
08:38:55.946 [main] DEBUG com.zephyr.storage.index.SparseIndex - Index hit for logical offset 7603: IndexEntry{logical=7600, physical=761000, timestamp=8600000, size=100, topic='TestTopic', queueId=0}
08:38:55.946 [main] DEBUG com.zephyr.storage.index.SparseIndex - Index hit for logical offset 5991: IndexEntry{logical=5900, physical=591000, timestamp=6900000, size=100, topic='TestTopic', queueId=0}
08:38:55.946 [main] DEBUG com.zephyr.storage.index.SparseIndex - Index hit for logical offset 9101: IndexEntry{logical=9100, physical=911000, timestamp=10100000, size=100, topic='TestTopic', queueId=0}
08:38:55.946 [main] DEBUG com.zephyr.storage.index.SparseIndex - Index hit for logical offset 5438: IndexEntry{logical=5400, physical=541000, timestamp=6400000, size=100, topic='TestTopic', queueId=0}
08:38:55.946 [main] DEBUG com.zephyr.storage.index.SparseIndex - Index hit for logical offset 5499: IndexEntry{logical=5400, physical=541000, timestamp=6400000, size=100, topic='TestTopic', queueId=0}
Large data test: 100 entries added in 14ms, 1000 queries in 38ms, hit ratio: 100.00%
]]></system-out>
  </testcase>
  <testcase name="testIndexEntryToString" classname="com.zephyr.storage.index.SparseIndexTest" time="0.0">
    <system-out><![CDATA[08:38:55.951 [main] INFO com.zephyr.storage.index.SparseIndex - SparseIndex initialized: interval=10, maxEntries=1000
]]></system-out>
  </testcase>
  <testcase name="testTimeRangeQuery" classname="com.zephyr.storage.index.SparseIndexTest" time="0.001">
    <system-out><![CDATA[08:38:55.952 [main] INFO com.zephyr.storage.index.SparseIndex - SparseIndex initialized: interval=10, maxEntries=1000
08:38:55.952 [main] DEBUG com.zephyr.storage.index.SparseIndex - Added index entry: IndexEntry{logical=0, physical=1000, timestamp=1000000, size=100, topic='TestTopic', queueId=0}
08:38:55.952 [main] DEBUG com.zephyr.storage.index.SparseIndex - Added index entry: IndexEntry{logical=10, physical=2000, timestamp=1010000, size=100, topic='TestTopic', queueId=0}
08:38:55.952 [main] DEBUG com.zephyr.storage.index.SparseIndex - Added index entry: IndexEntry{logical=20, physical=3000, timestamp=1020000, size=100, topic='TestTopic', queueId=0}
08:38:55.952 [main] DEBUG com.zephyr.storage.index.SparseIndex - Added index entry: IndexEntry{logical=30, physical=4000, timestamp=1030000, size=100, topic='TestTopic', queueId=0}
08:38:55.952 [main] DEBUG com.zephyr.storage.index.SparseIndex - Index hit for timestamp 1005000: IndexEntry{logical=0, physical=1000, timestamp=1000000, size=100, topic='TestTopic', queueId=0}
08:38:55.953 [main] DEBUG com.zephyr.storage.index.SparseIndex - Time range query [1005000, 1025000]: QueryRange{start=1000, end=4000, entries=[IndexEntry{logical=0, physical=1000, timestamp=1000000, size=100, topic='TestTopic', queueId=0}, IndexEntry{logical=30, physical=4000, timestamp=1030000, size=100, topic='TestTopic', queueId=0}]}
]]></system-out>
  </testcase>
  <testcase name="testSparseIndexInterval" classname="com.zephyr.storage.index.SparseIndexTest" time="0.0">
    <system-out><![CDATA[08:38:55.954 [main] INFO com.zephyr.storage.index.SparseIndex - SparseIndex initialized: interval=10, maxEntries=1000
08:38:55.954 [main] DEBUG com.zephyr.storage.index.SparseIndex - Added index entry: IndexEntry{logical=0, physical=1000, timestamp=1000000, size=100, topic='TestTopic', queueId=0}
08:38:55.954 [main] DEBUG com.zephyr.storage.index.SparseIndex - Added index entry: IndexEntry{logical=10, physical=2000, timestamp=1010000, size=100, topic='TestTopic', queueId=0}
08:38:55.954 [main] DEBUG com.zephyr.storage.index.SparseIndex - Added index entry: IndexEntry{logical=20, physical=3000, timestamp=1020000, size=100, topic='TestTopic', queueId=0}
08:38:55.954 [main] DEBUG com.zephyr.storage.index.SparseIndex - Added index entry: IndexEntry{logical=30, physical=4000, timestamp=1030000, size=100, topic='TestTopic', queueId=0}
08:38:55.954 [main] DEBUG com.zephyr.storage.index.SparseIndex - Added index entry: IndexEntry{logical=40, physical=5000, timestamp=1040000, size=100, topic='TestTopic', queueId=0}
08:38:55.954 [main] DEBUG com.zephyr.storage.index.SparseIndex - Index hit for logical offset 25: IndexEntry{logical=20, physical=3000, timestamp=1020000, size=100, topic='TestTopic', queueId=0}
08:38:55.954 [main] DEBUG com.zephyr.storage.index.SparseIndex - Index hit for logical offset 35: IndexEntry{logical=30, physical=4000, timestamp=1030000, size=100, topic='TestTopic', queueId=0}
]]></system-out>
  </testcase>
  <testcase name="testIndexNotFound" classname="com.zephyr.storage.index.SparseIndexTest" time="0.0">
    <system-out><![CDATA[08:38:55.955 [main] INFO com.zephyr.storage.index.SparseIndex - SparseIndex initialized: interval=10, maxEntries=1000
08:38:55.955 [main] DEBUG com.zephyr.storage.index.SparseIndex - No index found for logical offset: 100
08:38:55.955 [main] DEBUG com.zephyr.storage.index.SparseIndex - No index found for physical offset: 5000
08:38:55.955 [main] DEBUG com.zephyr.storage.index.SparseIndex - No index found for timestamp: 2000000
08:38:55.955 [main] DEBUG com.zephyr.storage.index.SparseIndex - Added index entry: IndexEntry{logical=100, physical=10000, timestamp=2000000, size=100, topic='TestTopic', queueId=0}
08:38:55.955 [main] DEBUG com.zephyr.storage.index.SparseIndex - No index found for logical offset: 50
08:38:55.955 [main] DEBUG com.zephyr.storage.index.SparseIndex - No index found for physical offset: 5000
08:38:55.955 [main] DEBUG com.zephyr.storage.index.SparseIndex - No index found for timestamp: 1500000
]]></system-out>
  </testcase>
  <testcase name="testPhysicalRangeQuery" classname="com.zephyr.storage.index.SparseIndexTest" time="0.0">
    <system-out><![CDATA[08:38:55.956 [main] INFO com.zephyr.storage.index.SparseIndex - SparseIndex initialized: interval=10, maxEntries=1000
08:38:55.956 [main] DEBUG com.zephyr.storage.index.SparseIndex - Added index entry: IndexEntry{logical=0, physical=1000, timestamp=1000000, size=100, topic='TestTopic', queueId=0}
08:38:55.956 [main] DEBUG com.zephyr.storage.index.SparseIndex - Added index entry: IndexEntry{logical=10, physical=2000, timestamp=1001000, size=100, topic='TestTopic', queueId=0}
08:38:55.956 [main] DEBUG com.zephyr.storage.index.SparseIndex - Added index entry: IndexEntry{logical=20, physical=3000, timestamp=1002000, size=100, topic='TestTopic', queueId=0}
08:38:55.956 [main] DEBUG com.zephyr.storage.index.SparseIndex - Added index entry: IndexEntry{logical=30, physical=4000, timestamp=1003000, size=100, topic='TestTopic', queueId=0}
08:38:55.956 [main] DEBUG com.zephyr.storage.index.SparseIndex - Index hit for physical offset 1500: IndexEntry{logical=0, physical=1000, timestamp=1000000, size=100, topic='TestTopic', queueId=0}
08:38:55.956 [main] DEBUG com.zephyr.storage.index.SparseIndex - Physical range query [1500, 3500]: QueryRange{start=1000, end=4000, entries=[IndexEntry{logical=0, physical=1000, timestamp=1000000, size=100, topic='TestTopic', queueId=0}, IndexEntry{logical=30, physical=4000, timestamp=1003000, size=100, topic='TestTopic', queueId=0}]}
]]></system-out>
  </testcase>
  <testcase name="testEarliestAndLatestEntries" classname="com.zephyr.storage.index.SparseIndexTest" time="0.0">
    <system-out><![CDATA[08:38:55.957 [main] INFO com.zephyr.storage.index.SparseIndex - SparseIndex initialized: interval=10, maxEntries=1000
08:38:55.957 [main] DEBUG com.zephyr.storage.index.SparseIndex - Added index entry: IndexEntry{logical=10, physical=2000, timestamp=1001000, size=100, topic='TestTopic', queueId=0}
08:38:55.957 [main] DEBUG com.zephyr.storage.index.SparseIndex - Added index entry: IndexEntry{logical=0, physical=1000, timestamp=1000000, size=100, topic='TestTopic', queueId=0}
08:38:55.957 [main] DEBUG com.zephyr.storage.index.SparseIndex - Added index entry: IndexEntry{logical=20, physical=3000, timestamp=1002000, size=100, topic='TestTopic', queueId=0}
]]></system-out>
  </testcase>
  <testcase name="testLogicalRangeQuery" classname="com.zephyr.storage.index.SparseIndexTest" time="0.005">
    <system-out><![CDATA[08:38:55.962 [main] INFO com.zephyr.storage.index.SparseIndex - SparseIndex initialized: interval=10, maxEntries=1000
08:38:55.962 [main] DEBUG com.zephyr.storage.index.SparseIndex - Added index entry: IndexEntry{logical=0, physical=1000, timestamp=1000000, size=100, topic='TestTopic', queueId=0}
08:38:55.963 [main] DEBUG com.zephyr.storage.index.SparseIndex - Added index entry: IndexEntry{logical=10, physical=2000, timestamp=1001000, size=100, topic='TestTopic', queueId=0}
08:38:55.963 [main] DEBUG com.zephyr.storage.index.SparseIndex - Added index entry: IndexEntry{logical=20, physical=3000, timestamp=1002000, size=100, topic='TestTopic', queueId=0}
08:38:55.963 [main] DEBUG com.zephyr.storage.index.SparseIndex - Added index entry: IndexEntry{logical=30, physical=4000, timestamp=1003000, size=100, topic='TestTopic', queueId=0}
08:38:55.963 [main] DEBUG com.zephyr.storage.index.SparseIndex - Index hit for logical offset 5: IndexEntry{logical=0, physical=1000, timestamp=1000000, size=100, topic='TestTopic', queueId=0}
08:38:55.963 [main] DEBUG com.zephyr.storage.index.SparseIndex - Logical range query [5, 25]: QueryRange{start=1000, end=4000, entries=[IndexEntry{logical=0, physical=1000, timestamp=1000000, size=100, topic='TestTopic', queueId=0}, IndexEntry{logical=30, physical=4000, timestamp=1003000, size=100, topic='TestTopic', queueId=0}]}
]]></system-out>
  </testcase>
  <testcase name="testQueryRangeOperations" classname="com.zephyr.storage.index.SparseIndexTest" time="0.001">
    <system-out><![CDATA[08:38:55.964 [main] INFO com.zephyr.storage.index.SparseIndex - SparseIndex initialized: interval=10, maxEntries=1000
]]></system-out>
  </testcase>
  <testcase name="testIndexStatistics" classname="com.zephyr.storage.index.SparseIndexTest" time="0.001">
    <system-out><![CDATA[08:38:55.965 [main] INFO com.zephyr.storage.index.SparseIndex - SparseIndex initialized: interval=10, maxEntries=1000
08:38:55.965 [main] DEBUG com.zephyr.storage.index.SparseIndex - Added index entry: IndexEntry{logical=0, physical=1000, timestamp=1000000, size=100, topic='TestTopic', queueId=0}
08:38:55.965 [main] DEBUG com.zephyr.storage.index.SparseIndex - Added index entry: IndexEntry{logical=10, physical=2000, timestamp=1001000, size=100, topic='TestTopic', queueId=0}
08:38:55.965 [main] DEBUG com.zephyr.storage.index.SparseIndex - Index hit for logical offset 5: IndexEntry{logical=0, physical=1000, timestamp=1000000, size=100, topic='TestTopic', queueId=0}
08:38:55.965 [main] DEBUG com.zephyr.storage.index.SparseIndex - Index hit for logical offset 15: IndexEntry{logical=10, physical=2000, timestamp=1001000, size=100, topic='TestTopic', queueId=0}
08:38:55.965 [main] DEBUG com.zephyr.storage.index.SparseIndex - Index hit for logical offset 50: IndexEntry{logical=10, physical=2000, timestamp=1001000, size=100, topic='TestTopic', queueId=0}
]]></system-out>
  </testcase>
</testsuite>