<?xml version="1.0" encoding="UTF-8"?>
<testsuite xmlns:xsi="http://www.w3.org/2001/XMLSchema-instance" xsi:noNamespaceSchemaLocation="https://maven.apache.org/surefire/maven-surefire-plugin/xsd/surefire-test-report-3.0.xsd" version="3.0" name="com.zephyr.storage.index.SparseIndexTest" time="0.05" tests="15" errors="0" skipped="0" failures="0">
  <properties>
[...]
</properties>
  <testcase name="testDeserializeEmptyData" classname="com.zephyr.storage.index.SparseIndexTest" time="0.002">
    <system-out><![CDATA[18:06:43.091 [main] INFO com.zephyr.storage.index.SparseIndex - SparseIndex initialized: interval=10, maxEntries=1000
]]></system-out>
  </testcase>
  <testcase name="testIndexCleanup" classname="com.zephyr.storage.index.SparseIndexTest" time="0.003">
    <system-out><![CDATA[18:06:43.092 [main] INFO com.zephyr.storage.index.SparseIndex - SparseIndex initialized: interval=10, maxEntries=1000
18:06:43.092 [main] INFO com.zephyr.storage.index.SparseIndex - SparseIndex initialized: interval=1, maxEntries=100
18:06:43.094 [main] DEBUG com.zephyr.storage.index.SparseIndex - Added index entry: IndexEntry{logical=0, physical=1000, timestamp=1000000, size=100, topic='TestTopic', queueId=0}
18:06:43.094 [main] DEBUG com.zephyr.storage.index.SparseIndex - Added index entry: IndexEntry{logical=1, physical=1100, timestamp=1001000, size=100, topic='TestTopic', queueId=0}
18:06:43.094 [main] DEBUG com.zephyr.storage.index.SparseIndex - Added index entry: IndexEntry{logical=2, physical=1200, timestamp=1002000, size=100, topic='TestTopic', queueId=0}
18:06:43.094 [main] DEBUG com.zephyr.storage.index.SparseIndex - Added index entry: IndexEntry{logical=3, physical=1300, timestamp=1003000, size=100, topic='TestTopic', queueId=0}
18:06:43.094 [main] DEBUG com.zephyr.storage.index.SparseIndex - Added index entry: IndexEntry{logical=4, physical=1400, timestamp=1004000, size=100, topic='TestTopic', queueId=0}
18:06:43.094 [main] DEBUG com.zephyr.storage.index.SparseIndex - Added index entry: IndexEntry{logical=5, physical=1500, timestamp=1005000, size=100, topic='TestTopic', queueId=0}
18:06:43.094 [main] DEBUG com.zephyr.storage.index.SparseIndex - Added index entry: IndexEntry{logical=6, physical=1600, timestamp=1006000, size=100, topic='TestTopic', queueId=0}
18:06:43.094 [main] DEBUG com.zephyr.storage.index.SparseIndex - Added index entry: IndexEntry{logical=7, physical=1700, timestamp=1007000, size=100, topic='TestTopic', queueId=0}
18:06:43.094 [main] DEBUG com.zephyr.storage.index.SparseIndex - Added index entry: IndexEntry{logical=8, physical=1800, timestamp=1008000, size=100, topic='TestTopic', queueId=0}
18:06:43.094 [main] DEBUG com.zephyr.storage.index.SparseIndex - Added index entry: IndexEntry{logical=9, physical=1900, timestamp=1009000, size=100, topic='TestTopic', queueId=0}
18:06:43.094 [main] DEBUG com.zephyr.storage.index.SparseIndex - Added index entry: IndexEntry{logical=10, physical=2000, timestamp=1010000, size=100, topic='TestTopic', queueId=0}
18:06:43.095 [main] DEBUG com.zephyr.storage.index.SparseIndex - Added index entry: IndexEntry{logical=11, physical=2100, timestamp=1011000, size=100, topic='TestTopic', queueId=0}
18:06:43.095 [main] DEBUG com.zephyr.storage.index.SparseIndex - Added index entry: IndexEntry{logical=12, physical=2200, timestamp=1012000, size=100, topic='TestTopic', queueId=0}
18:06:43.095 [main] DEBUG com.zephyr.storage.index.SparseIndex - Added index entry: IndexEntry{logical=13, physical=2300, timestamp=1013000, size=100, topic='TestTopic', queueId=0}
18:06:43.095 [main] DEBUG com.zephyr.storage.index.SparseIndex - Added index entry: IndexEntry{logical=14, physical=2400, timestamp=1014000, size=100, topic='TestTopic', queueId=0}
18:06:43.095 [main] DEBUG com.zephyr.storage.index.SparseIndex - Added index entry: IndexEntry{logical=15, physical=2500, timestamp=1015000, size=100, topic='TestTopic', queueId=0}
18:06:43.095 [main] DEBUG com.zephyr.storage.index.SparseIndex - Added index entry: IndexEntry{logical=16, physical=2600, timestamp=1016000, size=100, topic='TestTopic', queueId=0}
18:06:43.095 [main] DEBUG com.zephyr.storage.index.SparseIndex - Added index entry: IndexEntry{logical=17, physical=2700, timestamp=1017000, size=100, topic='TestTopic', queueId=0}
18:06:43.095 [main] DEBUG com.zephyr.storage.index.SparseIndex - Added index entry: IndexEntry{logical=18, physical=2800, timestamp=1018000, size=100, topic='TestTopic', queueId=0}
18:06:43.095 [main] DEBUG com.zephyr.storage.index.SparseIndex - Added index entry: IndexEntry{logical=19, physical=2900, timestamp=1019000, size=100, topic='TestTopic', queueId=0}
]]></system-out>
  </testcase>
  <testcase name="testBasicIndexAddAndQuery" classname="com.zephyr.storage.index.SparseIndexTest" time="0.001">
    <system-out><![CDATA[18:06:43.096 [main] INFO com.zephyr.storage.index.SparseIndex - SparseIndex initialized: interval=10, maxEntries=1000
18:06:43.096 [main] DEBUG com.zephyr.storage.index.SparseIndex - Added index entry: IndexEntry{logical=0, physical=1000, timestamp=1000000, size=100, topic='TestTopic', queueId=0}
18:06:43.096 [main] DEBUG com.zephyr.storage.index.SparseIndex - Added index entry: IndexEntry{logical=10, physical=2000, timestamp=1001000, size=120, topic='TestTopic', queueId=0}
18:06:43.096 [main] DEBUG com.zephyr.storage.index.SparseIndex - Added index entry: IndexEntry{logical=20, physical=3000, timestamp=1002000, size=110, topic='TestTopic', queueId=1}
18:06:43.096 [main] DEBUG com.zephyr.storage.index.SparseIndex - Index hit for logical offset 15: IndexEntry{logical=10, physical=2000, timestamp=1001000, size=120, topic='TestTopic', queueId=0}
18:06:43.096 [main] DEBUG com.zephyr.storage.index.SparseIndex - Index hit for physical offset 2500: IndexEntry{logical=10, physical=2000, timestamp=1001000, size=120, topic='TestTopic', queueId=0}
18:06:43.096 [main] DEBUG com.zephyr.storage.index.SparseIndex - Index hit for timestamp 1001500: IndexEntry{logical=10, physical=2000, timestamp=1001000, size=120, topic='TestTopic', queueId=0}
]]></system-out>
  </testcase>
  <testcase name="testClearIndex" classname="com.zephyr.storage.index.SparseIndexTest" time="0.001">
    <system-out><![CDATA[18:06:43.097 [main] INFO com.zephyr.storage.index.SparseIndex - SparseIndex initialized: interval=10, maxEntries=1000
18:06:43.097 [main] DEBUG com.zephyr.storage.index.SparseIndex - Added index entry: IndexEntry{logical=0, physical=1000, timestamp=1000000, size=100, topic='TestTopic', queueId=0}
18:06:43.097 [main] DEBUG com.zephyr.storage.index.SparseIndex - Added index entry: IndexEntry{logical=10, physical=2000, timestamp=1001000, size=100, topic='TestTopic', queueId=0}
18:06:43.097 [main] DEBUG com.zephyr.storage.index.SparseIndex - Index hit for logical offset 5: IndexEntry{logical=0, physical=1000, timestamp=1000000, size=100, topic='TestTopic', queueId=0}
18:06:43.097 [main] INFO com.zephyr.storage.index.SparseIndex - SparseIndex cleared
]]></system-out>
  </testcase>
  <testcase name="testIndexSerialization" classname="com.zephyr.storage.index.SparseIndexTest" time="0.001">
    <system-out><![CDATA[18:06:43.097 [main] INFO com.zephyr.storage.index.SparseIndex - SparseIndex initialized: interval=10, maxEntries=1000
18:06:43.097 [main] DEBUG com.zephyr.storage.index.SparseIndex - Added index entry: IndexEntry{logical=0, physical=1000, timestamp=1000000, size=100, topic='TestTopic1', queueId=0}
18:06:43.097 [main] DEBUG com.zephyr.storage.index.SparseIndex - Added index entry: IndexEntry{logical=10, physical=2000, timestamp=1001000, size=120, topic='TestTopic2', queueId=1}
18:06:43.097 [main] DEBUG com.zephyr.storage.index.SparseIndex - Added index entry: IndexEntry{logical=20, physical=3000, timestamp=1002000, size=110, topic='LongTopicName', queueId=2}
18:06:43.098 [main] INFO com.zephyr.storage.index.SparseIndex - Serialized 3 index entries to 145 bytes
18:06:43.098 [main] INFO com.zephyr.storage.index.SparseIndex - SparseIndex initialized: interval=10, maxEntries=1000
18:06:43.098 [main] INFO com.zephyr.storage.index.SparseIndex - SparseIndex cleared
18:06:43.098 [main] INFO com.zephyr.storage.index.SparseIndex - Deserializing 3 index entries from 145 bytes
18:06:43.098 [main] INFO com.zephyr.storage.index.SparseIndex - Successfully deserialized 3 index entries
18:06:43.098 [main] DEBUG com.zephyr.storage.index.SparseIndex - Index hit for logical offset 15: IndexEntry{logical=10, physical=2000, timestamp=1001000, size=120, topic='TestTopic2', queueId=1}
]]></system-out>
  </testcase>
  <testcase name="testLargeDataPerformance" classname="com.zephyr.storage.index.SparseIndexTest" time="0.031">
    <system-out><![CDATA[18:06:43.098 [main] INFO com.zephyr.storage.index.SparseIndex - SparseIndex initialized: interval=10, maxEntries=1000
18:06:43.098 [main] INFO com.zephyr.storage.index.SparseIndex - SparseIndex initialized: interval=100, maxEntries=200
18:06:43.098 [main] DEBUG com.zephyr.storage.index.SparseIndex - Added index entry: IndexEntry{logical=0, physical=1000, timestamp=1000000, size=100, topic='TestTopic', queueId=0}
18:06:43.098 [main] DEBUG com.zephyr.storage.index.SparseIndex - Added index entry: IndexEntry{logical=100, physical=11000, timestamp=1100000, size=100, topic='TestTopic', queueId=0}
18:06:43.098 [main] DEBUG com.zephyr.storage.index.SparseIndex - Added index entry: IndexEntry{logical=200, physical=21000, timestamp=1200000, size=100, topic='TestTopic', queueId=0}
18:06:43.099 [main] DEBUG com.zephyr.storage.index.SparseIndex - Added index entry: IndexEntry{logical=300, physical=31000, timestamp=1300000, size=100, topic='TestTopic', queueId=0}
18:06:43.099 [main] DEBUG com.zephyr.storage.index.SparseIndex - Added index entry: IndexEntry{logical=400, physical=41000, timestamp=1400000, size=100, topic='TestTopic', queueId=0}
18:06:43.099 [main] DEBUG com.zephyr.storage.index.SparseIndex - Added index entry: IndexEntry{logical=500, physical=51000, timestamp=1500000, size=100, topic='TestTopic', queueId=0}
18:06:43.099 [main] DEBUG com.zephyr.storage.index.SparseIndex - Added index entry: IndexEntry{logical=600, physical=61000, timestamp=1600000, size=100, topic='TestTopic', queueId=0}
18:06:43.099 [main] DEBUG com.zephyr.storage.index.SparseIndex - Added index entry: IndexEntry{logical=700, physical=71000, timestamp=1700000, size=100, topic='TestTopic', queueId=0}
18:06:43.099 [main] DEBUG com.zephyr.storage.index.SparseIndex - Added index entry: IndexEntry{logical=800, physical=81000, timestamp=1800000, size=100, topic='TestTopic', queueId=0}
18:06:43.099 [main] DEBUG com.zephyr.storage.index.SparseIndex - Added index entry: IndexEntry{logical=900, physical=91000, timestamp=1900000, size=100, topic='TestTopic', queueId=0}
18:06:43.099 [main] DEBUG com.zephyr.storage.index.SparseIndex - Added index entry: IndexEntry{logical=1000, physical=101000, timestamp=2000000, size=100, topic='TestTopic', queueId=0}
18:06:43.099 [main] DEBUG com.zephyr.storage.index.SparseIndex - Added index entry: IndexEntry{logical=1100, physical=111000, timestamp=2100000, size=100, topic='TestTopic', queueId=0}
18:06:43.099 [main] DEBUG com.zephyr.storage.index.SparseIndex - Added index entry: IndexEntry{logical=1200, physical=121000, timestamp=2200000, size=100, topic='TestTopic', queueId=0}
18:06:43.099 [main] DEBUG com.zephyr.storage.index.SparseIndex - Added index entry: IndexEntry{logical=1300, physical=131000, timestamp=2300000, size=100, topic='TestTopic', queueId=0}
18:06:43.099 [main] DEBUG com.zephyr.storage.index.SparseIndex - Added index entry: IndexEntry{logical=1400, physical=141000, timestamp=2400000, size=100, topic='TestTopic', queueId=0}
18:06:43.099 [main] DEBUG com.zephyr.storage.index.SparseIndex - Added index entry: IndexEntry{logical=1500, physical=151000, timestamp=2500000, size=100, topic='TestTopic', queueId=0}
18:06:43.099 [main] DEBUG com.zephyr.storage.index.SparseIndex - Added index entry: IndexEntry{logical=1600, physical=161000, timestamp=2600000, size=100, topic='TestTopic', queueId=0}
18:06:43.100 [main] DEBUG com.zephyr.storage.index.SparseIndex - Added index entry: IndexEntry{logical=1700, physical=171000, timestamp=2700000, size=100, topic='TestTopic', queueId=0}
18:06:43.100 [main] DEBUG com.zephyr.storage.index.SparseIndex - Added index entry: IndexEntry{logical=1800, physical=181000, timestamp=2800000, size=100, topic='TestTopic', queueId=0}
18:06:43.100 [main] DEBUG com.zephyr.storage.index.SparseIndex - Added index entry: IndexEntry{logical=1900, physical=191000, timestamp=2900000, size=100, topic='TestTopic', queueId=0}
18:06:43.100 [main] DEBUG com.zephyr.storage.index.SparseIndex - Added index entry: IndexEntry{logical=2000, physical=201000, timestamp=3000000, size=100, topic='TestTopic', queueId=0}
18:06:43.100 [main] DEBUG com.zephyr.storage.index.SparseIndex - Added index entry: IndexEntry{logical=2100, physical=211000, timestamp=3100000, size=100, topic='TestTopic', queueId=0}
18:06:43.100 [main] DEBUG com.zephyr.storage.index.SparseIndex - Added index entry: IndexEntry{logical=2200, physical=221000, timestamp=3200000, size=100, topic='TestTopic', queueId=0}
18:06:43.100 [main] DEBUG com.zephyr.storage.index.SparseIndex - Added index entry: IndexEntry{logical=2300, physical=231000, timestamp=3300000, size=100, topic='TestTopic', queueId=0}
18:06:43.100 [main] DEBUG com.zephyr.storage.index.SparseIndex - Added index entry: IndexEntry{logical=2400, physical=241000, timestamp=3400000, size=100, topic='TestTopic', queueId=0}
18:06:43.100 [main] DEBUG com.zephyr.storage.index.SparseIndex - Added index entry: IndexEntry{logical=2500, physical=251000, timestamp=3500000, size=100, topic='TestTopic', queueId=0}
18:06:43.100 [main] DEBUG com.zephyr.storage.index.SparseIndex - Added index entry: IndexEntry{logical=2600, physical=261000, timestamp=3600000, size=100, topic='TestTopic', queueId=0}
18:06:43.100 [main] DEBUG com.zephyr.storage.index.SparseIndex - Added index entry: IndexEntry{logical=2700, physical=271000, timestamp=3700000, size=100, topic='TestTopic', queueId=0}
18:06:43.100 [main] DEBUG com.zephyr.storage.index.SparseIndex - Added index entry: IndexEntry{logical=2800, physical=281000, timestamp=3800000, size=100, topic='TestTopic', queueId=0}
18:06:43.100 [main] DEBUG com.zephyr.storage.index.SparseIndex - Added index entry: IndexEntry{logical=2900, physical=291000, timestamp=3900000, size=100, topic='TestTopic', queueId=0}
18:06:43.100 [main] DEBUG com.zephyr.storage.index.SparseIndex - Added index entry: IndexEntry{logical=3000, physical=301000, timestamp=4000000, size=100, topic='TestTopic', queueId=0}
18:06:43.100 [main] DEBUG com.zephyr.storage.index.SparseIndex - Added index entry: IndexEntry{logical=3100, physical=311000, timestamp=4100000, size=100, topic='TestTopic', queueId=0}
18:06:43.100 [main] DEBUG com.zephyr.storage.index.SparseIndex - Added index entry: IndexEntry{logical=3200, physical=321000, timestamp=4200000, size=100, topic='TestTopic', queueId=0}
18:06:43.100 [main] DEBUG com.zephyr.storage.index.SparseIndex - Added index entry: IndexEntry{logical=3300, physical=331000, timestamp=4300000, size=100, topic='TestTopic', queueId=0}
18:06:43.100 [main] DEBUG com.zephyr.storage.index.SparseIndex - Added index entry: IndexEntry{logical=3400, physical=341000, timestamp=4400000, size=100, topic='TestTopic', queueId=0}
18:06:43.100 [main] DEBUG com.zephyr.storage.index.SparseIndex - Added index entry: IndexEntry{logical=3500, physical=351000, timestamp=4500000, size=100, topic='TestTopic', queueId=0}
18:06:43.100 [main] DEBUG com.zephyr.storage.index.SparseIndex - Added index entry: IndexEntry{logical=3600, physical=361000, timestamp=4600000, size=100, topic='TestTopic', queueId=0}
18:06:43.100 [main] DEBUG com.zephyr.storage.index.SparseIndex - Added index entry: IndexEntry{logical=3700, physical=371000, timestamp=4700000, size=100, topic='TestTopic', queueId=0}
18:06:43.101 [main] DEBUG com.zephyr.storage.index.SparseIndex - Added index entry: IndexEntry{logical=3800, physical=381000, timestamp=4800000, size=100, topic='TestTopic', queueId=0}
18:06:43.101 [main] DEBUG com.zephyr.storage.index.SparseIndex - Added index entry: IndexEntry{logical=3900, physical=391000, timestamp=4900000, size=100, topic='TestTopic', queueId=0}
18:06:43.101 [main] DEBUG com.zephyr.storage.index.SparseIndex - Added index entry: IndexEntry{logical=4000, physical=401000, timestamp=5000000, size=100, topic='TestTopic', queueId=0}
18:06:43.101 [main] DEBUG com.zephyr.storage.index.SparseIndex - Added index entry: IndexEntry{logical=4100, physical=411000, timestamp=5100000, size=100, topic='TestTopic', queueId=0}
18:06:43.101 [main] DEBUG com.zephyr.storage.index.SparseIndex - Added index entry: IndexEntry{logical=4200, physical=421000, timestamp=5200000, size=100, topic='TestTopic', queueId=0}
18:06:43.101 [main] DEBUG com.zephyr.storage.index.SparseIndex - Added index entry: IndexEntry{logical=4300, physical=431000, timestamp=5300000, size=100, topic='TestTopic', queueId=0}
18:06:43.101 [main] DEBUG com.zephyr.storage.index.SparseIndex - Added index entry: IndexEntry{logical=4400, physical=441000, timestamp=5400000, size=100, topic='TestTopic', queueId=0}
18:06:43.101 [main] DEBUG com.zephyr.storage.index.SparseIndex - Added index entry: IndexEntry{logical=4500, physical=451000, timestamp=5500000, size=100, topic='TestTopic', queueId=0}
18:06:43.101 [main] DEBUG com.zephyr.storage.index.SparseIndex - Added index entry: IndexEntry{logical=4600, physical=461000, timestamp=5600000, size=100, topic='TestTopic', queueId=0}
18:06:43.101 [main] DEBUG com.zephyr.storage.index.SparseIndex - Added index entry: IndexEntry{logical=4700, physical=471000, timestamp=5700000, size=100, topic='TestTopic', queueId=0}
18:06:43.101 [main] DEBUG com.zephyr.storage.index.SparseIndex - Added index entry: IndexEntry{logical=4800, physical=481000, timestamp=5800000, size=100, topic='TestTopic', queueId=0}
18:06:43.101 [main] DEBUG com.zephyr.storage.index.SparseIndex - Added index entry: IndexEntry{logical=4900, physical=491000, timestamp=5900000, size=100, topic='TestTopic', queueId=0}
18:06:43.101 [main] DEBUG com.zephyr.storage.index.SparseIndex - Added index entry: IndexEntry{logical=5000, physical=501000, timestamp=6000000, size=100, topic='TestTopic', queueId=0}
18:06:43.101 [main] DEBUG com.zephyr.storage.index.SparseIndex - Added index entry: IndexEntry{logical=5100, physical=511000, timestamp=6100000, size=100, topic='TestTopic', queueId=0}
18:06:43.101 [main] DEBUG com.zephyr.storage.index.SparseIndex - Added index entry: IndexEntry{logical=5200, physical=521000, timestamp=6200000, size=100, topic='TestTopic', queueId=0}
18:06:43.101 [main] DEBUG com.zephyr.storage.index.SparseIndex - Added index entry: IndexEntry{logical=5300, physical=531000, timestamp=6300000, size=100, topic='TestTopic', queueId=0}
18:06:43.101 [main] DEBUG com.zephyr.storage.index.SparseIndex - Added index entry: IndexEntry{logical=5400, physical=541000, timestamp=6400000, size=100, topic='TestTopic', queueId=0}
18:06:43.101 [main] DEBUG com.zephyr.storage.index.SparseIndex - Added index entry: IndexEntry{logical=5500, physical=551000, timestamp=6500000, size=100, topic='TestTopic', queueId=0}
18:06:43.101 [main] DEBUG com.zephyr.storage.index.SparseIndex - Added index entry: IndexEntry{logical=5600, physical=561000, timestamp=6600000, size=100, topic='TestTopic', queueId=0}
18:06:43.101 [main] DEBUG com.zephyr.storage.index.SparseIndex - Added index entry: IndexEntry{logical=5700, physical=571000, timestamp=6700000, size=100, topic='TestTopic', queueId=0}
18:06:43.101 [main] DEBUG com.zephyr.storage.index.SparseIndex - Added index entry: IndexEntry{logical=5800, physical=581000, timestamp=6800000, size=100, topic='TestTopic', queueId=0}
18:06:43.101 [main] DEBUG com.zephyr.storage.index.SparseIndex - Added index entry: IndexEntry{logical=5900, physical=591000, timestamp=6900000, size=100, topic='TestTopic', queueId=0}
18:06:43.102 [main] DEBUG com.zephyr.storage.index.SparseIndex - Added index entry: IndexEntry{logical=6000, physical=601000, timestamp=7000000, size=100, topic='TestTopic', queueId=0}
18:06:43.102 [main] DEBUG com.zephyr.storage.index.SparseIndex - Added index entry: IndexEntry{logical=6100, physical=611000, timestamp=7100000, size=100, topic='TestTopic', queueId=0}
18:06:43.102 [main] DEBUG com.zephyr.storage.index.SparseIndex - Added index entry: IndexEntry{logical=6200, physical=621000, timestamp=7200000, size=100, topic='TestTopic', queueId=0}
18:06:43.102 [main] DEBUG com.zephyr.storage.index.SparseIndex - Added index entry: IndexEntry{logical=6300, physical=631000, timestamp=7300000, size=100, topic='TestTopic', queueId=0}
18:06:43.102 [main] DEBUG com.zephyr.storage.index.SparseIndex - Added index entry: IndexEntry{logical=6400, physical=641000, timestamp=7400000, size=100, topic='TestTopic', queueId=0}
18:06:43.102 [main] DEBUG com.zephyr.storage.index.SparseIndex - Added index entry: IndexEntry{logical=6500, physical=651000, timestamp=7500000, size=100, topic='TestTopic', queueId=0}
18:06:43.102 [main] DEBUG com.zephyr.storage.index.SparseIndex - Added index entry: IndexEntry{logical=6600, physical=661000, timestamp=7600000, size=100, topic='TestTopic', queueId=0}
18:06:43.102 [main] DEBUG com.zephyr.storage.index.SparseIndex - Added index entry: IndexEntry{logical=6700, physical=671000, timestamp=7700000, size=100, topic='TestTopic', queueId=0}
18:06:43.102 [main] DEBUG com.zephyr.storage.index.SparseIndex - Added index entry: IndexEntry{logical=6800, physical=681000, timestamp=7800000, size=100, topic='TestTopic', queueId=0}
18:06:43.102 [main] DEBUG com.zephyr.storage.index.SparseIndex - Added index entry: IndexEntry{logical=6900, physical=691000, timestamp=7900000, size=100, topic='TestTopic', queueId=0}
18:06:43.102 [main] DEBUG com.zephyr.storage.index.SparseIndex - Added index entry: IndexEntry{logical=7000, physical=701000, timestamp=8000000, size=100, topic='TestTopic', queueId=0}
18:06:43.102 [main] DEBUG com.zephyr.storage.index.SparseIndex - Added index entry: IndexEntry{logical=7100, physical=711000, timestamp=8100000, size=100, topic='TestTopic', queueId=0}
18:06:43.102 [main] DEBUG com.zephyr.storage.index.SparseIndex - Added index entry: IndexEntry{logical=7200, physical=721000, timestamp=8200000, size=100, topic='TestTopic', queueId=0}
18:06:43.102 [main] DEBUG com.zephyr.storage.index.SparseIndex - Added index entry: IndexEntry{logical=7300, physical=731000, timestamp=8300000, size=100, topic='TestTopic', queueId=0}
18:06:43.102 [main] DEBUG com.zephyr.storage.index.SparseIndex - Added index entry: IndexEntry{logical=7400, physical=741000, timestamp=8400000, size=100, topic='TestTopic', queueId=0}
18:06:43.102 [main] DEBUG com.zephyr.storage.index.SparseIndex - Added index entry: IndexEntry{logical=7500, physical=751000, timestamp=8500000, size=100, topic='TestTopic', queueId=0}
18:06:43.102 [main] DEBUG com.zephyr.storage.index.SparseIndex - Added index entry: IndexEntry{logical=7600, physical=761000, timestamp=8600000, size=100, topic='TestTopic', queueId=0}
18:06:43.102 [main] DEBUG com.zephyr.storage.index.SparseIndex - Added index entry: IndexEntry{logical=7700, physical=771000, timestamp=8700000, size=100, topic='TestTopic', queueId=0}
18:06:43.102 [main] DEBUG com.zephyr.storage.index.SparseIndex - Added index entry: IndexEntry{logical=7800, physical=781000, timestamp=8800000, size=100, topic='TestTopic', queueId=0}
18:06:43.102 [main] DEBUG com.zephyr.storage.index.SparseIndex - Added index entry: IndexEntry{logical=7900, physical=791000, timestamp=8900000, size=100, topic='TestTopic', queueId=0}
18:06:43.102 [main] DEBUG com.zephyr.storage.index.SparseIndex - Added index entry: IndexEntry{logical=8000, physical=801000, timestamp=9000000, size=100, topic='TestTopic', queueId=0}
18:06:43.102 [main] DEBUG com.zephyr.storage.index.SparseIndex - Added index entry: IndexEntry{logical=8100, physical=811000, timestamp=9100000, size=100, topic='TestTopic', queueId=0}
18:06:43.102 [main] DEBUG com.zephyr.storage.index.SparseIndex - Added index entry: IndexEntry{logical=8200, physical=821000, timestamp=9200000, size=100, topic='TestTopic', queueId=0}
18:06:43.102 [main] DEBUG com.zephyr.storage.index.SparseIndex - Added index entry: IndexEntry{logical=8300, physical=831000, timestamp=9300000, size=100, topic='TestTopic', queueId=0}
18:06:43.102 [main] DEBUG com.zephyr.storage.index.SparseIndex - Added index entry: IndexEntry{logical=8400, physical=841000, timestamp=9400000, size=100, topic='TestTopic', queueId=0}
18:06:43.103 [main] DEBUG com.zephyr.storage.index.SparseIndex - Added index entry: IndexEntry{logical=8500, physical=851000, timestamp=9500000, size=100, topic='TestTopic', queueId=0}
18:06:43.103 [main] DEBUG com.zephyr.storage.index.SparseIndex - Added index entry: IndexEntry{logical=8600, physical=861000, timestamp=9600000, size=100, topic='TestTopic', queueId=0}
18:06:43.103 [main] DEBUG com.zephyr.storage.index.SparseIndex - Added index entry: IndexEntry{logical=8700, physical=871000, timestamp=9700000, size=100, topic='TestTopic', queueId=0}
18:06:43.103 [main] DEBUG com.zephyr.storage.index.SparseIndex - Added index entry: IndexEntry{logical=8800, physical=881000, timestamp=9800000, size=100, topic='TestTopic', queueId=0}
18:06:43.103 [main] DEBUG com.zephyr.storage.index.SparseIndex - Added index entry: IndexEntry{logical=8900, physical=891000, timestamp=9900000, size=100, topic='TestTopic', queueId=0}
18:06:43.103 [main] DEBUG com.zephyr.storage.index.SparseIndex - Added index entry: IndexEntry{logical=9000, physical=901000, timestamp=10000000, size=100, topic='TestTopic', queueId=0}
18:06:43.103 [main] DEBUG com.zephyr.storage.index.SparseIndex - Added index entry: IndexEntry{logical=9100, physical=911000, timestamp=10100000, size=100, topic='TestTopic', queueId=0}
18:06:43.103 [main] DEBUG com.zephyr.storage.index.SparseIndex - Added index entry: IndexEntry{logical=9200, physical=921000, timestamp=10200000, size=100, topic='TestTopic', queueId=0}
18:06:43.103 [main] DEBUG com.zephyr.storage.index.SparseIndex - Added index entry: IndexEntry{logical=9300, physical=931000, timestamp=10300000, size=100, topic='TestTopic', queueId=0}
18:06:43.103 [main] DEBUG com.zephyr.storage.index.SparseIndex - Added index entry: IndexEntry{logical=9400, physical=941000, timestamp=10400000, size=100, topic='TestTopic', queueId=0}
18:06:43.103 [main] DEBUG com.zephyr.storage.index.SparseIndex - Added index entry: IndexEntry{logical=9500, physical=951000, timestamp=10500000, size=100, topic='TestTopic', queueId=0}
18:06:43.103 [main] DEBUG com.zephyr.storage.index.SparseIndex - Added index entry: IndexEntry{logical=9600, physical=961000, timestamp=10600000, size=100, topic='TestTopic', queueId=0}
18:06:43.103 [main] DEBUG com.zephyr.storage.index.SparseIndex - Added index entry: IndexEntry{logical=9700, physical=971000, timestamp=10700000, size=100, topic='TestTopic', queueId=0}
18:06:43.103 [main] DEBUG com.zephyr.storage.index.SparseIndex - Added index entry: IndexEntry{logical=9800, physical=981000, timestamp=10800000, size=100, topic='TestTopic', queueId=0}
18:06:43.103 [main] DEBUG com.zephyr.storage.index.SparseIndex - Added index entry: IndexEntry{logical=9900, physical=991000, timestamp=10900000, size=100, topic='TestTopic', queueId=0}
18:06:43.103 [main] DEBUG com.zephyr.storage.index.SparseIndex - Index hit for logical offset 4272: IndexEntry{logical=4200, physical=421000, timestamp=5200000, size=100, topic='TestTopic', queueId=0}
18:06:43.103 [main] DEBUG com.zephyr.storage.index.SparseIndex - Index hit for logical offset 9145: IndexEntry{logical=9100, physical=911000, timestamp=10100000, size=100, topic='TestTopic', queueId=0}
18:06:43.103 [main] DEBUG com.zephyr.storage.index.SparseIndex - Index hit for logical offset 2784: IndexEntry{logical=2700, physical=271000, timestamp=3700000, size=100, topic='TestTopic', queueId=0}
18:06:43.103 [main] DEBUG com.zephyr.storage.index.SparseIndex - Index hit for logical offset 5661: IndexEntry{logical=5600, physical=561000, timestamp=6600000, size=100, topic='TestTopic', queueId=0}
18:06:43.103 [main] DEBUG com.zephyr.storage.index.SparseIndex - Index hit for logical offset 8732: IndexEntry{logical=8700, physical=871000, timestamp=9700000, size=100, topic='TestTopic', queueId=0}
18:06:43.103 [main] DEBUG com.zephyr.storage.index.SparseIndex - Index hit for logical offset 9274: IndexEntry{logical=9200, physical=921000, timestamp=10200000, size=100, topic='TestTopic', queueId=0}
18:06:43.103 [main] DEBUG com.zephyr.storage.index.SparseIndex - Index hit for logical offset 4642: IndexEntry{logical=4600, physical=461000, timestamp=5600000, size=100, topic='TestTopic', queueId=0}
18:06:43.103 [main] DEBUG com.zephyr.storage.index.SparseIndex - Index hit for logical offset 3419: IndexEntry{logical=3400, physical=341000, timestamp=4400000, size=100, topic='TestTopic', queueId=0}
18:06:43.104 [main] DEBUG com.zephyr.storage.index.SparseIndex - Index hit for logical offset 6529: IndexEntry{logical=6500, physical=651000, timestamp=7500000, size=100, topic='TestTopic', queueId=0}
18:06:43.104 [main] DEBUG com.zephyr.storage.index.SparseIndex - Index hit for logical offset 8074: IndexEntry{logical=8000, physical=801000, timestamp=9000000, size=100, topic='TestTopic', queueId=0}
18:06:43.104 [main] DEBUG com.zephyr.storage.index.SparseIndex - Index hit for logical offset 4967: IndexEntry{logical=4900, physical=491000, timestamp=5900000, size=100, topic='TestTopic', queueId=0}
18:06:43.104 [main] DEBUG com.zephyr.storage.index.SparseIndex - Index hit for logical offset 9642: IndexEntry{logical=9600, physical=961000, timestamp=10600000, size=100, topic='TestTopic', queueId=0}
18:06:43.104 [main] DEBUG com.zephyr.storage.index.SparseIndex - Index hit for logical offset 1606: IndexEntry{logical=1600, physical=161000, timestamp=2600000, size=100, topic='TestTopic', queueId=0}
18:06:43.104 [main] DEBUG com.zephyr.storage.index.SparseIndex - Index hit for logical offset 5863: IndexEntry{logical=5800, physical=581000, timestamp=6800000, size=100, topic='TestTopic', queueId=0}
18:06:43.104 [main] DEBUG com.zephyr.storage.index.SparseIndex - Index hit for logical offset 962: IndexEntry{logical=900, physical=91000, timestamp=1900000, size=100, topic='TestTopic', queueId=0}
18:06:43.104 [main] DEBUG com.zephyr.storage.index.SparseIndex - Index hit for logical offset 9096: IndexEntry{logical=9000, physical=901000, timestamp=10000000, size=100, topic='TestTopic', queueId=0}
18:06:43.104 [main] DEBUG com.zephyr.storage.index.SparseIndex - Index hit for logical offset 242: IndexEntry{logical=200, physical=21000, timestamp=1200000, size=100, topic='TestTopic', queueId=0}
18:06:43.104 [main] DEBUG com.zephyr.storage.index.SparseIndex - Index hit for logical offset 5587: IndexEntry{logical=5500, physical=551000, timestamp=6500000, size=100, topic='TestTopic', queueId=0}
18:06:43.104 [main] DEBUG com.zephyr.storage.index.SparseIndex - Index hit for logical offset 3321: IndexEntry{logical=3300, physical=331000, timestamp=4300000, size=100, topic='TestTopic', queueId=0}
18:06:43.104 [main] DEBUG com.zephyr.storage.index.SparseIndex - Index hit for logical offset 9849: IndexEntry{logical=9800, physical=981000, timestamp=10800000, size=100, topic='TestTopic', queueId=0}
18:06:43.104 [main] DEBUG com.zephyr.storage.index.SparseIndex - Index hit for logical offset 660: IndexEntry{logical=600, physical=61000, timestamp=1600000, size=100, topic='TestTopic', queueId=0}
18:06:43.104 [main] DEBUG com.zephyr.storage.index.SparseIndex - Index hit for logical offset 2805: IndexEntry{logical=2800, physical=281000, timestamp=3800000, size=100, topic='TestTopic', queueId=0}
18:06:43.104 [main] DEBUG com.zephyr.storage.index.SparseIndex - Index hit for logical offset 2318: IndexEntry{logical=2300, physical=231000, timestamp=3300000, size=100, topic='TestTopic', queueId=0}
18:06:43.104 [main] DEBUG com.zephyr.storage.index.SparseIndex - Index hit for logical offset 7431: IndexEntry{logical=7400, physical=741000, timestamp=8400000, size=100, topic='TestTopic', queueId=0}
18:06:43.104 [main] DEBUG com.zephyr.storage.index.SparseIndex - Index hit for logical offset 2267: IndexEntry{logical=2200, physical=221000, timestamp=3200000, size=100, topic='TestTopic', queueId=0}
18:06:43.104 [main] DEBUG com.zephyr.storage.index.SparseIndex - Index hit for logical offset 3439: IndexEntry{logical=3400, physical=341000, timestamp=4400000, size=100, topic='TestTopic', queueId=0}
18:06:43.104 [main] DEBUG com.zephyr.storage.index.SparseIndex - Index hit for logical offset 5482: IndexEntry{logical=5400, physical=541000, timestamp=6400000, size=100, topic='TestTopic', queueId=0}
18:06:43.104 [main] DEBUG com.zephyr.storage.index.SparseIndex - Index hit for logical offset 2282: IndexEntry{logical=2200, physical=221000, timestamp=3200000, size=100, topic='TestTopic', queueId=0}
18:06:43.104 [main] DEBUG com.zephyr.storage.index.SparseIndex - Index hit for logical offset 4654: IndexEntry{logical=4600, physical=461000, timestamp=5600000, size=100, topic='TestTopic', queueId=0}
18:06:43.104 [main] DEBUG com.zephyr.storage.index.SparseIndex - Index hit for logical offset 9143: IndexEntry{logical=9100, physical=911000, timestamp=10100000, size=100, topic='TestTopic', queueId=0}
18:06:43.104 [main] DEBUG com.zephyr.storage.index.SparseIndex - Index hit for logical offset 6541: IndexEntry{logical=6500, physical=651000, timestamp=7500000, size=100, topic='TestTopic', queueId=0}
18:06:43.104 [main] DEBUG com.zephyr.storage.index.SparseIndex - Index hit for logical offset 327: IndexEntry{logical=300, physical=31000, timestamp=1300000, size=100, topic='TestTopic', queueId=0}
18:06:43.104 [main] DEBUG com.zephyr.storage.index.SparseIndex - Index hit for logical offset 2933: IndexEntry{logical=2900, physical=291000, timestamp=3900000, size=100, topic='TestTopic', queueId=0}
18:06:43.104 [main] DEBUG com.zephyr.storage.index.SparseIndex - Index hit for logical offset 2957: IndexEntry{logical=2900, physical=291000, timestamp=3900000, size=100, topic='TestTopic', queueId=0}
18:06:43.104 [main] DEBUG com.zephyr.storage.index.SparseIndex - Index hit for logical offset 2595: IndexEntry{logical=2500, physical=251000, timestamp=3500000, size=100, topic='TestTopic', queueId=0}
18:06:43.104 [main] DEBUG com.zephyr.storage.index.SparseIndex - Index hit for logical offset 1280: IndexEntry{logical=1200, physical=121000, timestamp=2200000, size=100, topic='TestTopic', queueId=0}
18:06:43.104 [main] DEBUG com.zephyr.storage.index.SparseIndex - Index hit for logical offset 6485: IndexEntry{logical=6400, physical=641000, timestamp=7400000, size=100, topic='TestTopic', queueId=0}
18:06:43.104 [main] DEBUG com.zephyr.storage.index.SparseIndex - Index hit for logical offset 7211: IndexEntry{logical=7200, physical=721000, timestamp=8200000, size=100, topic='TestTopic', queueId=0}
18:06:43.104 [main] DEBUG com.zephyr.storage.index.SparseIndex - Index hit for logical offset 2775: IndexEntry{logical=2700, physical=271000, timestamp=3700000, size=100, topic='TestTopic', queueId=0}
18:06:43.104 [main] DEBUG com.zephyr.storage.index.SparseIndex - Index hit for logical offset 5693: IndexEntry{logical=5600, physical=561000, timestamp=6600000, size=100, topic='TestTopic', queueId=0}
18:06:43.104 [main] DEBUG com.zephyr.storage.index.SparseIndex - Index hit for logical offset 2804: IndexEntry{logical=2800, physical=281000, timestamp=3800000, size=100, topic='TestTopic', queueId=0}
18:06:43.104 [main] DEBUG com.zephyr.storage.index.SparseIndex - Index hit for logical offset 1617: IndexEntry{logical=1600, physical=161000, timestamp=2600000, size=100, topic='TestTopic', queueId=0}
18:06:43.104 [main] DEBUG com.zephyr.storage.index.SparseIndex - Index hit for logical offset 6964: IndexEntry{logical=6900, physical=691000, timestamp=7900000, size=100, topic='TestTopic', queueId=0}
18:06:43.104 [main] DEBUG com.zephyr.storage.index.SparseIndex - Index hit for logical offset 9690: IndexEntry{logical=9600, physical=961000, timestamp=10600000, size=100, topic='TestTopic', queueId=0}
18:06:43.105 [main] DEBUG com.zephyr.storage.index.SparseIndex - Index hit for logical offset 6731: IndexEntry{logical=6700, physical=671000, timestamp=7700000, size=100, topic='TestTopic', queueId=0}
18:06:43.105 [main] DEBUG com.zephyr.storage.index.SparseIndex - Index hit for logical offset 1884: IndexEntry{logical=1800, physical=181000, timestamp=2800000, size=100, topic='TestTopic', queueId=0}
18:06:43.105 [main] DEBUG com.zephyr.storage.index.SparseIndex - Index hit for logical offset 7651: IndexEntry{logical=7600, physical=761000, timestamp=8600000, size=100, topic='TestTopic', queueId=0}
18:06:43.105 [main] DEBUG com.zephyr.storage.index.SparseIndex - Index hit for logical offset 5822: IndexEntry{logical=5800, physical=581000, timestamp=6800000, size=100, topic='TestTopic', queueId=0}
18:06:43.105 [main] DEBUG com.zephyr.storage.index.SparseIndex - Index hit for logical offset 8117: IndexEntry{logical=8100, physical=811000, timestamp=9100000, size=100, topic='TestTopic', queueId=0}
18:06:43.105 [main] DEBUG com.zephyr.storage.index.SparseIndex - Index hit for logical offset 8296: IndexEntry{logical=8200, physical=821000, timestamp=9200000, size=100, topic='TestTopic', queueId=0}
18:06:43.105 [main] DEBUG com.zephyr.storage.index.SparseIndex - Index hit for logical offset 1400: IndexEntry{logical=1400, physical=141000, timestamp=2400000, size=100, topic='TestTopic', queueId=0}
18:06:43.105 [main] DEBUG com.zephyr.storage.index.SparseIndex - Index hit for logical offset 9564: IndexEntry{logical=9500, physical=951000, timestamp=10500000, size=100, topic='TestTopic', queueId=0}
18:06:43.105 [main] DEBUG com.zephyr.storage.index.SparseIndex - Index hit for logical offset 7676: IndexEntry{logical=7600, physical=761000, timestamp=8600000, size=100, topic='TestTopic', queueId=0}
18:06:43.105 [main] DEBUG com.zephyr.storage.index.SparseIndex - Index hit for logical offset 9228: IndexEntry{logical=9200, physical=921000, timestamp=10200000, size=100, topic='TestTopic', queueId=0}
18:06:43.105 [main] DEBUG com.zephyr.storage.index.SparseIndex - Index hit for logical offset 9028: IndexEntry{logical=9000, physical=901000, timestamp=10000000, size=100, topic='TestTopic', queueId=0}
18:06:43.105 [main] DEBUG com.zephyr.storage.index.SparseIndex - Index hit for logical offset 3577: IndexEntry{logical=3500, physical=351000, timestamp=4500000, size=100, topic='TestTopic', queueId=0}
18:06:43.105 [main] DEBUG com.zephyr.storage.index.SparseIndex - Index hit for logical offset 1657: IndexEntry{logical=1600, physical=161000, timestamp=2600000, size=100, topic='TestTopic', queueId=0}
18:06:43.105 [main] DEBUG com.zephyr.storage.index.SparseIndex - Index hit for logical offset 6776: IndexEntry{logical=6700, physical=671000, timestamp=7700000, size=100, topic='TestTopic', queueId=0}
18:06:43.105 [main] DEBUG com.zephyr.storage.index.SparseIndex - Index hit for logical offset 5148: IndexEntry{logical=5100, physical=511000, timestamp=6100000, size=100, topic='TestTopic', queueId=0}
18:06:43.105 [main] DEBUG com.zephyr.storage.index.SparseIndex - Index hit for logical offset 6073: IndexEntry{logical=6000, physical=601000, timestamp=7000000, size=100, topic='TestTopic', queueId=0}
18:06:43.105 [main] DEBUG com.zephyr.storage.index.SparseIndex - Index hit for logical offset 841: IndexEntry{logical=800, physical=81000, timestamp=1800000, size=100, topic='TestTopic', queueId=0}
18:06:43.105 [main] DEBUG com.zephyr.storage.index.SparseIndex - Index hit for logical offset 373: IndexEntry{logical=300, physical=31000, timestamp=1300000, size=100, topic='TestTopic', queueId=0}
18:06:43.105 [main] DEBUG com.zephyr.storage.index.SparseIndex - Index hit for logical offset 8444: IndexEntry{logical=8400, physical=841000, timestamp=9400000, size=100, topic='TestTopic', queueId=0}
18:06:43.105 [main] DEBUG com.zephyr.storage.index.SparseIndex - Index hit for logical offset 5341: IndexEntry{logical=5300, physical=531000, timestamp=6300000, size=100, topic='TestTopic', queueId=0}
18:06:43.105 [main] DEBUG com.zephyr.storage.index.SparseIndex - Index hit for logical offset 8316: IndexEntry{logical=8300, physical=831000, timestamp=9300000, size=100, topic='TestTopic', queueId=0}
18:06:43.105 [main] DEBUG com.zephyr.storage.index.SparseIndex - Index hit for logical offset 9564: IndexEntry{logical=9500, physical=951000, timestamp=10500000, size=100, topic='TestTopic', queueId=0}
18:06:43.105 [main] DEBUG com.zephyr.storage.index.SparseIndex - Index hit for logical offset 3762: IndexEntry{logical=3700, physical=371000, timestamp=4700000, size=100, topic='TestTopic', queueId=0}
18:06:43.105 [main] DEBUG com.zephyr.storage.index.SparseIndex - Index hit for logical offset 9845: IndexEntry{logical=9800, physical=981000, timestamp=10800000, size=100, topic='TestTopic', queueId=0}
18:06:43.105 [main] DEBUG com.zephyr.storage.index.SparseIndex - Index hit for logical offset 3520: IndexEntry{logical=3500, physical=351000, timestamp=4500000, size=100, topic='TestTopic', queueId=0}
18:06:43.105 [main] DEBUG com.zephyr.storage.index.SparseIndex - Index hit for logical offset 8931: IndexEntry{logical=8900, physical=891000, timestamp=9900000, size=100, topic='TestTopic', queueId=0}
18:06:43.105 [main] DEBUG com.zephyr.storage.index.SparseIndex - Index hit for logical offset 5896: IndexEntry{logical=5800, physical=581000, timestamp=6800000, size=100, topic='TestTopic', queueId=0}
18:06:43.105 [main] DEBUG com.zephyr.storage.index.SparseIndex - Index hit for logical offset 2154: IndexEntry{logical=2100, physical=211000, timestamp=3100000, size=100, topic='TestTopic', queueId=0}
18:06:43.105 [main] DEBUG com.zephyr.storage.index.SparseIndex - Index hit for logical offset 7106: IndexEntry{logical=7100, physical=711000, timestamp=8100000, size=100, topic='TestTopic', queueId=0}
18:06:43.105 [main] DEBUG com.zephyr.storage.index.SparseIndex - Index hit for logical offset 6610: IndexEntry{logical=6600, physical=661000, timestamp=7600000, size=100, topic='TestTopic', queueId=0}
18:06:43.105 [main] DEBUG com.zephyr.storage.index.SparseIndex - Index hit for logical offset 2831: IndexEntry{logical=2800, physical=281000, timestamp=3800000, size=100, topic='TestTopic', queueId=0}
18:06:43.105 [main] DEBUG com.zephyr.storage.index.SparseIndex - Index hit for logical offset 5403: IndexEntry{logical=5400, physical=541000, timestamp=6400000, size=100, topic='TestTopic', queueId=0}
18:06:43.105 [main] DEBUG com.zephyr.storage.index.SparseIndex - Index hit for logical offset 2329: IndexEntry{logical=2300, physical=231000, timestamp=3300000, size=100, topic='TestTopic', queueId=0}
18:06:43.105 [main] DEBUG com.zephyr.storage.index.SparseIndex - Index hit for logical offset 2772: IndexEntry{logical=2700, physical=271000, timestamp=3700000, size=100, topic='TestTopic', queueId=0}
18:06:43.105 [main] DEBUG com.zephyr.storage.index.SparseIndex - Index hit for logical offset 3099: IndexEntry{logical=3000, physical=301000, timestamp=4000000, size=100, topic='TestTopic', queueId=0}
18:06:43.105 [main] DEBUG com.zephyr.storage.index.SparseIndex - Index hit for logical offset 3011: IndexEntry{logical=3000, physical=301000, timestamp=4000000, size=100, topic='TestTopic', queueId=0}
18:06:43.106 [main] DEBUG com.zephyr.storage.index.SparseIndex - Index hit for logical offset 3873: IndexEntry{logical=3800, physical=381000, timestamp=4800000, size=100, topic='TestTopic', queueId=0}
18:06:43.106 [main] DEBUG com.zephyr.storage.index.SparseIndex - Index hit for logical offset 5984: IndexEntry{logical=5900, physical=591000, timestamp=6900000, size=100, topic='TestTopic', queueId=0}
18:06:43.106 [main] DEBUG com.zephyr.storage.index.SparseIndex - Index hit for logical offset 7923: IndexEntry{logical=7900, physical=791000, timestamp=8900000, size=100, topic='TestTopic', queueId=0}
18:06:43.106 [main] DEBUG com.zephyr.storage.index.SparseIndex - Index hit for logical offset 5918: IndexEntry{logical=5900, physical=591000, timestamp=6900000, size=100, topic='TestTopic', queueId=0}
18:06:43.106 [main] DEBUG com.zephyr.storage.index.SparseIndex - Index hit for logical offset 4278: IndexEntry{logical=4200, physical=421000, timestamp=5200000, size=100, topic='TestTopic', queueId=0}
18:06:43.106 [main] DEBUG com.zephyr.storage.index.SparseIndex - Index hit for logical offset 3493: IndexEntry{logical=3400, physical=341000, timestamp=4400000, size=100, topic='TestTopic', queueId=0}
18:06:43.106 [main] DEBUG com.zephyr.storage.index.SparseIndex - Index hit for logical offset 3840: IndexEntry{logical=3800, physical=381000, timestamp=4800000, size=100, topic='TestTopic', queueId=0}
18:06:43.106 [main] DEBUG com.zephyr.storage.index.SparseIndex - Index hit for logical offset 6744: IndexEntry{logical=6700, physical=671000, timestamp=7700000, size=100, topic='TestTopic', queueId=0}
18:06:43.106 [main] DEBUG com.zephyr.storage.index.SparseIndex - Index hit for logical offset 1484: IndexEntry{logical=1400, physical=141000, timestamp=2400000, size=100, topic='TestTopic', queueId=0}
18:06:43.106 [main] DEBUG com.zephyr.storage.index.SparseIndex - Index hit for logical offset 6076: IndexEntry{logical=6000, physical=601000, timestamp=7000000, size=100, topic='TestTopic', queueId=0}
18:06:43.106 [main] DEBUG com.zephyr.storage.index.SparseIndex - Index hit for logical offset 5636: IndexEntry{logical=5600, physical=561000, timestamp=6600000, size=100, topic='TestTopic', queueId=0}
18:06:43.106 [main] DEBUG com.zephyr.storage.index.SparseIndex - Index hit for logical offset 6964: IndexEntry{logical=6900, physical=691000, timestamp=7900000, size=100, topic='TestTopic', queueId=0}
18:06:43.106 [main] DEBUG com.zephyr.storage.index.SparseIndex - Index hit for logical offset 8379: IndexEntry{logical=8300, physical=831000, timestamp=9300000, size=100, topic='TestTopic', queueId=0}
18:06:43.106 [main] DEBUG com.zephyr.storage.index.SparseIndex - Index hit for logical offset 9381: IndexEntry{logical=9300, physical=931000, timestamp=10300000, size=100, topic='TestTopic', queueId=0}
18:06:43.106 [main] DEBUG com.zephyr.storage.index.SparseIndex - Index hit for logical offset 2572: IndexEntry{logical=2500, physical=251000, timestamp=3500000, size=100, topic='TestTopic', queueId=0}
18:06:43.106 [main] DEBUG com.zephyr.storage.index.SparseIndex - Index hit for logical offset 1441: IndexEntry{logical=1400, physical=141000, timestamp=2400000, size=100, topic='TestTopic', queueId=0}
18:06:43.106 [main] DEBUG com.zephyr.storage.index.SparseIndex - Index hit for logical offset 6722: IndexEntry{logical=6700, physical=671000, timestamp=7700000, size=100, topic='TestTopic', queueId=0}
18:06:43.106 [main] DEBUG com.zephyr.storage.index.SparseIndex - Index hit for logical offset 1412: IndexEntry{logical=1400, physical=141000, timestamp=2400000, size=100, topic='TestTopic', queueId=0}
18:06:43.106 [main] DEBUG com.zephyr.storage.index.SparseIndex - Index hit for logical offset 3141: IndexEntry{logical=3100, physical=311000, timestamp=4100000, size=100, topic='TestTopic', queueId=0}
18:06:43.106 [main] DEBUG com.zephyr.storage.index.SparseIndex - Index hit for logical offset 4467: IndexEntry{logical=4400, physical=441000, timestamp=5400000, size=100, topic='TestTopic', queueId=0}
18:06:43.106 [main] DEBUG com.zephyr.storage.index.SparseIndex - Index hit for logical offset 3282: IndexEntry{logical=3200, physical=321000, timestamp=4200000, size=100, topic='TestTopic', queueId=0}
18:06:43.106 [main] DEBUG com.zephyr.storage.index.SparseIndex - Index hit for logical offset 207: IndexEntry{logical=200, physical=21000, timestamp=1200000, size=100, topic='TestTopic', queueId=0}
18:06:43.106 [main] DEBUG com.zephyr.storage.index.SparseIndex - Index hit for logical offset 4876: IndexEntry{logical=4800, physical=481000, timestamp=5800000, size=100, topic='TestTopic', queueId=0}
18:06:43.106 [main] DEBUG com.zephyr.storage.index.SparseIndex - Index hit for logical offset 2854: IndexEntry{logical=2800, physical=281000, timestamp=3800000, size=100, topic='TestTopic', queueId=0}
18:06:43.106 [main] DEBUG com.zephyr.storage.index.SparseIndex - Index hit for logical offset 5675: IndexEntry{logical=5600, physical=561000, timestamp=6600000, size=100, topic='TestTopic', queueId=0}
18:06:43.106 [main] DEBUG com.zephyr.storage.index.SparseIndex - Index hit for logical offset 6628: IndexEntry{logical=6600, physical=661000, timestamp=7600000, size=100, topic='TestTopic', queueId=0}
18:06:43.106 [main] DEBUG com.zephyr.storage.index.SparseIndex - Index hit for logical offset 6096: IndexEntry{logical=6000, physical=601000, timestamp=7000000, size=100, topic='TestTopic', queueId=0}
18:06:43.106 [main] DEBUG com.zephyr.storage.index.SparseIndex - Index hit for logical offset 4546: IndexEntry{logical=4500, physical=451000, timestamp=5500000, size=100, topic='TestTopic', queueId=0}
18:06:43.106 [main] DEBUG com.zephyr.storage.index.SparseIndex - Index hit for logical offset 8966: IndexEntry{logical=8900, physical=891000, timestamp=9900000, size=100, topic='TestTopic', queueId=0}
18:06:43.106 [main] DEBUG com.zephyr.storage.index.SparseIndex - Index hit for logical offset 4664: IndexEntry{logical=4600, physical=461000, timestamp=5600000, size=100, topic='TestTopic', queueId=0}
18:06:43.106 [main] DEBUG com.zephyr.storage.index.SparseIndex - Index hit for logical offset 5919: IndexEntry{logical=5900, physical=591000, timestamp=6900000, size=100, topic='TestTopic', queueId=0}
18:06:43.106 [main] DEBUG com.zephyr.storage.index.SparseIndex - Index hit for logical offset 5725: IndexEntry{logical=5700, physical=571000, timestamp=6700000, size=100, topic='TestTopic', queueId=0}
18:06:43.106 [main] DEBUG com.zephyr.storage.index.SparseIndex - Index hit for logical offset 1852: IndexEntry{logical=1800, physical=181000, timestamp=2800000, size=100, topic='TestTopic', queueId=0}
18:06:43.106 [main] DEBUG com.zephyr.storage.index.SparseIndex - Index hit for logical offset 5699: IndexEntry{logical=5600, physical=561000, timestamp=6600000, size=100, topic='TestTopic', queueId=0}
18:06:43.106 [main] DEBUG com.zephyr.storage.index.SparseIndex - Index hit for logical offset 7313: IndexEntry{logical=7300, physical=731000, timestamp=8300000, size=100, topic='TestTopic', queueId=0}
18:06:43.106 [main] DEBUG com.zephyr.storage.index.SparseIndex - Index hit for logical offset 5448: IndexEntry{logical=5400, physical=541000, timestamp=6400000, size=100, topic='TestTopic', queueId=0}
18:06:43.106 [main] DEBUG com.zephyr.storage.index.SparseIndex - Index hit for logical offset 2979: IndexEntry{logical=2900, physical=291000, timestamp=3900000, size=100, topic='TestTopic', queueId=0}
18:06:43.106 [main] DEBUG com.zephyr.storage.index.SparseIndex - Index hit for logical offset 3764: IndexEntry{logical=3700, physical=371000, timestamp=4700000, size=100, topic='TestTopic', queueId=0}
18:06:43.106 [main] DEBUG com.zephyr.storage.index.SparseIndex - Index hit for logical offset 5557: IndexEntry{logical=5500, physical=551000, timestamp=6500000, size=100, topic='TestTopic', queueId=0}
18:06:43.106 [main] DEBUG com.zephyr.storage.index.SparseIndex - Index hit for logical offset 4493: IndexEntry{logical=4400, physical=441000, timestamp=5400000, size=100, topic='TestTopic', queueId=0}
18:06:43.106 [main] DEBUG com.zephyr.storage.index.SparseIndex - Index hit for logical offset 3799: IndexEntry{logical=3700, physical=371000, timestamp=4700000, size=100, topic='TestTopic', queueId=0}
18:06:43.107 [main] DEBUG com.zephyr.storage.index.SparseIndex - Index hit for logical offset 5968: IndexEntry{logical=5900, physical=591000, timestamp=6900000, size=100, topic='TestTopic', queueId=0}
18:06:43.107 [main] DEBUG com.zephyr.storage.index.SparseIndex - Index hit for logical offset 1064: IndexEntry{logical=1000, physical=101000, timestamp=2000000, size=100, topic='TestTopic', queueId=0}
18:06:43.107 [main] DEBUG com.zephyr.storage.index.SparseIndex - Index hit for logical offset 4258: IndexEntry{logical=4200, physical=421000, timestamp=5200000, size=100, topic='TestTopic', queueId=0}
18:06:43.107 [main] DEBUG com.zephyr.storage.index.SparseIndex - Index hit for logical offset 4242: IndexEntry{logical=4200, physical=421000, timestamp=5200000, size=100, topic='TestTopic', queueId=0}
18:06:43.107 [main] DEBUG com.zephyr.storage.index.SparseIndex - Index hit for logical offset 6028: IndexEntry{logical=6000, physical=601000, timestamp=7000000, size=100, topic='TestTopic', queueId=0}
18:06:43.107 [main] DEBUG com.zephyr.storage.index.SparseIndex - Index hit for logical offset 1190: IndexEntry{logical=1100, physical=111000, timestamp=2100000, size=100, topic='TestTopic', queueId=0}
18:06:43.107 [main] DEBUG com.zephyr.storage.index.SparseIndex - Index hit for logical offset 2320: IndexEntry{logical=2300, physical=231000, timestamp=3300000, size=100, topic='TestTopic', queueId=0}
18:06:43.107 [main] DEBUG com.zephyr.storage.index.SparseIndex - Index hit for logical offset 1466: IndexEntry{logical=1400, physical=141000, timestamp=2400000, size=100, topic='TestTopic', queueId=0}
18:06:43.107 [main] DEBUG com.zephyr.storage.index.SparseIndex - Index hit for logical offset 9071: IndexEntry{logical=9000, physical=901000, timestamp=10000000, size=100, topic='TestTopic', queueId=0}
18:06:43.107 [main] DEBUG com.zephyr.storage.index.SparseIndex - Index hit for logical offset 411: IndexEntry{logical=400, physical=41000, timestamp=1400000, size=100, topic='TestTopic', queueId=0}
18:06:43.107 [main] DEBUG com.zephyr.storage.index.SparseIndex - Index hit for logical offset 3595: IndexEntry{logical=3500, physical=351000, timestamp=4500000, size=100, topic='TestTopic', queueId=0}
18:06:43.107 [main] DEBUG com.zephyr.storage.index.SparseIndex - Index hit for logical offset 9921: IndexEntry{logical=9900, physical=991000, timestamp=10900000, size=100, topic='TestTopic', queueId=0}
18:06:43.107 [main] DEBUG com.zephyr.storage.index.SparseIndex - Index hit for logical offset 2780: IndexEntry{logical=2700, physical=271000, timestamp=3700000, size=100, topic='TestTopic', queueId=0}
18:06:43.107 [main] DEBUG com.zephyr.storage.index.SparseIndex - Index hit for logical offset 2029: IndexEntry{logical=2000, physical=201000, timestamp=3000000, size=100, topic='TestTopic', queueId=0}
18:06:43.107 [main] DEBUG com.zephyr.storage.index.SparseIndex - Index hit for logical offset 9872: IndexEntry{logical=9800, physical=981000, timestamp=10800000, size=100, topic='TestTopic', queueId=0}
18:06:43.107 [main] DEBUG com.zephyr.storage.index.SparseIndex - Index hit for logical offset 3090: IndexEntry{logical=3000, physical=301000, timestamp=4000000, size=100, topic='TestTopic', queueId=0}
18:06:43.107 [main] DEBUG com.zephyr.storage.index.SparseIndex - Index hit for logical offset 3303: IndexEntry{logical=3300, physical=331000, timestamp=4300000, size=100, topic='TestTopic', queueId=0}
18:06:43.107 [main] DEBUG com.zephyr.storage.index.SparseIndex - Index hit for logical offset 7435: IndexEntry{logical=7400, physical=741000, timestamp=8400000, size=100, topic='TestTopic', queueId=0}
18:06:43.107 [main] DEBUG com.zephyr.storage.index.SparseIndex - Index hit for logical offset 5980: IndexEntry{logical=5900, physical=591000, timestamp=6900000, size=100, topic='TestTopic', queueId=0}
18:06:43.107 [main] DEBUG com.zephyr.storage.index.SparseIndex - Index hit for logical offset 3377: IndexEntry{logical=3300, physical=331000, timestamp=4300000, size=100, topic='TestTopic', queueId=0}
18:06:43.107 [main] DEBUG com.zephyr.storage.index.SparseIndex - Index hit for logical offset 4362: IndexEntry{logical=4300, physical=431000, timestamp=5300000, size=100, topic='TestTopic', queueId=0}
18:06:43.107 [main] DEBUG com.zephyr.storage.index.SparseIndex - Index hit for logical offset 890: IndexEntry{logical=800, physical=81000, timestamp=1800000, size=100, topic='TestTopic', queueId=0}
18:06:43.107 [main] DEBUG com.zephyr.storage.index.SparseIndex - Index hit for logical offset 7820: IndexEntry{logical=7800, physical=781000, timestamp=8800000, size=100, topic='TestTopic', queueId=0}
18:06:43.107 [main] DEBUG com.zephyr.storage.index.SparseIndex - Index hit for logical offset 6837: IndexEntry{logical=6800, physical=681000, timestamp=7800000, size=100, topic='TestTopic', queueId=0}
18:06:43.107 [main] DEBUG com.zephyr.storage.index.SparseIndex - Index hit for logical offset 4514: IndexEntry{logical=4500, physical=451000, timestamp=5500000, size=100, topic='TestTopic', queueId=0}
18:06:43.107 [main] DEBUG com.zephyr.storage.index.SparseIndex - Index hit for logical offset 8752: IndexEntry{logical=8700, physical=871000, timestamp=9700000, size=100, topic='TestTopic', queueId=0}
18:06:43.107 [main] DEBUG com.zephyr.storage.index.SparseIndex - Index hit for logical offset 6069: IndexEntry{logical=6000, physical=601000, timestamp=7000000, size=100, topic='TestTopic', queueId=0}
18:06:43.107 [main] DEBUG com.zephyr.storage.index.SparseIndex - Index hit for logical offset 3700: IndexEntry{logical=3700, physical=371000, timestamp=4700000, size=100, topic='TestTopic', queueId=0}
18:06:43.107 [main] DEBUG com.zephyr.storage.index.SparseIndex - Index hit for logical offset 599: IndexEntry{logical=500, physical=51000, timestamp=1500000, size=100, topic='TestTopic', queueId=0}
18:06:43.107 [main] DEBUG com.zephyr.storage.index.SparseIndex - Index hit for logical offset 2151: IndexEntry{logical=2100, physical=211000, timestamp=3100000, size=100, topic='TestTopic', queueId=0}
18:06:43.107 [main] DEBUG com.zephyr.storage.index.SparseIndex - Index hit for logical offset 9487: IndexEntry{logical=9400, physical=941000, timestamp=10400000, size=100, topic='TestTopic', queueId=0}
18:06:43.107 [main] DEBUG com.zephyr.storage.index.SparseIndex - Index hit for logical offset 3979: IndexEntry{logical=3900, physical=391000, timestamp=4900000, size=100, topic='TestTopic', queueId=0}
18:06:43.107 [main] DEBUG com.zephyr.storage.index.SparseIndex - Index hit for logical offset 5102: IndexEntry{logical=5100, physical=511000, timestamp=6100000, size=100, topic='TestTopic', queueId=0}
18:06:43.107 [main] DEBUG com.zephyr.storage.index.SparseIndex - Index hit for logical offset 1198: IndexEntry{logical=1100, physical=111000, timestamp=2100000, size=100, topic='TestTopic', queueId=0}
18:06:43.107 [main] DEBUG com.zephyr.storage.index.SparseIndex - Index hit for logical offset 3453: IndexEntry{logical=3400, physical=341000, timestamp=4400000, size=100, topic='TestTopic', queueId=0}
18:06:43.107 [main] DEBUG com.zephyr.storage.index.SparseIndex - Index hit for logical offset 9837: IndexEntry{logical=9800, physical=981000, timestamp=10800000, size=100, topic='TestTopic', queueId=0}
18:06:43.107 [main] DEBUG com.zephyr.storage.index.SparseIndex - Index hit for logical offset 1333: IndexEntry{logical=1300, physical=131000, timestamp=2300000, size=100, topic='TestTopic', queueId=0}
18:06:43.107 [main] DEBUG com.zephyr.storage.index.SparseIndex - Index hit for logical offset 7013: IndexEntry{logical=7000, physical=701000, timestamp=8000000, size=100, topic='TestTopic', queueId=0}
18:06:43.107 [main] DEBUG com.zephyr.storage.index.SparseIndex - Index hit for logical offset 2599: IndexEntry{logical=2500, physical=251000, timestamp=3500000, size=100, topic='TestTopic', queueId=0}
18:06:43.107 [main] DEBUG com.zephyr.storage.index.SparseIndex - Index hit for logical offset 2853: IndexEntry{logical=2800, physical=281000, timestamp=3800000, size=100, topic='TestTopic', queueId=0}
18:06:43.107 [main] DEBUG com.zephyr.storage.index.SparseIndex - Index hit for logical offset 3161: IndexEntry{logical=3100, physical=311000, timestamp=4100000, size=100, topic='TestTopic', queueId=0}
18:06:43.107 [main] DEBUG com.zephyr.storage.index.SparseIndex - Index hit for logical offset 5072: IndexEntry{logical=5000, physical=501000, timestamp=6000000, size=100, topic='TestTopic', queueId=0}
18:06:43.108 [main] DEBUG com.zephyr.storage.index.SparseIndex - Index hit for logical offset 1226: IndexEntry{logical=1200, physical=121000, timestamp=2200000, size=100, topic='TestTopic', queueId=0}
18:06:43.108 [main] DEBUG com.zephyr.storage.index.SparseIndex - Index hit for logical offset 4825: IndexEntry{logical=4800, physical=481000, timestamp=5800000, size=100, topic='TestTopic', queueId=0}
18:06:43.108 [main] DEBUG com.zephyr.storage.index.SparseIndex - Index hit for logical offset 5336: IndexEntry{logical=5300, physical=531000, timestamp=6300000, size=100, topic='TestTopic', queueId=0}
18:06:43.108 [main] DEBUG com.zephyr.storage.index.SparseIndex - Index hit for logical offset 9688: IndexEntry{logical=9600, physical=961000, timestamp=10600000, size=100, topic='TestTopic', queueId=0}
18:06:43.108 [main] DEBUG com.zephyr.storage.index.SparseIndex - Index hit for logical offset 1581: IndexEntry{logical=1500, physical=151000, timestamp=2500000, size=100, topic='TestTopic', queueId=0}
18:06:43.108 [main] DEBUG com.zephyr.storage.index.SparseIndex - Index hit for logical offset 5361: IndexEntry{logical=5300, physical=531000, timestamp=6300000, size=100, topic='TestTopic', queueId=0}
18:06:43.108 [main] DEBUG com.zephyr.storage.index.SparseIndex - Index hit for logical offset 6374: IndexEntry{logical=6300, physical=631000, timestamp=7300000, size=100, topic='TestTopic', queueId=0}
18:06:43.108 [main] DEBUG com.zephyr.storage.index.SparseIndex - Index hit for logical offset 4800: IndexEntry{logical=4800, physical=481000, timestamp=5800000, size=100, topic='TestTopic', queueId=0}
18:06:43.108 [main] DEBUG com.zephyr.storage.index.SparseIndex - Index hit for logical offset 7990: IndexEntry{logical=7900, physical=791000, timestamp=8900000, size=100, topic='TestTopic', queueId=0}
18:06:43.108 [main] DEBUG com.zephyr.storage.index.SparseIndex - Index hit for logical offset 8118: IndexEntry{logical=8100, physical=811000, timestamp=9100000, size=100, topic='TestTopic', queueId=0}
18:06:43.108 [main] DEBUG com.zephyr.storage.index.SparseIndex - Index hit for logical offset 8441: IndexEntry{logical=8400, physical=841000, timestamp=9400000, size=100, topic='TestTopic', queueId=0}
18:06:43.108 [main] DEBUG com.zephyr.storage.index.SparseIndex - Index hit for logical offset 648: IndexEntry{logical=600, physical=61000, timestamp=1600000, size=100, topic='TestTopic', queueId=0}
18:06:43.108 [main] DEBUG com.zephyr.storage.index.SparseIndex - Index hit for logical offset 4344: IndexEntry{logical=4300, physical=431000, timestamp=5300000, size=100, topic='TestTopic', queueId=0}
18:06:43.108 [main] DEBUG com.zephyr.storage.index.SparseIndex - Index hit for logical offset 269: IndexEntry{logical=200, physical=21000, timestamp=1200000, size=100, topic='TestTopic', queueId=0}
18:06:43.108 [main] DEBUG com.zephyr.storage.index.SparseIndex - Index hit for logical offset 7700: IndexEntry{logical=7700, physical=771000, timestamp=8700000, size=100, topic='TestTopic', queueId=0}
18:06:43.108 [main] DEBUG com.zephyr.storage.index.SparseIndex - Index hit for logical offset 9433: IndexEntry{logical=9400, physical=941000, timestamp=10400000, size=100, topic='TestTopic', queueId=0}
18:06:43.108 [main] DEBUG com.zephyr.storage.index.SparseIndex - Index hit for logical offset 3532: IndexEntry{logical=3500, physical=351000, timestamp=4500000, size=100, topic='TestTopic', queueId=0}
18:06:43.108 [main] DEBUG com.zephyr.storage.index.SparseIndex - Index hit for logical offset 6551: IndexEntry{logical=6500, physical=651000, timestamp=7500000, size=100, topic='TestTopic', queueId=0}
18:06:43.108 [main] DEBUG com.zephyr.storage.index.SparseIndex - Index hit for logical offset 4188: IndexEntry{logical=4100, physical=411000, timestamp=5100000, size=100, topic='TestTopic', queueId=0}
18:06:43.108 [main] DEBUG com.zephyr.storage.index.SparseIndex - Index hit for logical offset 5577: IndexEntry{logical=5500, physical=551000, timestamp=6500000, size=100, topic='TestTopic', queueId=0}
18:06:43.108 [main] DEBUG com.zephyr.storage.index.SparseIndex - Index hit for logical offset 9999: IndexEntry{logical=9900, physical=991000, timestamp=10900000, size=100, topic='TestTopic', queueId=0}
18:06:43.108 [main] DEBUG com.zephyr.storage.index.SparseIndex - Index hit for logical offset 67: IndexEntry{logical=0, physical=1000, timestamp=1000000, size=100, topic='TestTopic', queueId=0}
18:06:43.108 [main] DEBUG com.zephyr.storage.index.SparseIndex - Index hit for logical offset 2444: IndexEntry{logical=2400, physical=241000, timestamp=3400000, size=100, topic='TestTopic', queueId=0}
18:06:43.108 [main] DEBUG com.zephyr.storage.index.SparseIndex - Index hit for logical offset 7833: IndexEntry{logical=7800, physical=781000, timestamp=8800000, size=100, topic='TestTopic', queueId=0}
18:06:43.108 [main] DEBUG com.zephyr.storage.index.SparseIndex - Index hit for logical offset 828: IndexEntry{logical=800, physical=81000, timestamp=1800000, size=100, topic='TestTopic', queueId=0}
18:06:43.108 [main] DEBUG com.zephyr.storage.index.SparseIndex - Index hit for logical offset 6911: IndexEntry{logical=6900, physical=691000, timestamp=7900000, size=100, topic='TestTopic', queueId=0}
18:06:43.108 [main] DEBUG com.zephyr.storage.index.SparseIndex - Index hit for logical offset 2831: IndexEntry{logical=2800, physical=281000, timestamp=3800000, size=100, topic='TestTopic', queueId=0}
18:06:43.108 [main] DEBUG com.zephyr.storage.index.SparseIndex - Index hit for logical offset 1148: IndexEntry{logical=1100, physical=111000, timestamp=2100000, size=100, topic='TestTopic', queueId=0}
18:06:43.108 [main] DEBUG com.zephyr.storage.index.SparseIndex - Index hit for logical offset 6470: IndexEntry{logical=6400, physical=641000, timestamp=7400000, size=100, topic='TestTopic', queueId=0}
18:06:43.108 [main] DEBUG com.zephyr.storage.index.SparseIndex - Index hit for logical offset 643: IndexEntry{logical=600, physical=61000, timestamp=1600000, size=100, topic='TestTopic', queueId=0}
18:06:43.108 [main] DEBUG com.zephyr.storage.index.SparseIndex - Index hit for logical offset 8773: IndexEntry{logical=8700, physical=871000, timestamp=9700000, size=100, topic='TestTopic', queueId=0}
18:06:43.108 [main] DEBUG com.zephyr.storage.index.SparseIndex - Index hit for logical offset 5946: IndexEntry{logical=5900, physical=591000, timestamp=6900000, size=100, topic='TestTopic', queueId=0}
18:06:43.108 [main] DEBUG com.zephyr.storage.index.SparseIndex - Index hit for logical offset 9602: IndexEntry{logical=9600, physical=961000, timestamp=10600000, size=100, topic='TestTopic', queueId=0}
18:06:43.108 [main] DEBUG com.zephyr.storage.index.SparseIndex - Index hit for logical offset 5649: IndexEntry{logical=5600, physical=561000, timestamp=6600000, size=100, topic='TestTopic', queueId=0}
18:06:43.108 [main] DEBUG com.zephyr.storage.index.SparseIndex - Index hit for logical offset 6999: IndexEntry{logical=6900, physical=691000, timestamp=7900000, size=100, topic='TestTopic', queueId=0}
18:06:43.108 [main] DEBUG com.zephyr.storage.index.SparseIndex - Index hit for logical offset 1260: IndexEntry{logical=1200, physical=121000, timestamp=2200000, size=100, topic='TestTopic', queueId=0}
18:06:43.109 [main] DEBUG com.zephyr.storage.index.SparseIndex - Index hit for logical offset 9413: IndexEntry{logical=9400, physical=941000, timestamp=10400000, size=100, topic='TestTopic', queueId=0}
18:06:43.109 [main] DEBUG com.zephyr.storage.index.SparseIndex - Index hit for logical offset 5526: IndexEntry{logical=5500, physical=551000, timestamp=6500000, size=100, topic='TestTopic', queueId=0}
18:06:43.109 [main] DEBUG com.zephyr.storage.index.SparseIndex - Index hit for logical offset 6240: IndexEntry{logical=6200, physical=621000, timestamp=7200000, size=100, topic='TestTopic', queueId=0}
18:06:43.109 [main] DEBUG com.zephyr.storage.index.SparseIndex - Index hit for logical offset 6044: IndexEntry{logical=6000, physical=601000, timestamp=7000000, size=100, topic='TestTopic', queueId=0}
18:06:43.109 [main] DEBUG com.zephyr.storage.index.SparseIndex - Index hit for logical offset 9113: IndexEntry{logical=9100, physical=911000, timestamp=10100000, size=100, topic='TestTopic', queueId=0}
18:06:43.109 [main] DEBUG com.zephyr.storage.index.SparseIndex - Index hit for logical offset 3728: IndexEntry{logical=3700, physical=371000, timestamp=4700000, size=100, topic='TestTopic', queueId=0}
18:06:43.109 [main] DEBUG com.zephyr.storage.index.SparseIndex - Index hit for logical offset 4861: IndexEntry{logical=4800, physical=481000, timestamp=5800000, size=100, topic='TestTopic', queueId=0}
18:06:43.109 [main] DEBUG com.zephyr.storage.index.SparseIndex - Index hit for logical offset 9878: IndexEntry{logical=9800, physical=981000, timestamp=10800000, size=100, topic='TestTopic', queueId=0}
18:06:43.109 [main] DEBUG com.zephyr.storage.index.SparseIndex - Index hit for logical offset 6421: IndexEntry{logical=6400, physical=641000, timestamp=7400000, size=100, topic='TestTopic', queueId=0}
18:06:43.109 [main] DEBUG com.zephyr.storage.index.SparseIndex - Index hit for logical offset 8971: IndexEntry{logical=8900, physical=891000, timestamp=9900000, size=100, topic='TestTopic', queueId=0}
18:06:43.109 [main] DEBUG com.zephyr.storage.index.SparseIndex - Index hit for logical offset 9400: IndexEntry{logical=9400, physical=941000, timestamp=10400000, size=100, topic='TestTopic', queueId=0}
18:06:43.110 [main] DEBUG com.zephyr.storage.index.SparseIndex - Index hit for logical offset 311: IndexEntry{logical=300, physical=31000, timestamp=1300000, size=100, topic='TestTopic', queueId=0}
18:06:43.110 [main] DEBUG com.zephyr.storage.index.SparseIndex - Index hit for logical offset 377: IndexEntry{logical=300, physical=31000, timestamp=1300000, size=100, topic='TestTopic', queueId=0}
18:06:43.110 [main] DEBUG com.zephyr.storage.index.SparseIndex - Index hit for logical offset 7120: IndexEntry{logical=7100, physical=711000, timestamp=8100000, size=100, topic='TestTopic', queueId=0}
18:06:43.110 [main] DEBUG com.zephyr.storage.index.SparseIndex - Index hit for logical offset 4085: IndexEntry{logical=4000, physical=401000, timestamp=5000000, size=100, topic='TestTopic', queueId=0}
18:06:43.110 [main] DEBUG com.zephyr.storage.index.SparseIndex - Index hit for logical offset 9089: IndexEntry{logical=9000, physical=901000, timestamp=10000000, size=100, topic='TestTopic', queueId=0}
18:06:43.110 [main] DEBUG com.zephyr.storage.index.SparseIndex - Index hit for logical offset 2939: IndexEntry{logical=2900, physical=291000, timestamp=3900000, size=100, topic='TestTopic', queueId=0}
18:06:43.110 [main] DEBUG com.zephyr.storage.index.SparseIndex - Index hit for logical offset 4622: IndexEntry{logical=4600, physical=461000, timestamp=5600000, size=100, topic='TestTopic', queueId=0}
18:06:43.110 [main] DEBUG com.zephyr.storage.index.SparseIndex - Index hit for logical offset 6085: IndexEntry{logical=6000, physical=601000, timestamp=7000000, size=100, topic='TestTopic', queueId=0}
18:06:43.110 [main] DEBUG com.zephyr.storage.index.SparseIndex - Index hit for logical offset 3663: IndexEntry{logical=3600, physical=361000, timestamp=4600000, size=100, topic='TestTopic', queueId=0}
18:06:43.110 [main] DEBUG com.zephyr.storage.index.SparseIndex - Index hit for logical offset 515: IndexEntry{logical=500, physical=51000, timestamp=1500000, size=100, topic='TestTopic', queueId=0}
18:06:43.110 [main] DEBUG com.zephyr.storage.index.SparseIndex - Index hit for logical offset 5959: IndexEntry{logical=5900, physical=591000, timestamp=6900000, size=100, topic='TestTopic', queueId=0}
18:06:43.110 [main] DEBUG com.zephyr.storage.index.SparseIndex - Index hit for logical offset 2435: IndexEntry{logical=2400, physical=241000, timestamp=3400000, size=100, topic='TestTopic', queueId=0}
18:06:43.110 [main] DEBUG com.zephyr.storage.index.SparseIndex - Index hit for logical offset 3529: IndexEntry{logical=3500, physical=351000, timestamp=4500000, size=100, topic='TestTopic', queueId=0}
18:06:43.110 [main] DEBUG com.zephyr.storage.index.SparseIndex - Index hit for logical offset 8843: IndexEntry{logical=8800, physical=881000, timestamp=9800000, size=100, topic='TestTopic', queueId=0}
18:06:43.110 [main] DEBUG com.zephyr.storage.index.SparseIndex - Index hit for logical offset 9024: IndexEntry{logical=9000, physical=901000, timestamp=10000000, size=100, topic='TestTopic', queueId=0}
18:06:43.110 [main] DEBUG com.zephyr.storage.index.SparseIndex - Index hit for logical offset 2396: IndexEntry{logical=2300, physical=231000, timestamp=3300000, size=100, topic='TestTopic', queueId=0}
18:06:43.111 [main] DEBUG com.zephyr.storage.index.SparseIndex - Index hit for logical offset 3184: IndexEntry{logical=3100, physical=311000, timestamp=4100000, size=100, topic='TestTopic', queueId=0}
18:06:43.111 [main] DEBUG com.zephyr.storage.index.SparseIndex - Index hit for logical offset 4426: IndexEntry{logical=4400, physical=441000, timestamp=5400000, size=100, topic='TestTopic', queueId=0}
18:06:43.111 [main] DEBUG com.zephyr.storage.index.SparseIndex - Index hit for logical offset 7856: IndexEntry{logical=7800, physical=781000, timestamp=8800000, size=100, topic='TestTopic', queueId=0}
18:06:43.111 [main] DEBUG com.zephyr.storage.index.SparseIndex - Index hit for logical offset 3314: IndexEntry{logical=3300, physical=331000, timestamp=4300000, size=100, topic='TestTopic', queueId=0}
18:06:43.111 [main] DEBUG com.zephyr.storage.index.SparseIndex - Index hit for logical offset 4798: IndexEntry{logical=4700, physical=471000, timestamp=5700000, size=100, topic='TestTopic', queueId=0}
18:06:43.111 [main] DEBUG com.zephyr.storage.index.SparseIndex - Index hit for logical offset 7130: IndexEntry{logical=7100, physical=711000, timestamp=8100000, size=100, topic='TestTopic', queueId=0}
18:06:43.111 [main] DEBUG com.zephyr.storage.index.SparseIndex - Index hit for logical offset 1749: IndexEntry{logical=1700, physical=171000, timestamp=2700000, size=100, topic='TestTopic', queueId=0}
18:06:43.111 [main] DEBUG com.zephyr.storage.index.SparseIndex - Index hit for logical offset 9002: IndexEntry{logical=9000, physical=901000, timestamp=10000000, size=100, topic='TestTopic', queueId=0}
18:06:43.111 [main] DEBUG com.zephyr.storage.index.SparseIndex - Index hit for logical offset 4051: IndexEntry{logical=4000, physical=401000, timestamp=5000000, size=100, topic='TestTopic', queueId=0}
18:06:43.111 [main] DEBUG com.zephyr.storage.index.SparseIndex - Index hit for logical offset 1474: IndexEntry{logical=1400, physical=141000, timestamp=2400000, size=100, topic='TestTopic', queueId=0}
18:06:43.111 [main] DEBUG com.zephyr.storage.index.SparseIndex - Index hit for logical offset 3386: IndexEntry{logical=3300, physical=331000, timestamp=4300000, size=100, topic='TestTopic', queueId=0}
18:06:43.111 [main] DEBUG com.zephyr.storage.index.SparseIndex - Index hit for logical offset 7081: IndexEntry{logical=7000, physical=701000, timestamp=8000000, size=100, topic='TestTopic', queueId=0}
18:06:43.111 [main] DEBUG com.zephyr.storage.index.SparseIndex - Index hit for logical offset 2002: IndexEntry{logical=2000, physical=201000, timestamp=3000000, size=100, topic='TestTopic', queueId=0}
18:06:43.111 [main] DEBUG com.zephyr.storage.index.SparseIndex - Index hit for logical offset 8653: IndexEntry{logical=8600, physical=861000, timestamp=9600000, size=100, topic='TestTopic', queueId=0}
18:06:43.111 [main] DEBUG com.zephyr.storage.index.SparseIndex - Index hit for logical offset 6368: IndexEntry{logical=6300, physical=631000, timestamp=7300000, size=100, topic='TestTopic', queueId=0}
18:06:43.111 [main] DEBUG com.zephyr.storage.index.SparseIndex - Index hit for logical offset 5804: IndexEntry{logical=5800, physical=581000, timestamp=6800000, size=100, topic='TestTopic', queueId=0}
18:06:43.111 [main] DEBUG com.zephyr.storage.index.SparseIndex - Index hit for logical offset 4356: IndexEntry{logical=4300, physical=431000, timestamp=5300000, size=100, topic='TestTopic', queueId=0}
18:06:43.111 [main] DEBUG com.zephyr.storage.index.SparseIndex - Index hit for logical offset 7391: IndexEntry{logical=7300, physical=731000, timestamp=8300000, size=100, topic='TestTopic', queueId=0}
18:06:43.111 [main] DEBUG com.zephyr.storage.index.SparseIndex - Index hit for logical offset 4250: IndexEntry{logical=4200, physical=421000, timestamp=5200000, size=100, topic='TestTopic', queueId=0}
18:06:43.111 [main] DEBUG com.zephyr.storage.index.SparseIndex - Index hit for logical offset 1448: IndexEntry{logical=1400, physical=141000, timestamp=2400000, size=100, topic='TestTopic', queueId=0}
18:06:43.111 [main] DEBUG com.zephyr.storage.index.SparseIndex - Index hit for logical offset 7052: IndexEntry{logical=7000, physical=701000, timestamp=8000000, size=100, topic='TestTopic', queueId=0}
18:06:43.111 [main] DEBUG com.zephyr.storage.index.SparseIndex - Index hit for logical offset 9361: IndexEntry{logical=9300, physical=931000, timestamp=10300000, size=100, topic='TestTopic', queueId=0}
18:06:43.111 [main] DEBUG com.zephyr.storage.index.SparseIndex - Index hit for logical offset 9060: IndexEntry{logical=9000, physical=901000, timestamp=10000000, size=100, topic='TestTopic', queueId=0}
18:06:43.111 [main] DEBUG com.zephyr.storage.index.SparseIndex - Index hit for logical offset 4527: IndexEntry{logical=4500, physical=451000, timestamp=5500000, size=100, topic='TestTopic', queueId=0}
18:06:43.111 [main] DEBUG com.zephyr.storage.index.SparseIndex - Index hit for logical offset 3668: IndexEntry{logical=3600, physical=361000, timestamp=4600000, size=100, topic='TestTopic', queueId=0}
18:06:43.111 [main] DEBUG com.zephyr.storage.index.SparseIndex - Index hit for logical offset 4085: IndexEntry{logical=4000, physical=401000, timestamp=5000000, size=100, topic='TestTopic', queueId=0}
18:06:43.111 [main] DEBUG com.zephyr.storage.index.SparseIndex - Index hit for logical offset 7133: IndexEntry{logical=7100, physical=711000, timestamp=8100000, size=100, topic='TestTopic', queueId=0}
18:06:43.111 [main] DEBUG com.zephyr.storage.index.SparseIndex - Index hit for logical offset 6800: IndexEntry{logical=6800, physical=681000, timestamp=7800000, size=100, topic='TestTopic', queueId=0}
18:06:43.111 [main] DEBUG com.zephyr.storage.index.SparseIndex - Index hit for logical offset 5861: IndexEntry{logical=5800, physical=581000, timestamp=6800000, size=100, topic='TestTopic', queueId=0}
18:06:43.111 [main] DEBUG com.zephyr.storage.index.SparseIndex - Index hit for logical offset 8982: IndexEntry{logical=8900, physical=891000, timestamp=9900000, size=100, topic='TestTopic', queueId=0}
18:06:43.111 [main] DEBUG com.zephyr.storage.index.SparseIndex - Index hit for logical offset 4087: IndexEntry{logical=4000, physical=401000, timestamp=5000000, size=100, topic='TestTopic', queueId=0}
18:06:43.111 [main] DEBUG com.zephyr.storage.index.SparseIndex - Index hit for logical offset 1336: IndexEntry{logical=1300, physical=131000, timestamp=2300000, size=100, topic='TestTopic', queueId=0}
18:06:43.111 [main] DEBUG com.zephyr.storage.index.SparseIndex - Index hit for logical offset 2762: IndexEntry{logical=2700, physical=271000, timestamp=3700000, size=100, topic='TestTopic', queueId=0}
18:06:43.111 [main] DEBUG com.zephyr.storage.index.SparseIndex - Index hit for logical offset 2557: IndexEntry{logical=2500, physical=251000, timestamp=3500000, size=100, topic='TestTopic', queueId=0}
18:06:43.111 [main] DEBUG com.zephyr.storage.index.SparseIndex - Index hit for logical offset 8744: IndexEntry{logical=8700, physical=871000, timestamp=9700000, size=100, topic='TestTopic', queueId=0}
[...]
18:06:43.128 [main] DEBUG com.zephyr.storage.index.SparseIndex - Index hit for logical offset 5745: IndexEntry{logical=5700, physical=571000, timestamp=6700000, size=100, topic='TestTopic', queueId=0}
18:06:43.128 [main] DEBUG com.zephyr.storage.index.SparseIndex - Index hit for logical offset 2461: IndexEntry{logical=2400, physical=241000, timestamp=3400000, size=100, topic='TestTopic', queueId=0}
18:06:43.128 [main] DEBUG com.zephyr.storage.index.SparseIndex - Index hit for logical offset 466: IndexEntry{logical=400, physical=41000, timestamp=1400000, size=100, topic='TestTopic', queueId=0}
18:06:43.128 [main] DEBUG com.zephyr.storage.index.SparseIndex - Index hit for logical offset 2570: IndexEntry{logical=2500, physical=251000, timestamp=3500000, size=100, topic='TestTopic', queueId=0}
18:06:43.128 [main] DEBUG com.zephyr.storage.index.SparseIndex - Index hit for logical offset 4587: IndexEntry{logical=4500, physical=451000, timestamp=5500000, size=100, topic='TestTopic', queueId=0}
18:06:43.128 [main] DEBUG com.zephyr.storage.index.SparseIndex - Index hit for logical offset 75: IndexEntry{logical=0, physical=1000, timestamp=1000000, size=100, topic='TestTopic', queueId=0}
18:06:43.128 [main] DEBUG com.zephyr.storage.index.SparseIndex - Index hit for logical offset 6796: IndexEntry{logical=6700, physical=671000, timestamp=7700000, size=100, topic='TestTopic', queueId=0}
18:06:43.128 [main] DEBUG com.zephyr.storage.index.SparseIndex - Index hit for logical offset 4315: IndexEntry{logical=4300, physical=431000, timestamp=5300000, size=100, topic='TestTopic', queueId=0}
18:06:43.128 [main] DEBUG com.zephyr.storage.index.SparseIndex - Index hit for logical offset 1496: IndexEntry{logical=1400, physical=141000, timestamp=2400000, size=100, topic='TestTopic', queueId=0}
18:06:43.128 [main] DEBUG com.zephyr.storage.index.SparseIndex - Index hit for logical offset 8330: IndexEntry{logical=8300, physical=831000, timestamp=9300000, size=100, topic='TestTopic', queueId=0}
18:06:43.128 [main] DEBUG com.zephyr.storage.index.SparseIndex - Index hit for logical offset 5204: IndexEntry{logical=5200, physical=521000, timestamp=6200000, size=100, topic='TestTopic', queueId=0}
18:06:43.128 [main] DEBUG com.zephyr.storage.index.SparseIndex - Index hit for logical offset 9414: IndexEntry{logical=9400, physical=941000, timestamp=10400000, size=100, topic='TestTopic', queueId=0}
18:06:43.128 [main] DEBUG com.zephyr.storage.index.SparseIndex - Index hit for logical offset 4412: IndexEntry{logical=4400, physical=441000, timestamp=5400000, size=100, topic='TestTopic', queueId=0}
18:06:43.128 [main] DEBUG com.zephyr.storage.index.SparseIndex - Index hit for logical offset 8639: IndexEntry{logical=8600, physical=861000, timestamp=9600000, size=100, topic='TestTopic', queueId=0}
18:06:43.128 [main] DEBUG com.zephyr.storage.index.SparseIndex - Index hit for logical offset 2114: IndexEntry{logical=2100, physical=211000, timestamp=3100000, size=100, topic='TestTopic', queueId=0}
18:06:43.128 [main] DEBUG com.zephyr.storage.index.SparseIndex - Index hit for logical offset 442: IndexEntry{logical=400, physical=41000, timestamp=1400000, size=100, topic='TestTopic', queueId=0}
18:06:43.128 [main] DEBUG com.zephyr.storage.index.SparseIndex - Index hit for logical offset 4146: IndexEntry{logical=4100, physical=411000, timestamp=5100000, size=100, topic='TestTopic', queueId=0}
18:06:43.128 [main] DEBUG com.zephyr.storage.index.SparseIndex - Index hit for logical offset 2469: IndexEntry{logical=2400, physical=241000, timestamp=3400000, size=100, topic='TestTopic', queueId=0}
18:06:43.128 [main] DEBUG com.zephyr.storage.index.SparseIndex - Index hit for logical offset 6215: IndexEntry{logical=6200, physical=621000, timestamp=7200000, size=100, topic='TestTopic', queueId=0}
18:06:43.128 [main] DEBUG com.zephyr.storage.index.SparseIndex - Index hit for logical offset 7073: IndexEntry{logical=7000, physical=701000, timestamp=8000000, size=100, topic='TestTopic', queueId=0}
18:06:43.128 [main] DEBUG com.zephyr.storage.index.SparseIndex - Index hit for logical offset 5934: IndexEntry{logical=5900, physical=591000, timestamp=6900000, size=100, topic='TestTopic', queueId=0}
18:06:43.128 [main] DEBUG com.zephyr.storage.index.SparseIndex - Index hit for logical offset 7899: IndexEntry{logical=7800, physical=781000, timestamp=8800000, size=100, topic='TestTopic', queueId=0}
18:06:43.128 [main] DEBUG com.zephyr.storage.index.SparseIndex - Index hit for logical offset 3798: IndexEntry{logical=3700, physical=371000, timestamp=4700000, size=100, topic='TestTopic', queueId=0}
18:06:43.128 [main] DEBUG com.zephyr.storage.index.SparseIndex - Index hit for logical offset 2213: IndexEntry{logical=2200, physical=221000, timestamp=3200000, size=100, topic='TestTopic', queueId=0}
18:06:43.128 [main] DEBUG com.zephyr.storage.index.SparseIndex - Index hit for logical offset 2389: IndexEntry{logical=2300, physical=231000, timestamp=3300000, size=100, topic='TestTopic', queueId=0}
18:06:43.128 [main] DEBUG com.zephyr.storage.index.SparseIndex - Index hit for logical offset 4802: IndexEntry{logical=4800, physical=481000, timestamp=5800000, size=100, topic='TestTopic', queueId=0}
18:06:43.128 [main] DEBUG com.zephyr.storage.index.SparseIndex - Index hit for logical offset 3104: IndexEntry{logical=3100, physical=311000, timestamp=4100000, size=100, topic='TestTopic', queueId=0}
18:06:43.128 [main] DEBUG com.zephyr.storage.index.SparseIndex - Index hit for logical offset 5829: IndexEntry{logical=5800, physical=581000, timestamp=6800000, size=100, topic='TestTopic', queueId=0}
18:06:43.128 [main] DEBUG com.zephyr.storage.index.SparseIndex - Index hit for logical offset 5574: IndexEntry{logical=5500, physical=551000, timestamp=6500000, size=100, topic='TestTopic', queueId=0}
18:06:43.128 [main] DEBUG com.zephyr.storage.index.SparseIndex - Index hit for logical offset 9782: IndexEntry{logical=9700, physical=971000, timestamp=10700000, size=100, topic='TestTopic', queueId=0}
18:06:43.128 [main] DEBUG com.zephyr.storage.index.SparseIndex - Index hit for logical offset 2145: IndexEntry{logical=2100, physical=211000, timestamp=3100000, size=100, topic='TestTopic', queueId=0}
18:06:43.128 [main] DEBUG com.zephyr.storage.index.SparseIndex - Index hit for logical offset 8125: IndexEntry{logical=8100, physical=811000, timestamp=9100000, size=100, topic='TestTopic', queueId=0}
18:06:43.128 [main] DEBUG com.zephyr.storage.index.SparseIndex - Index hit for logical offset 1023: IndexEntry{logical=1000, physical=101000, timestamp=2000000, size=100, topic='TestTopic', queueId=0}
18:06:43.128 [main] DEBUG com.zephyr.storage.index.SparseIndex - Index hit for logical offset 5287: IndexEntry{logical=5200, physical=521000, timestamp=6200000, size=100, topic='TestTopic', queueId=0}
18:06:43.128 [main] DEBUG com.zephyr.storage.index.SparseIndex - Index hit for logical offset 9101: IndexEntry{logical=9100, physical=911000, timestamp=10100000, size=100, topic='TestTopic', queueId=0}
18:06:43.128 [main] DEBUG com.zephyr.storage.index.SparseIndex - Index hit for logical offset 7813: IndexEntry{logical=7800, physical=781000, timestamp=8800000, size=100, topic='TestTopic', queueId=0}
18:06:43.128 [main] DEBUG com.zephyr.storage.index.SparseIndex - Index hit for logical offset 3243: IndexEntry{logical=3200, physical=321000, timestamp=4200000, size=100, topic='TestTopic', queueId=0}
18:06:43.128 [main] DEBUG com.zephyr.storage.index.SparseIndex - Index hit for logical offset 4761: IndexEntry{logical=4700, physical=471000, timestamp=5700000, size=100, topic='TestTopic', queueId=0}
18:06:43.128 [main] DEBUG com.zephyr.storage.index.SparseIndex - Index hit for logical offset 5630: IndexEntry{logical=5600, physical=561000, timestamp=6600000, size=100, topic='TestTopic', queueId=0}
18:06:43.128 [main] DEBUG com.zephyr.storage.index.SparseIndex - Index hit for logical offset 4420: IndexEntry{logical=4400, physical=441000, timestamp=5400000, size=100, topic='TestTopic', queueId=0}
18:06:43.128 [main] DEBUG com.zephyr.storage.index.SparseIndex - Index hit for logical offset 479: IndexEntry{logical=400, physical=41000, timestamp=1400000, size=100, topic='TestTopic', queueId=0}
18:06:43.128 [main] DEBUG com.zephyr.storage.index.SparseIndex - Index hit for logical offset 7094: IndexEntry{logical=7000, physical=701000, timestamp=8000000, size=100, topic='TestTopic', queueId=0}
18:06:43.128 [main] DEBUG com.zephyr.storage.index.SparseIndex - Index hit for logical offset 1206: IndexEntry{logical=1200, physical=121000, timestamp=2200000, size=100, topic='TestTopic', queueId=0}
18:06:43.128 [main] DEBUG com.zephyr.storage.index.SparseIndex - Index hit for logical offset 5788: IndexEntry{logical=5700, physical=571000, timestamp=6700000, size=100, topic='TestTopic', queueId=0}
18:06:43.128 [main] DEBUG com.zephyr.storage.index.SparseIndex - Index hit for logical offset 6333: IndexEntry{logical=6300, physical=631000, timestamp=7300000, size=100, topic='TestTopic', queueId=0}
18:06:43.128 [main] DEBUG com.zephyr.storage.index.SparseIndex - Index hit for logical offset 9209: IndexEntry{logical=9200, physical=921000, timestamp=10200000, size=100, topic='TestTopic', queueId=0}
18:06:43.128 [main] DEBUG com.zephyr.storage.index.SparseIndex - Index hit for logical offset 958: IndexEntry{logical=900, physical=91000, timestamp=1900000, size=100, topic='TestTopic', queueId=0}
18:06:43.128 [main] DEBUG com.zephyr.storage.index.SparseIndex - Index hit for logical offset 3233: IndexEntry{logical=3200, physical=321000, timestamp=4200000, size=100, topic='TestTopic', queueId=0}
18:06:43.128 [main] DEBUG com.zephyr.storage.index.SparseIndex - Index hit for logical offset 7208: IndexEntry{logical=7200, physical=721000, timestamp=8200000, size=100, topic='TestTopic', queueId=0}
Large data test: 100 entries added in 5ms, 1000 queries in 25ms, hit ratio: 100.00%
]]></system-out>
  </testcase>
  <testcase name="testIndexEntryToString" classname="com.zephyr.storage.index.SparseIndexTest" time="0.001">
    <system-out><![CDATA[18:06:43.129 [main] INFO com.zephyr.storage.index.SparseIndex - SparseIndex initialized: interval=10, maxEntries=1000
]]></system-out>
  </testcase>
  <testcase name="testTimeRangeQuery" classname="com.zephyr.storage.index.SparseIndexTest" time="0.005">
    <system-out><![CDATA[18:06:43.130 [main] INFO com.zephyr.storage.index.SparseIndex - SparseIndex initialized: interval=10, maxEntries=1000
18:06:43.130 [main] DEBUG com.zephyr.storage.index.SparseIndex - Added index entry: IndexEntry{logical=0, physical=1000, timestamp=1000000, size=100, topic='TestTopic', queueId=0}
18:06:43.130 [main] DEBUG com.zephyr.storage.index.SparseIndex - Added index entry: IndexEntry{logical=10, physical=2000, timestamp=1010000, size=100, topic='TestTopic', queueId=0}
18:06:43.130 [main] DEBUG com.zephyr.storage.index.SparseIndex - Added index entry: IndexEntry{logical=20, physical=3000, timestamp=1020000, size=100, topic='TestTopic', queueId=0}
18:06:43.130 [main] DEBUG com.zephyr.storage.index.SparseIndex - Added index entry: IndexEntry{logical=30, physical=4000, timestamp=1030000, size=100, topic='TestTopic', queueId=0}
18:06:43.130 [main] DEBUG com.zephyr.storage.index.SparseIndex - Index hit for timestamp 1005000: IndexEntry{logical=0, physical=1000, timestamp=1000000, size=100, topic='TestTopic', queueId=0}
18:06:43.135 [main] DEBUG com.zephyr.storage.index.SparseIndex - Time range query [1005000, 1025000]: QueryRange{start=1000, end=4000, entries=[IndexEntry{logical=0, physical=1000, timestamp=1000000, size=100, topic='TestTopic', queueId=0}, IndexEntry{logical=30, physical=4000, timestamp=1030000, size=100, topic='TestTopic', queueId=0}]}
]]></system-out>
  </testcase>
  <testcase name="testSparseIndexInterval" classname="com.zephyr.storage.index.SparseIndexTest" time="0.0">
    <system-out><![CDATA[18:06:43.136 [main] INFO com.zephyr.storage.index.SparseIndex - SparseIndex initialized: interval=10, maxEntries=1000
18:06:43.136 [main] DEBUG com.zephyr.storage.index.SparseIndex - Added index entry: IndexEntry{logical=0, physical=1000, timestamp=1000000, size=100, topic='TestTopic', queueId=0}
18:06:43.136 [main] DEBUG com.zephyr.storage.index.SparseIndex - Added index entry: IndexEntry{logical=10, physical=2000, timestamp=1010000, size=100, topic='TestTopic', queueId=0}
18:06:43.136 [main] DEBUG com.zephyr.storage.index.SparseIndex - Added index entry: IndexEntry{logical=20, physical=3000, timestamp=1020000, size=100, topic='TestTopic', queueId=0}
18:06:43.136 [main] DEBUG com.zephyr.storage.index.SparseIndex - Added index entry: IndexEntry{logical=30, physical=4000, timestamp=1030000, size=100, topic='TestTopic', queueId=0}
18:06:43.136 [main] DEBUG com.zephyr.storage.index.SparseIndex - Added index entry: IndexEntry{logical=40, physical=5000, timestamp=1040000, size=100, topic='TestTopic', queueId=0}
18:06:43.136 [main] DEBUG com.zephyr.storage.index.SparseIndex - Index hit for logical offset 25: IndexEntry{logical=20, physical=3000, timestamp=1020000, size=100, topic='TestTopic', queueId=0}
18:06:43.136 [main] DEBUG com.zephyr.storage.index.SparseIndex - Index hit for logical offset 35: IndexEntry{logical=30, physical=4000, timestamp=1030000, size=100, topic='TestTopic', queueId=0}
]]></system-out>
  </testcase>
  <testcase name="testIndexNotFound" classname="com.zephyr.storage.index.SparseIndexTest" time="0.001">
    <system-out><![CDATA[18:06:43.136 [main] INFO com.zephyr.storage.index.SparseIndex - SparseIndex initialized: interval=10, maxEntries=1000
18:06:43.136 [main] DEBUG com.zephyr.storage.index.SparseIndex - No index found for logical offset: 100
18:06:43.137 [main] DEBUG com.zephyr.storage.index.SparseIndex - No index found for physical offset: 5000
18:06:43.137 [main] DEBUG com.zephyr.storage.index.SparseIndex - No index found for timestamp: 2000000
18:06:43.137 [main] DEBUG com.zephyr.storage.index.SparseIndex - Added index entry: IndexEntry{logical=100, physical=10000, timestamp=2000000, size=100, topic='TestTopic', queueId=0}
18:06:43.137 [main] DEBUG com.zephyr.storage.index.SparseIndex - No index found for logical offset: 50
18:06:43.137 [main] DEBUG com.zephyr.storage.index.SparseIndex - No index found for physical offset: 5000
18:06:43.137 [main] DEBUG com.zephyr.storage.index.SparseIndex - No index found for timestamp: 1500000
]]></system-out>
  </testcase>
  <testcase name="testPhysicalRangeQuery" classname="com.zephyr.storage.index.SparseIndexTest" time="0.0">
    <system-out><![CDATA[18:06:43.137 [main] INFO com.zephyr.storage.index.SparseIndex - SparseIndex initialized: interval=10, maxEntries=1000
18:06:43.137 [main] DEBUG com.zephyr.storage.index.SparseIndex - Added index entry: IndexEntry{logical=0, physical=1000, timestamp=1000000, size=100, topic='TestTopic', queueId=0}
18:06:43.137 [main] DEBUG com.zephyr.storage.index.SparseIndex - Added index entry: IndexEntry{logical=10, physical=2000, timestamp=1001000, size=100, topic='TestTopic', queueId=0}
18:06:43.137 [main] DEBUG com.zephyr.storage.index.SparseIndex - Added index entry: IndexEntry{logical=20, physical=3000, timestamp=1002000, size=100, topic='TestTopic', queueId=0}
18:06:43.137 [main] DEBUG com.zephyr.storage.index.SparseIndex - Added index entry: IndexEntry{logical=30, physical=4000, timestamp=1003000, size=100, topic='TestTopic', queueId=0}
18:06:43.137 [main] DEBUG com.zephyr.storage.index.SparseIndex - Index hit for physical offset 1500: IndexEntry{logical=0, physical=1000, timestamp=1000000, size=100, topic='TestTopic', queueId=0}
18:06:43.137 [main] DEBUG com.zephyr.storage.index.SparseIndex - Physical range query [1500, 3500]: QueryRange{start=1000, end=4000, entries=[IndexEntry{logical=0, physical=1000, timestamp=1000000, size=100, topic='TestTopic', queueId=0}, IndexEntry{logical=30, physical=4000, timestamp=1003000, size=100, topic='TestTopic', queueId=0}]}
]]></system-out>
  </testcase>
  <testcase name="testEarliestAndLatestEntries" classname="com.zephyr.storage.index.SparseIndexTest" time="0.001">
    <system-out><![CDATA[18:06:43.138 [main] INFO com.zephyr.storage.index.SparseIndex - SparseIndex initialized: interval=10, maxEntries=1000
18:06:43.138 [main] DEBUG com.zephyr.storage.index.SparseIndex - Added index entry: IndexEntry{logical=10, physical=2000, timestamp=1001000, size=100, topic='TestTopic', queueId=0}
18:06:43.138 [main] DEBUG com.zephyr.storage.index.SparseIndex - Added index entry: IndexEntry{logical=0, physical=1000, timestamp=1000000, size=100, topic='TestTopic', queueId=0}
18:06:43.138 [main] DEBUG com.zephyr.storage.index.SparseIndex - Added index entry: IndexEntry{logical=20, physical=3000, timestamp=1002000, size=100, topic='TestTopic', queueId=0}
]]></system-out>
  </testcase>
  <testcase name="testLogicalRangeQuery" classname="com.zephyr.storage.index.SparseIndexTest" time="0.0">
    <system-out><![CDATA[18:06:43.138 [main] INFO com.zephyr.storage.index.SparseIndex - SparseIndex initialized: interval=10, maxEntries=1000
18:06:43.138 [main] DEBUG com.zephyr.storage.index.SparseIndex - Added index entry: IndexEntry{logical=0, physical=1000, timestamp=1000000, size=100, topic='TestTopic', queueId=0}
18:06:43.138 [main] DEBUG com.zephyr.storage.index.SparseIndex - Added index entry: IndexEntry{logical=10, physical=2000, timestamp=1001000, size=100, topic='TestTopic', queueId=0}
18:06:43.138 [main] DEBUG com.zephyr.storage.index.SparseIndex - Added index entry: IndexEntry{logical=20, physical=3000, timestamp=1002000, size=100, topic='TestTopic', queueId=0}
18:06:43.138 [main] DEBUG com.zephyr.storage.index.SparseIndex - Added index entry: IndexEntry{logical=30, physical=4000, timestamp=1003000, size=100, topic='TestTopic', queueId=0}
18:06:43.138 [main] DEBUG com.zephyr.storage.index.SparseIndex - Index hit for logical offset 5: IndexEntry{logical=0, physical=1000, timestamp=1000000, size=100, topic='TestTopic', queueId=0}
18:06:43.138 [main] DEBUG com.zephyr.storage.index.SparseIndex - Logical range query [5, 25]: QueryRange{start=1000, end=4000, entries=[IndexEntry{logical=0, physical=1000, timestamp=1000000, size=100, topic='TestTopic', queueId=0}, IndexEntry{logical=30, physical=4000, timestamp=1003000, size=100, topic='TestTopic', queueId=0}]}
]]></system-out>
  </testcase>
  <testcase name="testQueryRangeOperations" classname="com.zephyr.storage.index.SparseIndexTest" time="0.0">
    <system-out><![CDATA[18:06:43.139 [main] INFO com.zephyr.storage.index.SparseIndex - SparseIndex initialized: interval=10, maxEntries=1000
]]></system-out>
  </testcase>
  <testcase name="testIndexStatistics" classname="com.zephyr.storage.index.SparseIndexTest" time="0.0">
    <system-out><![CDATA[18:06:43.139 [main] INFO com.zephyr.storage.index.SparseIndex - SparseIndex initialized: interval=10, maxEntries=1000
18:06:43.139 [main] DEBUG com.zephyr.storage.index.SparseIndex - Added index entry: IndexEntry{logical=0, physical=1000, timestamp=1000000, size=100, topic='TestTopic', queueId=0}
18:06:43.139 [main] DEBUG com.zephyr.storage.index.SparseIndex - Added index entry: IndexEntry{logical=10, physical=2000, timestamp=1001000, size=100, topic='TestTopic', queueId=0}
18:06:43.139 [main] DEBUG com.zephyr.storage.index.SparseIndex - Index hit for logical offset 5: IndexEntry{logical=0, physical=1000, timestamp=1000000, size=100, topic='TestTopic', queueId=0}
18:06:43.139 [main] DEBUG com.zephyr.storage.index.SparseIndex - Index hit for logical offset 15: IndexEntry{logical=10, physical=2000, timestamp=1001000, size=100, topic='TestTopic', queueId=0}
18:06:43.139 [main] DEBUG com.zephyr.storage.index.SparseIndex - Index hit for logical offset 50: IndexEntry{logical=10, physical=2000, timestamp=1001000, size=100, topic='TestTopic', queueId=0}
]]></system-out>
  </testcase>
</testsuite>