<?xml version="1.0" encoding="UTF-8"?>
<testsuite xmlns:xsi="http://www.w3.org/2001/XMLSchema-instance" xsi:noNamespaceSchemaLocation="https://maven.apache.org/surefire/maven-surefire-plugin/xsd/surefire-test-report-3.0.xsd" version="3.0" name="com.zephyr.storage.commitlog.FileRollingServiceTest" time="0.312" tests="7" errors="0" skipped="0" failures="0">
  <properties>
[...]
</properties>
  <testcase name="testFileRollingDisabled" classname="com.zephyr.storage.commitlog.FileRollingServiceTest" time="0.017">
    <system-out><![CDATA[18:06:42.784 [main] INFO com.zephyr.storage.commitlog.MappedFileQueue - Loaded 0 mapped files from /var/folders/d2/cks3ws395mbfrs2rm3yjvw8h0000gn/T/junit8805095092117016166
18:06:42.789 [main] INFO com.zephyr.storage.commitlog.MappedFile - Mapped file created: /var/folders/d2/cks3ws395mbfrs2rm3yjvw8h0000gn/T/junit8805095092117016166/00000000000000000000, size: 1024
18:06:42.789 [main] INFO com.zephyr.storage.commitlog.MappedFileQueue - Created new mapped file: /var/folders/d2/cks3ws395mbfrs2rm3yjvw8h0000gn/T/junit8805095092117016166/00000000000000000000
18:06:42.789 [main] WARN com.zephyr.storage.commitlog.MappedFile - Mapped file is full: /var/folders/d2/cks3ws395mbfrs2rm3yjvw8h0000gn/T/junit8805095092117016166/00000000000000000000, currentPos: 0, dataLength: 5120, fileSize: 1024
18:06:42.791 [main] INFO com.zephyr.storage.commitlog.MappedFile - Delete mapped file: /var/folders/d2/cks3ws395mbfrs2rm3yjvw8h0000gn/T/junit8805095092117016166/00000000000000000000, result: true, time: 1ms
]]></system-out>
  </testcase>
  <testcase name="testFileRollingStats" classname="com.zephyr.storage.commitlog.FileRollingServiceTest" time="0.004">
    <system-out><![CDATA[18:06:42.793 [main] INFO com.zephyr.storage.commitlog.FileRollingService - File rolling service started with auto cleanup enabled
18:06:42.793 [main] INFO com.zephyr.storage.commitlog.MappedFileQueue - Loaded 0 mapped files from /var/folders/d2/cks3ws395mbfrs2rm3yjvw8h0000gn/T/junit17090293639966159766
18:06:42.793 [main] INFO com.zephyr.storage.commitlog.MappedFile - Mapped file created: /var/folders/d2/cks3ws395mbfrs2rm3yjvw8h0000gn/T/junit17090293639966159766/00000000000000000000, size: 1024
18:06:42.793 [main] INFO com.zephyr.storage.commitlog.MappedFileQueue - Created new mapped file: /var/folders/d2/cks3ws395mbfrs2rm3yjvw8h0000gn/T/junit17090293639966159766/00000000000000000000
18:06:42.795 [main] INFO com.zephyr.storage.commitlog.MappedFileQueue - Rolling file /var/folders/d2/cks3ws395mbfrs2rm3yjvw8h0000gn/T/junit17090293639966159766/00000000000000000000 due to FILE_SIZE_EXCEEDED
18:06:42.795 [main] INFO com.zephyr.storage.commitlog.MappedFile - Mapped file created: /var/folders/d2/cks3ws395mbfrs2rm3yjvw8h0000gn/T/junit17090293639966159766/00000000000000001024, size: 1024
18:06:42.795 [main] INFO com.zephyr.storage.commitlog.MappedFileQueue - Created new mapped file: /var/folders/d2/cks3ws395mbfrs2rm3yjvw8h0000gn/T/junit17090293639966159766/00000000000000001024
18:06:42.795 [FileCleanup] INFO com.zephyr.storage.commitlog.FileRollingService - File /var/folders/d2/cks3ws395mbfrs2rm3yjvw8h0000gn/T/junit17090293639966159766/00000000000000000000 expired by time, age: 488578 hours
18:06:42.795 [FileCleanup] WARN com.zephyr.storage.commitlog.FileRollingService - Cannot clean file /var/folders/d2/cks3ws395mbfrs2rm3yjvw8h0000gn/T/junit17090293639966159766/00000000000000000000 - still in use
18:06:42.795 [main] INFO com.zephyr.storage.commitlog.FileRollingService - File rolling service shut down
18:06:42.795 [main] INFO com.zephyr.storage.commitlog.MappedFile - Delete mapped file: /var/folders/d2/cks3ws395mbfrs2rm3yjvw8h0000gn/T/junit17090293639966159766/00000000000000000000, result: true, time: 0ms
18:06:42.796 [main] INFO com.zephyr.storage.commitlog.MappedFile - Delete mapped file: /var/folders/d2/cks3ws395mbfrs2rm3yjvw8h0000gn/T/junit17090293639966159766/00000000000000001024, result: true, time: 1ms
]]></system-out>
  </testcase>
  <testcase name="testServiceLifecycle" classname="com.zephyr.storage.commitlog.FileRollingServiceTest" time="0.001">
    <system-out><![CDATA[18:06:42.797 [main] INFO com.zephyr.storage.commitlog.FileRollingService - File rolling service started with auto cleanup enabled
18:06:42.797 [main] INFO com.zephyr.storage.commitlog.FileRollingService - File rolling service shut down
]]></system-out>
  </testcase>
  <testcase name="testFileRollingBySize" classname="com.zephyr.storage.commitlog.FileRollingServiceTest" time="0.109">
    <system-out><![CDATA[18:06:42.799 [main] INFO com.zephyr.storage.commitlog.FileRollingService - File rolling service started with auto cleanup enabled
18:06:42.799 [main] INFO com.zephyr.storage.commitlog.MappedFileQueue - Loaded 0 mapped files from /var/folders/d2/cks3ws395mbfrs2rm3yjvw8h0000gn/T/junit10672792535865200360
18:06:42.799 [main] INFO com.zephyr.storage.commitlog.FileRollingService - File rolling service started with auto cleanup enabled
18:06:42.801 [main] INFO com.zephyr.storage.commitlog.MappedFile - Mapped file created: /var/folders/d2/cks3ws395mbfrs2rm3yjvw8h0000gn/T/junit10672792535865200360/00000000000000000000, size: 1024
18:06:42.801 [main] INFO com.zephyr.storage.commitlog.MappedFileQueue - Created new mapped file: /var/folders/d2/cks3ws395mbfrs2rm3yjvw8h0000gn/T/junit10672792535865200360/00000000000000000000
18:06:42.801 [main] INFO com.zephyr.storage.commitlog.MappedFileQueue - Rolling file /var/folders/d2/cks3ws395mbfrs2rm3yjvw8h0000gn/T/junit10672792535865200360/00000000000000000000 due to FILE_SIZE_EXCEEDED
18:06:42.802 [main] INFO com.zephyr.storage.commitlog.MappedFile - Mapped file created: /var/folders/d2/cks3ws395mbfrs2rm3yjvw8h0000gn/T/junit10672792535865200360/00000000000000001024, size: 1024
18:06:42.802 [main] INFO com.zephyr.storage.commitlog.MappedFileQueue - Created new mapped file: /var/folders/d2/cks3ws395mbfrs2rm3yjvw8h0000gn/T/junit10672792535865200360/00000000000000001024
18:06:42.802 [main] WARN com.zephyr.storage.commitlog.MappedFile - Mapped file is full: /var/folders/d2/cks3ws395mbfrs2rm3yjvw8h0000gn/T/junit10672792535865200360/00000000000000001024, currentPos: 0, dataLength: 2048, fileSize: 1024
18:06:42.802 [FileCleanup] INFO com.zephyr.storage.commitlog.FileRollingService - File /var/folders/d2/cks3ws395mbfrs2rm3yjvw8h0000gn/T/junit10672792535865200360/00000000000000000000 expired by time, age: 488578 hours
18:06:42.802 [FileCleanup] WARN com.zephyr.storage.commitlog.FileRollingService - Cannot clean file /var/folders/d2/cks3ws395mbfrs2rm3yjvw8h0000gn/T/junit10672792535865200360/00000000000000000000 - still in use
18:06:42.903 [main] INFO com.zephyr.storage.commitlog.MappedFileQueue - Rolling file /var/folders/d2/cks3ws395mbfrs2rm3yjvw8h0000gn/T/junit10672792535865200360/00000000000000001024 due to FILE_SIZE_EXCEEDED
18:06:42.905 [main] INFO com.zephyr.storage.commitlog.MappedFile - Mapped file created: /var/folders/d2/cks3ws395mbfrs2rm3yjvw8h0000gn/T/junit10672792535865200360/00000000000000002048, size: 1024
18:06:42.905 [main] INFO com.zephyr.storage.commitlog.MappedFileQueue - Created new mapped file: /var/folders/d2/cks3ws395mbfrs2rm3yjvw8h0000gn/T/junit10672792535865200360/00000000000000002048
18:06:42.905 [main] WARN com.zephyr.storage.commitlog.MappedFile - Mapped file is full: /var/folders/d2/cks3ws395mbfrs2rm3yjvw8h0000gn/T/junit10672792535865200360/00000000000000002048, currentPos: 0, dataLength: 2048, fileSize: 1024
18:06:42.905 [FileCleanup] INFO com.zephyr.storage.commitlog.FileRollingService - File /var/folders/d2/cks3ws395mbfrs2rm3yjvw8h0000gn/T/junit10672792535865200360/00000000000000000000 expired by time, age: 488578 hours
18:06:42.905 [FileCleanup] INFO com.zephyr.storage.commitlog.FileRollingService - File /var/folders/d2/cks3ws395mbfrs2rm3yjvw8h0000gn/T/junit10672792535865200360/00000000000000001024 expired by time, age: 488578 hours
18:06:42.905 [FileCleanup] WARN com.zephyr.storage.commitlog.FileRollingService - Cannot clean file /var/folders/d2/cks3ws395mbfrs2rm3yjvw8h0000gn/T/junit10672792535865200360/00000000000000000000 - still in use
18:06:42.905 [FileCleanup] WARN com.zephyr.storage.commitlog.FileRollingService - Cannot clean file /var/folders/d2/cks3ws395mbfrs2rm3yjvw8h0000gn/T/junit10672792535865200360/00000000000000001024 - still in use
18:06:42.905 [main] INFO com.zephyr.storage.commitlog.FileRollingService - File rolling service shut down
18:06:42.906 [main] INFO com.zephyr.storage.commitlog.MappedFile - Delete mapped file: /var/folders/d2/cks3ws395mbfrs2rm3yjvw8h0000gn/T/junit10672792535865200360/00000000000000000000, result: true, time: 1ms
18:06:42.906 [main] INFO com.zephyr.storage.commitlog.MappedFile - Delete mapped file: /var/folders/d2/cks3ws395mbfrs2rm3yjvw8h0000gn/T/junit10672792535865200360/00000000000000001024, result: true, time: 0ms
18:06:42.906 [main] INFO com.zephyr.storage.commitlog.MappedFile - Delete mapped file: /var/folders/d2/cks3ws395mbfrs2rm3yjvw8h0000gn/T/junit10672792535865200360/00000000000000002048, result: true, time: 0ms
18:06:42.907 [main] INFO com.zephyr.storage.commitlog.FileRollingService - File rolling service shut down
]]></system-out>
  </testcase>
  <testcase name="testFileRollingByTime" classname="com.zephyr.storage.commitlog.FileRollingServiceTest" time="0.11">
    <system-out><![CDATA[18:06:42.909 [main] INFO com.zephyr.storage.commitlog.FileRollingService - File rolling service started with auto cleanup enabled
18:06:42.909 [main] INFO com.zephyr.storage.commitlog.MappedFileQueue - Loaded 0 mapped files from /var/folders/d2/cks3ws395mbfrs2rm3yjvw8h0000gn/T/junit15022570559124118080
18:06:42.909 [main] INFO com.zephyr.storage.commitlog.FileRollingService - File rolling service started with auto cleanup enabled
18:06:42.909 [main] INFO com.zephyr.storage.commitlog.MappedFile - Mapped file created: /var/folders/d2/cks3ws395mbfrs2rm3yjvw8h0000gn/T/junit15022570559124118080/00000000000000000000, size: 1024
18:06:42.910 [main] INFO com.zephyr.storage.commitlog.MappedFileQueue - Created new mapped file: /var/folders/d2/cks3ws395mbfrs2rm3yjvw8h0000gn/T/junit15022570559124118080/00000000000000000000
18:06:42.910 [main] INFO com.zephyr.storage.commitlog.MappedFileQueue - Rolling file /var/folders/d2/cks3ws395mbfrs2rm3yjvw8h0000gn/T/junit15022570559124118080/00000000000000000000 due to FILE_SIZE_EXCEEDED
18:06:42.911 [main] INFO com.zephyr.storage.commitlog.MappedFile - Mapped file created: /var/folders/d2/cks3ws395mbfrs2rm3yjvw8h0000gn/T/junit15022570559124118080/00000000000000001024, size: 1024
18:06:42.911 [main] INFO com.zephyr.storage.commitlog.MappedFileQueue - Created new mapped file: /var/folders/d2/cks3ws395mbfrs2rm3yjvw8h0000gn/T/junit15022570559124118080/00000000000000001024
18:06:42.911 [FileCleanup] INFO com.zephyr.storage.commitlog.FileRollingService - File /var/folders/d2/cks3ws395mbfrs2rm3yjvw8h0000gn/T/junit15022570559124118080/00000000000000000000 expired by time, age: 488578 hours
18:06:42.911 [FileCleanup] WARN com.zephyr.storage.commitlog.FileRollingService - Cannot clean file /var/folders/d2/cks3ws395mbfrs2rm3yjvw8h0000gn/T/junit15022570559124118080/00000000000000000000 - still in use
18:06:43.013 [main] INFO com.zephyr.storage.commitlog.MappedFileQueue - Rolling file /var/folders/d2/cks3ws395mbfrs2rm3yjvw8h0000gn/T/junit15022570559124118080/00000000000000001024 due to FILE_SIZE_EXCEEDED
18:06:43.014 [main] INFO com.zephyr.storage.commitlog.MappedFile - Mapped file created: /var/folders/d2/cks3ws395mbfrs2rm3yjvw8h0000gn/T/junit15022570559124118080/00000000000000002048, size: 1024
18:06:43.015 [main] INFO com.zephyr.storage.commitlog.MappedFileQueue - Created new mapped file: /var/folders/d2/cks3ws395mbfrs2rm3yjvw8h0000gn/T/junit15022570559124118080/00000000000000002048
18:06:43.015 [FileCleanup] INFO com.zephyr.storage.commitlog.FileRollingService - File /var/folders/d2/cks3ws395mbfrs2rm3yjvw8h0000gn/T/junit15022570559124118080/00000000000000000000 expired by time, age: 488578 hours
18:06:43.015 [FileCleanup] WARN com.zephyr.storage.commitlog.FileRollingService - Cannot clean file /var/folders/d2/cks3ws395mbfrs2rm3yjvw8h0000gn/T/junit15022570559124118080/00000000000000000000 - still in use
18:06:43.015 [main] INFO com.zephyr.storage.commitlog.FileRollingService - File rolling service shut down
18:06:43.015 [main] INFO com.zephyr.storage.commitlog.MappedFile - Delete mapped file: /var/folders/d2/cks3ws395mbfrs2rm3yjvw8h0000gn/T/junit15022570559124118080/00000000000000000000, result: true, time: 0ms
18:06:43.016 [main] INFO com.zephyr.storage.commitlog.MappedFile - Delete mapped file: /var/folders/d2/cks3ws395mbfrs2rm3yjvw8h0000gn/T/junit15022570559124118080/00000000000000001024, result: true, time: 0ms
18:06:43.016 [main] INFO com.zephyr.storage.commitlog.MappedFile - Delete mapped file: /var/folders/d2/cks3ws395mbfrs2rm3yjvw8h0000gn/T/junit15022570559124118080/00000000000000002048, result: true, time: 0ms
18:06:43.017 [main] INFO com.zephyr.storage.commitlog.FileRollingService - File rolling service shut down
]]></system-out>
  </testcase>
  <testcase name="testRollingStrategyParsing" classname="com.zephyr.storage.commitlog.FileRollingServiceTest" time="0.001"/>
  <testcase name="testFileCleanup" classname="com.zephyr.storage.commitlog.FileRollingServiceTest" time="0.067">
    <system-out><![CDATA[18:06:43.020 [main] INFO com.zephyr.storage.commitlog.FileRollingService - File rolling service started with auto cleanup enabled
18:06:43.020 [main] INFO com.zephyr.storage.commitlog.MappedFileQueue - Loaded 0 mapped files from /var/folders/d2/cks3ws395mbfrs2rm3yjvw8h0000gn/T/junit16177381271634622619
18:06:43.020 [main] INFO com.zephyr.storage.commitlog.FileRollingService - File rolling service started with auto cleanup enabled
18:06:43.020 [main] INFO com.zephyr.storage.commitlog.MappedFile - Mapped file created: /var/folders/d2/cks3ws395mbfrs2rm3yjvw8h0000gn/T/junit16177381271634622619/00000000000000000000, size: 1024
18:06:43.020 [main] INFO com.zephyr.storage.commitlog.MappedFileQueue - Created new mapped file: /var/folders/d2/cks3ws395mbfrs2rm3yjvw8h0000gn/T/junit16177381271634622619/00000000000000000000
18:06:43.020 [main] INFO com.zephyr.storage.commitlog.MappedFileQueue - Rolling file /var/folders/d2/cks3ws395mbfrs2rm3yjvw8h0000gn/T/junit16177381271634622619/00000000000000000000 due to FILE_SIZE_EXCEEDED
18:06:43.020 [main] INFO com.zephyr.storage.commitlog.MappedFile - Mapped file created: /var/folders/d2/cks3ws395mbfrs2rm3yjvw8h0000gn/T/junit16177381271634622619/00000000000000001024, size: 1024
18:06:43.020 [main] INFO com.zephyr.storage.commitlog.MappedFileQueue - Created new mapped file: /var/folders/d2/cks3ws395mbfrs2rm3yjvw8h0000gn/T/junit16177381271634622619/00000000000000001024
18:06:43.021 [FileCleanup] INFO com.zephyr.storage.commitlog.FileRollingService - File /var/folders/d2/cks3ws395mbfrs2rm3yjvw8h0000gn/T/junit16177381271634622619/00000000000000000000 expired by time, age: 488578 hours
18:06:43.021 [FileCleanup] WARN com.zephyr.storage.commitlog.FileRollingService - Cannot clean file /var/folders/d2/cks3ws395mbfrs2rm3yjvw8h0000gn/T/junit16177381271634622619/00000000000000000000 - still in use
18:06:43.033 [main] INFO com.zephyr.storage.commitlog.MappedFileQueue - Rolling file /var/folders/d2/cks3ws395mbfrs2rm3yjvw8h0000gn/T/junit16177381271634622619/00000000000000001024 due to FILE_SIZE_EXCEEDED
18:06:43.034 [main] INFO com.zephyr.storage.commitlog.MappedFile - Mapped file created: /var/folders/d2/cks3ws395mbfrs2rm3yjvw8h0000gn/T/junit16177381271634622619/00000000000000002048, size: 1024
18:06:43.034 [main] INFO com.zephyr.storage.commitlog.MappedFileQueue - Created new mapped file: /var/folders/d2/cks3ws395mbfrs2rm3yjvw8h0000gn/T/junit16177381271634622619/00000000000000002048
18:06:43.034 [FileCleanup] INFO com.zephyr.storage.commitlog.FileRollingService - File /var/folders/d2/cks3ws395mbfrs2rm3yjvw8h0000gn/T/junit16177381271634622619/00000000000000000000 expired by time, age: 488578 hours
18:06:43.034 [FileCleanup] INFO com.zephyr.storage.commitlog.FileRollingService - File /var/folders/d2/cks3ws395mbfrs2rm3yjvw8h0000gn/T/junit16177381271634622619/00000000000000001024 expired by time, age: 0 hours
18:06:43.034 [FileCleanup] WARN com.zephyr.storage.commitlog.FileRollingService - Cannot clean file /var/folders/d2/cks3ws395mbfrs2rm3yjvw8h0000gn/T/junit16177381271634622619/00000000000000000000 - still in use
18:06:43.034 [FileCleanup] WARN com.zephyr.storage.commitlog.FileRollingService - Cannot clean file /var/folders/d2/cks3ws395mbfrs2rm3yjvw8h0000gn/T/junit16177381271634622619/00000000000000001024 - still in use
18:06:43.045 [main] INFO com.zephyr.storage.commitlog.MappedFileQueue - Rolling file /var/folders/d2/cks3ws395mbfrs2rm3yjvw8h0000gn/T/junit16177381271634622619/00000000000000002048 due to FILE_SIZE_EXCEEDED
18:06:43.046 [main] INFO com.zephyr.storage.commitlog.MappedFile - Mapped file created: /var/folders/d2/cks3ws395mbfrs2rm3yjvw8h0000gn/T/junit16177381271634622619/00000000000000003072, size: 1024
18:06:43.046 [main] INFO com.zephyr.storage.commitlog.MappedFileQueue - Created new mapped file: /var/folders/d2/cks3ws395mbfrs2rm3yjvw8h0000gn/T/junit16177381271634622619/00000000000000003072
18:06:43.046 [FileCleanup] INFO com.zephyr.storage.commitlog.FileRollingService - File /var/folders/d2/cks3ws395mbfrs2rm3yjvw8h0000gn/T/junit16177381271634622619/00000000000000000000 expired by time, age: 488578 hours
18:06:43.046 [FileCleanup] INFO com.zephyr.storage.commitlog.FileRollingService - File /var/folders/d2/cks3ws395mbfrs2rm3yjvw8h0000gn/T/junit16177381271634622619/00000000000000001024 expired by time, age: 0 hours
18:06:43.046 [FileCleanup] INFO com.zephyr.storage.commitlog.FileRollingService - File /var/folders/d2/cks3ws395mbfrs2rm3yjvw8h0000gn/T/junit16177381271634622619/00000000000000002048 expired by time, age: 0 hours
18:06:43.046 [FileCleanup] WARN com.zephyr.storage.commitlog.FileRollingService - Cannot clean file /var/folders/d2/cks3ws395mbfrs2rm3yjvw8h0000gn/T/junit16177381271634622619/00000000000000000000 - still in use
18:06:43.046 [FileCleanup] WARN com.zephyr.storage.commitlog.FileRollingService - Cannot clean file /var/folders/d2/cks3ws395mbfrs2rm3yjvw8h0000gn/T/junit16177381271634622619/00000000000000001024 - still in use
18:06:43.046 [FileCleanup] WARN com.zephyr.storage.commitlog.FileRollingService - Cannot clean file /var/folders/d2/cks3ws395mbfrs2rm3yjvw8h0000gn/T/junit16177381271634622619/00000000000000002048 - still in use
18:06:43.056 [main] INFO com.zephyr.storage.commitlog.MappedFileQueue - Rolling file /var/folders/d2/cks3ws395mbfrs2rm3yjvw8h0000gn/T/junit16177381271634622619/00000000000000003072 due to FILE_SIZE_EXCEEDED
18:06:43.057 [main] INFO com.zephyr.storage.commitlog.MappedFile - Mapped file created: /var/folders/d2/cks3ws395mbfrs2rm3yjvw8h0000gn/T/junit16177381271634622619/00000000000000004096, size: 1024
18:06:43.057 [main] INFO com.zephyr.storage.commitlog.MappedFileQueue - Created new mapped file: /var/folders/d2/cks3ws395mbfrs2rm3yjvw8h0000gn/T/junit16177381271634622619/00000000000000004096
18:06:43.057 [FileCleanup] INFO com.zephyr.storage.commitlog.FileRollingService - File /var/folders/d2/cks3ws395mbfrs2rm3yjvw8h0000gn/T/junit16177381271634622619/00000000000000000000 expired by time, age: 488578 hours
18:06:43.057 [FileCleanup] INFO com.zephyr.storage.commitlog.FileRollingService - File /var/folders/d2/cks3ws395mbfrs2rm3yjvw8h0000gn/T/junit16177381271634622619/00000000000000001024 expired by time, age: 0 hours
18:06:43.057 [FileCleanup] INFO com.zephyr.storage.commitlog.FileRollingService - File /var/folders/d2/cks3ws395mbfrs2rm3yjvw8h0000gn/T/junit16177381271634622619/00000000000000002048 expired by time, age: 0 hours
18:06:43.057 [FileCleanup] INFO com.zephyr.storage.commitlog.FileRollingService - File /var/folders/d2/cks3ws395mbfrs2rm3yjvw8h0000gn/T/junit16177381271634622619/00000000000000003072 expired by time, age: 0 hours
18:06:43.057 [FileCleanup] WARN com.zephyr.storage.commitlog.FileRollingService - Cannot clean file /var/folders/d2/cks3ws395mbfrs2rm3yjvw8h0000gn/T/junit16177381271634622619/00000000000000000000 - still in use
18:06:43.057 [FileCleanup] WARN com.zephyr.storage.commitlog.FileRollingService - Cannot clean file /var/folders/d2/cks3ws395mbfrs2rm3yjvw8h0000gn/T/junit16177381271634622619/00000000000000001024 - still in use
18:06:43.057 [FileCleanup] WARN com.zephyr.storage.commitlog.FileRollingService - Cannot clean file /var/folders/d2/cks3ws395mbfrs2rm3yjvw8h0000gn/T/junit16177381271634622619/00000000000000002048 - still in use
18:06:43.057 [FileCleanup] WARN com.zephyr.storage.commitlog.FileRollingService - Cannot clean file /var/folders/d2/cks3ws395mbfrs2rm3yjvw8h0000gn/T/junit16177381271634622619/00000000000000003072 - still in use
18:06:43.070 [main] INFO com.zephyr.storage.commitlog.MappedFileQueue - Rolling file /var/folders/d2/cks3ws395mbfrs2rm3yjvw8h0000gn/T/junit16177381271634622619/00000000000000004096 due to FILE_SIZE_EXCEEDED
18:06:43.070 [main] INFO com.zephyr.storage.commitlog.MappedFile - Mapped file created: /var/folders/d2/cks3ws395mbfrs2rm3yjvw8h0000gn/T/junit16177381271634622619/00000000000000005120, size: 1024
18:06:43.070 [main] INFO com.zephyr.storage.commitlog.MappedFileQueue - Created new mapped file: /var/folders/d2/cks3ws395mbfrs2rm3yjvw8h0000gn/T/junit16177381271634622619/00000000000000005120
18:06:43.070 [FileCleanup] INFO com.zephyr.storage.commitlog.FileRollingService - File /var/folders/d2/cks3ws395mbfrs2rm3yjvw8h0000gn/T/junit16177381271634622619/00000000000000000000 expired by time, age: 488578 hours
18:06:43.070 [FileCleanup] INFO com.zephyr.storage.commitlog.FileRollingService - File /var/folders/d2/cks3ws395mbfrs2rm3yjvw8h0000gn/T/junit16177381271634622619/00000000000000001024 expired by time, age: 0 hours
18:06:43.070 [FileCleanup] INFO com.zephyr.storage.commitlog.FileRollingService - File /var/folders/d2/cks3ws395mbfrs2rm3yjvw8h0000gn/T/junit16177381271634622619/00000000000000002048 expired by time, age: 0 hours
18:06:43.070 [FileCleanup] INFO com.zephyr.storage.commitlog.FileRollingService - File /var/folders/d2/cks3ws395mbfrs2rm3yjvw8h0000gn/T/junit16177381271634622619/00000000000000003072 expired by time, age: 0 hours
18:06:43.070 [FileCleanup] INFO com.zephyr.storage.commitlog.FileRollingService - File /var/folders/d2/cks3ws395mbfrs2rm3yjvw8h0000gn/T/junit16177381271634622619/00000000000000004096 expired by time, age: 0 hours
18:06:43.070 [FileCleanup] WARN com.zephyr.storage.commitlog.FileRollingService - Cannot clean file /var/folders/d2/cks3ws395mbfrs2rm3yjvw8h0000gn/T/junit16177381271634622619/00000000000000000000 - still in use
18:06:43.071 [FileCleanup] WARN com.zephyr.storage.commitlog.FileRollingService - Cannot clean file /var/folders/d2/cks3ws395mbfrs2rm3yjvw8h0000gn/T/junit16177381271634622619/00000000000000001024 - still in use
18:06:43.071 [FileCleanup] WARN com.zephyr.storage.commitlog.FileRollingService - Cannot clean file /var/folders/d2/cks3ws395mbfrs2rm3yjvw8h0000gn/T/junit16177381271634622619/00000000000000002048 - still in use
18:06:43.071 [FileCleanup] WARN com.zephyr.storage.commitlog.FileRollingService - Cannot clean file /var/folders/d2/cks3ws395mbfrs2rm3yjvw8h0000gn/T/junit16177381271634622619/00000000000000003072 - still in use
18:06:43.071 [FileCleanup] WARN com.zephyr.storage.commitlog.FileRollingService - Cannot clean file /var/folders/d2/cks3ws395mbfrs2rm3yjvw8h0000gn/T/junit16177381271634622619/00000000000000004096 - still in use
18:06:43.083 [main] INFO com.zephyr.storage.commitlog.FileRollingService - File /var/folders/d2/cks3ws395mbfrs2rm3yjvw8h0000gn/T/junit16177381271634622619/00000000000000000000 expired by time, age: 488578 hours
18:06:43.083 [main] INFO com.zephyr.storage.commitlog.FileRollingService - File /var/folders/d2/cks3ws395mbfrs2rm3yjvw8h0000gn/T/junit16177381271634622619/00000000000000001024 expired by time, age: 0 hours
18:06:43.083 [main] INFO com.zephyr.storage.commitlog.FileRollingService - File /var/folders/d2/cks3ws395mbfrs2rm3yjvw8h0000gn/T/junit16177381271634622619/00000000000000002048 expired by time, age: 0 hours
18:06:43.083 [main] INFO com.zephyr.storage.commitlog.FileRollingService - File /var/folders/d2/cks3ws395mbfrs2rm3yjvw8h0000gn/T/junit16177381271634622619/00000000000000003072 expired by time, age: 0 hours
18:06:43.083 [main] INFO com.zephyr.storage.commitlog.FileRollingService - File /var/folders/d2/cks3ws395mbfrs2rm3yjvw8h0000gn/T/junit16177381271634622619/00000000000000004096 expired by time, age: 0 hours
18:06:43.083 [main] WARN com.zephyr.storage.commitlog.FileRollingService - Cannot clean file /var/folders/d2/cks3ws395mbfrs2rm3yjvw8h0000gn/T/junit16177381271634622619/00000000000000000000 - still in use
18:06:43.083 [main] WARN com.zephyr.storage.commitlog.FileRollingService - Cannot clean file /var/folders/d2/cks3ws395mbfrs2rm3yjvw8h0000gn/T/junit16177381271634622619/00000000000000001024 - still in use
18:06:43.083 [main] WARN com.zephyr.storage.commitlog.FileRollingService - Cannot clean file /var/folders/d2/cks3ws395mbfrs2rm3yjvw8h0000gn/T/junit16177381271634622619/00000000000000002048 - still in use
18:06:43.083 [main] WARN com.zephyr.storage.commitlog.FileRollingService - Cannot clean file /var/folders/d2/cks3ws395mbfrs2rm3yjvw8h0000gn/T/junit16177381271634622619/00000000000000003072 - still in use
18:06:43.083 [main] WARN com.zephyr.storage.commitlog.FileRollingService - Cannot clean file /var/folders/d2/cks3ws395mbfrs2rm3yjvw8h0000gn/T/junit16177381271634622619/00000000000000004096 - still in use
18:06:43.083 [main] INFO com.zephyr.storage.commitlog.FileRollingService - File rolling service shut down
18:06:43.084 [main] INFO com.zephyr.storage.commitlog.MappedFile - Delete mapped file: /var/folders/d2/cks3ws395mbfrs2rm3yjvw8h0000gn/T/junit16177381271634622619/00000000000000000000, result: true, time: 1ms
18:06:43.085 [main] INFO com.zephyr.storage.commitlog.MappedFile - Delete mapped file: /var/folders/d2/cks3ws395mbfrs2rm3yjvw8h0000gn/T/junit16177381271634622619/00000000000000001024, result: true, time: 0ms
18:06:43.085 [main] INFO com.zephyr.storage.commitlog.MappedFile - Delete mapped file: /var/folders/d2/cks3ws395mbfrs2rm3yjvw8h0000gn/T/junit16177381271634622619/00000000000000002048, result: true, time: 0ms
18:06:43.085 [main] INFO com.zephyr.storage.commitlog.MappedFile - Delete mapped file: /var/folders/d2/cks3ws395mbfrs2rm3yjvw8h0000gn/T/junit16177381271634622619/00000000000000003072, result: true, time: 0ms
18:06:43.085 [main] INFO com.zephyr.storage.commitlog.MappedFile - Delete mapped file: /var/folders/d2/cks3ws395mbfrs2rm3yjvw8h0000gn/T/junit16177381271634622619/00000000000000004096, result: true, time: 0ms
18:06:43.086 [main] INFO com.zephyr.storage.commitlog.MappedFile - Delete mapped file: /var/folders/d2/cks3ws395mbfrs2rm3yjvw8h0000gn/T/junit16177381271634622619/00000000000000005120, result: true, time: 1ms
18:06:43.086 [main] INFO com.zephyr.storage.commitlog.FileRollingService - File rolling service shut down
]]></system-out>
  </testcase>
</testsuite>