<?xml version="1.0" encoding="UTF-8"?>
<testsuite xmlns:xsi="http://www.w3.org/2001/XMLSchema-instance" xsi:noNamespaceSchemaLocation="https://maven.apache.org/surefire/maven-surefire-plugin/xsd/surefire-test-report-3.0.xsd" version="3.0" name="com.zephyr.broker.topic.TopicServiceTest" time="0.225" tests="7" errors="0" skipped="0" failures="0">
  <properties>
[...]
</properties>
  <testcase name="testGetTopicRouteInfo" classname="com.zephyr.broker.topic.TopicServiceTest" time="0.146">
    <system-out><![CDATA[08:38:57.419 [main] INFO com.zephyr.broker.topic.TopicConfigManager - TopicConfigManager starting...
08:38:57.419 [main] INFO com.zephyr.broker.topic.TopicMetadataPersistence - Starting TopicMetadataPersistence...
08:38:57.419 [main] INFO com.zephyr.broker.topic.TopicMetadataPersistence - Created config directory: /tmp/junit15389173597290527363/config
08:38:57.420 [main] INFO com.zephyr.broker.topic.TopicMetadataPersistence - Auto flush enabled with interval: 10000ms
08:38:57.420 [main] INFO com.zephyr.broker.topic.TopicMetadataPersistence - TopicMetadataPersistence started successfully
08:38:57.420 [main] INFO com.zephyr.broker.topic.TopicMetadataPersistence - Topic config file does not exist, starting with empty configuration
08:38:57.421 [main] INFO com.zephyr.broker.topic.TopicConfigManager - Created new topic: DefaultTopic with 4 queues
08:38:57.422 [main] INFO com.zephyr.broker.topic.TopicConfigManager - Created new topic: TestTopic with 4 queues
08:38:57.422 [main] INFO com.zephyr.broker.topic.TopicConfigManager - Loaded 2 topic configs
08:38:57.422 [main] INFO com.zephyr.broker.topic.TopicConfigManager - TopicConfigManager started successfully
08:38:57.422 [main] INFO com.zephyr.broker.topic.TopicMetadataPersistence - Topic config file does not exist, starting with empty configuration
08:38:57.466 [main] DEBUG com.zephyr.broker.topic.TopicMetadataPersistence - Saved 1 topic configurations to disk
08:38:57.466 [main] INFO com.zephyr.broker.topic.TopicConfigManager - Updated topic config: routeTestTopic
08:38:57.466 [main] INFO com.zephyr.broker.topic.TopicService - Topic created successfully: routeTestTopic
]]></system-out>
  </testcase>
  <testcase name="testDeleteTopic" classname="com.zephyr.broker.topic.TopicServiceTest" time="0.041">
    <system-out><![CDATA[08:38:57.473 [main] INFO com.zephyr.broker.topic.TopicConfigManager - TopicConfigManager starting...
08:38:57.473 [main] INFO com.zephyr.broker.topic.TopicMetadataPersistence - Starting TopicMetadataPersistence...
08:38:57.473 [main] INFO com.zephyr.broker.topic.TopicMetadataPersistence - Created config directory: /tmp/junit8997519335136443491/config
08:38:57.474 [main] INFO com.zephyr.broker.topic.TopicMetadataPersistence - Auto flush enabled with interval: 10000ms
08:38:57.474 [main] INFO com.zephyr.broker.topic.TopicMetadataPersistence - TopicMetadataPersistence started successfully
08:38:57.474 [main] INFO com.zephyr.broker.topic.TopicMetadataPersistence - Topic config file does not exist, starting with empty configuration
08:38:57.474 [main] INFO com.zephyr.broker.topic.TopicConfigManager - Created new topic: DefaultTopic with 4 queues
08:38:57.474 [main] INFO com.zephyr.broker.topic.TopicConfigManager - Created new topic: TestTopic with 4 queues
08:38:57.474 [main] INFO com.zephyr.broker.topic.TopicConfigManager - Loaded 2 topic configs
08:38:57.474 [main] INFO com.zephyr.broker.topic.TopicConfigManager - TopicConfigManager started successfully
08:38:57.475 [main] INFO com.zephyr.broker.topic.TopicMetadataPersistence - Topic config file does not exist, starting with empty configuration
08:38:57.479 [main] DEBUG com.zephyr.broker.topic.TopicMetadataPersistence - Saved 1 topic configurations to disk
08:38:57.480 [main] INFO com.zephyr.broker.topic.TopicConfigManager - Updated topic config: deleteTestTopic
08:38:57.480 [main] INFO com.zephyr.broker.topic.TopicService - Topic created successfully: deleteTestTopic
08:38:57.510 [main] INFO com.zephyr.broker.topic.TopicMetadataPersistence - Loaded 1 topic configurations from disk
08:38:57.511 [main] DEBUG com.zephyr.broker.topic.TopicMetadataPersistence - No topic configs to save
08:38:57.511 [main] INFO com.zephyr.broker.topic.TopicMetadataPersistence - Deleted topic config from disk: deleteTestTopic
08:38:57.511 [main] INFO com.zephyr.broker.topic.TopicConfigManager - Deleted topic config: deleteTestTopic
08:38:57.511 [main] INFO com.zephyr.broker.topic.TopicService - Topic deleted successfully: deleteTestTopic
]]></system-out>
  </testcase>
  <testcase name="testCreateTopicWithInvalidName" classname="com.zephyr.broker.topic.TopicServiceTest" time="0.002">
    <system-out><![CDATA[08:38:57.515 [main] INFO com.zephyr.broker.topic.TopicConfigManager - TopicConfigManager starting...
08:38:57.515 [main] INFO com.zephyr.broker.topic.TopicMetadataPersistence - Starting TopicMetadataPersistence...
08:38:57.515 [main] INFO com.zephyr.broker.topic.TopicMetadataPersistence - Created config directory: /tmp/junit13118603999817543611/config
08:38:57.515 [main] INFO com.zephyr.broker.topic.TopicMetadataPersistence - Auto flush enabled with interval: 10000ms
08:38:57.515 [main] INFO com.zephyr.broker.topic.TopicMetadataPersistence - TopicMetadataPersistence started successfully
08:38:57.515 [main] INFO com.zephyr.broker.topic.TopicMetadataPersistence - Topic config file does not exist, starting with empty configuration
08:38:57.515 [main] INFO com.zephyr.broker.topic.TopicConfigManager - Created new topic: DefaultTopic with 4 queues
08:38:57.515 [main] INFO com.zephyr.broker.topic.TopicConfigManager - Created new topic: TestTopic with 4 queues
08:38:57.515 [main] INFO com.zephyr.broker.topic.TopicConfigManager - Loaded 2 topic configs
08:38:57.515 [main] INFO com.zephyr.broker.topic.TopicConfigManager - TopicConfigManager started successfully
]]></system-out>
  </testcase>
  <testcase name="testUpdateTopic" classname="com.zephyr.broker.topic.TopicServiceTest" time="0.011">
    <system-out><![CDATA[08:38:57.517 [main] INFO com.zephyr.broker.topic.TopicConfigManager - TopicConfigManager starting...
08:38:57.517 [main] INFO com.zephyr.broker.topic.TopicMetadataPersistence - Starting TopicMetadataPersistence...
08:38:57.517 [main] INFO com.zephyr.broker.topic.TopicMetadataPersistence - Created config directory: /tmp/junit15897560896534800368/config
08:38:57.518 [main] INFO com.zephyr.broker.topic.TopicMetadataPersistence - Auto flush enabled with interval: 10000ms
08:38:57.518 [main] INFO com.zephyr.broker.topic.TopicMetadataPersistence - TopicMetadataPersistence started successfully
08:38:57.518 [main] INFO com.zephyr.broker.topic.TopicMetadataPersistence - Topic config file does not exist, starting with empty configuration
08:38:57.518 [main] INFO com.zephyr.broker.topic.TopicConfigManager - Created new topic: DefaultTopic with 4 queues
08:38:57.518 [main] INFO com.zephyr.broker.topic.TopicConfigManager - Created new topic: TestTopic with 4 queues
08:38:57.518 [main] INFO com.zephyr.broker.topic.TopicConfigManager - Loaded 2 topic configs
08:38:57.518 [main] INFO com.zephyr.broker.topic.TopicConfigManager - TopicConfigManager started successfully
08:38:57.518 [main] INFO com.zephyr.broker.topic.TopicMetadataPersistence - Topic config file does not exist, starting with empty configuration
08:38:57.521 [main] DEBUG com.zephyr.broker.topic.TopicMetadataPersistence - Saved 1 topic configurations to disk
08:38:57.521 [main] INFO com.zephyr.broker.topic.TopicConfigManager - Updated topic config: updateTestTopic
08:38:57.521 [main] INFO com.zephyr.broker.topic.TopicService - Topic created successfully: updateTestTopic
08:38:57.524 [main] INFO com.zephyr.broker.topic.TopicMetadataPersistence - Loaded 1 topic configurations from disk
08:38:57.527 [main] ERROR com.zephyr.broker.topic.TopicMetadataPersistence - Failed to save topic configurations to disk
java.nio.file.FileAlreadyExistsException: /tmp/junit15897560896534800368/config/topics.json
	at java.base/sun.nio.fs.UnixCopyFile.move(UnixCopyFile.java:449)
	at java.base/sun.nio.fs.UnixFileSystemProvider.move(UnixFileSystemProvider.java:266)
	at java.base/java.nio.file.Files.move(Files.java:1432)
	at com.zephyr.broker.topic.TopicMetadataPersistence.saveTopicConfigs(TopicMetadataPersistence.java:175)
	at com.zephyr.broker.topic.TopicMetadataPersistence.saveTopicConfig(TopicMetadataPersistence.java:225)
	at com.zephyr.broker.topic.TopicConfigManager.updateTopicConfig(TopicConfigManager.java:56)
	at com.zephyr.broker.topic.TopicService.updateTopic(TopicService.java:185)
	at com.zephyr.broker.topic.TopicServiceTest.testUpdateTopic(TopicServiceTest.java:137)
	at java.base/jdk.internal.reflect.NativeMethodAccessorImpl.invoke0(Native Method)
	at java.base/jdk.internal.reflect.NativeMethodAccessorImpl.invoke(NativeMethodAccessorImpl.java:77)
	at java.base/jdk.internal.reflect.DelegatingMethodAccessorImpl.invoke(DelegatingMethodAccessorImpl.java:43)
	at java.base/java.lang.reflect.Method.invoke(Method.java:569)
	at org.junit.platform.commons.util.ReflectionUtils.invokeMethod(ReflectionUtils.java:728)
	at org.junit.jupiter.engine.execution.MethodInvocation.proceed(MethodInvocation.java:60)
	at org.junit.jupiter.engine.execution.InvocationInterceptorChain$ValidatingInvocation.proceed(InvocationInterceptorChain.java:131)
	at org.junit.jupiter.engine.extension.TimeoutExtension.intercept(TimeoutExtension.java:156)
	at org.junit.jupiter.engine.extension.TimeoutExtension.interceptTestableMethod(TimeoutExtension.java:147)
	at org.junit.jupiter.engine.extension.TimeoutExtension.interceptTestMethod(TimeoutExtension.java:86)
	at org.junit.jupiter.engine.execution.InterceptingExecutableInvoker$ReflectiveInterceptorCall.lambda$ofVoidMethod$0(InterceptingExecutableInvoker.java:103)
	at org.junit.jupiter.engine.execution.InterceptingExecutableInvoker.lambda$invoke$0(InterceptingExecutableInvoker.java:93)
	at org.junit.jupiter.engine.execution.InvocationInterceptorChain$InterceptedInvocation.proceed(InvocationInterceptorChain.java:106)
	at org.junit.jupiter.engine.execution.InvocationInterceptorChain.proceed(InvocationInterceptorChain.java:64)
	at org.junit.jupiter.engine.execution.InvocationInterceptorChain.chainAndInvoke(InvocationInterceptorChain.java:45)
	at org.junit.jupiter.engine.execution.InvocationInterceptorChain.invoke(InvocationInterceptorChain.java:37)
	at org.junit.jupiter.engine.execution.InterceptingExecutableInvoker.invoke(InterceptingExecutableInvoker.java:92)
	at org.junit.jupiter.engine.execution.InterceptingExecutableInvoker.invoke(InterceptingExecutableInvoker.java:86)
	at org.junit.jupiter.engine.descriptor.TestMethodTestDescriptor.lambda$invokeTestMethod$7(TestMethodTestDescriptor.java:218)
	at org.junit.platform.engine.support.hierarchical.ThrowableCollector.execute(ThrowableCollector.java:73)
	at org.junit.jupiter.engine.descriptor.TestMethodTestDescriptor.invokeTestMethod(TestMethodTestDescriptor.java:214)
	at org.junit.jupiter.engine.descriptor.TestMethodTestDescriptor.execute(TestMethodTestDescriptor.java:139)
	at org.junit.jupiter.engine.descriptor.TestMethodTestDescriptor.execute(TestMethodTestDescriptor.java:69)
	at org.junit.platform.engine.support.hierarchical.NodeTestTask.lambda$executeRecursively$6(NodeTestTask.java:151)
	at org.junit.platform.engine.support.hierarchical.ThrowableCollector.execute(ThrowableCollector.java:73)
	at org.junit.platform.engine.support.hierarchical.NodeTestTask.lambda$executeRecursively$8(NodeTestTask.java:141)
	at org.junit.platform.engine.support.hierarchical.Node.around(Node.java:137)
	at org.junit.platform.engine.support.hierarchical.NodeTestTask.lambda$executeRecursively$9(NodeTestTask.java:139)
	at org.junit.platform.engine.support.hierarchical.ThrowableCollector.execute(ThrowableCollector.java:73)
	at org.junit.platform.engine.support.hierarchical.NodeTestTask.executeRecursively(NodeTestTask.java:138)
	at org.junit.platform.engine.support.hierarchical.NodeTestTask.execute(NodeTestTask.java:95)
	at java.base/java.util.ArrayList.forEach(ArrayList.java:1511)
	at org.junit.platform.engine.support.hierarchical.SameThreadHierarchicalTestExecutorService.invokeAll(SameThreadHierarchicalTestExecutorService.java:41)
	at org.junit.platform.engine.support.hierarchical.NodeTestTask.lambda$executeRecursively$6(NodeTestTask.java:155)
	at org.junit.platform.engine.support.hierarchical.ThrowableCollector.execute(ThrowableCollector.java:73)
	at org.junit.platform.engine.support.hierarchical.NodeTestTask.lambda$executeRecursively$8(NodeTestTask.java:141)
	at org.junit.platform.engine.support.hierarchical.Node.around(Node.java:137)
	at org.junit.platform.engine.support.hierarchical.NodeTestTask.lambda$executeRecursively$9(NodeTestTask.java:139)
	at org.junit.platform.engine.support.hierarchical.ThrowableCollector.execute(ThrowableCollector.java:73)
	at org.junit.platform.engine.support.hierarchical.NodeTestTask.executeRecursively(NodeTestTask.java:138)
	at org.junit.platform.engine.support.hierarchical.NodeTestTask.execute(NodeTestTask.java:95)
	at java.base/java.util.ArrayList.forEach(ArrayList.java:1511)
	at org.junit.platform.engine.support.hierarchical.SameThreadHierarchicalTestExecutorService.invokeAll(SameThreadHierarchicalTestExecutorService.java:41)
	at org.junit.platform.engine.support.hierarchical.NodeTestTask.lambda$executeRecursively$6(NodeTestTask.java:155)
	at org.junit.platform.engine.support.hierarchical.ThrowableCollector.execute(ThrowableCollector.java:73)
	at org.junit.platform.engine.support.hierarchical.NodeTestTask.lambda$executeRecursively$8(NodeTestTask.java:141)
	at org.junit.platform.engine.support.hierarchical.Node.around(Node.java:137)
	at org.junit.platform.engine.support.hierarchical.NodeTestTask.lambda$executeRecursively$9(NodeTestTask.java:139)
	at org.junit.platform.engine.support.hierarchical.ThrowableCollector.execute(ThrowableCollector.java:73)
	at org.junit.platform.engine.support.hierarchical.NodeTestTask.executeRecursively(NodeTestTask.java:138)
	at org.junit.platform.engine.support.hierarchical.NodeTestTask.execute(NodeTestTask.java:95)
	at org.junit.platform.engine.support.hierarchical.SameThreadHierarchicalTestExecutorService.submit(SameThreadHierarchicalTestExecutorService.java:35)
	at org.junit.platform.engine.support.hierarchical.HierarchicalTestExecutor.execute(HierarchicalTestExecutor.java:57)
	at org.junit.platform.engine.support.hierarchical.HierarchicalTestEngine.execute(HierarchicalTestEngine.java:54)
	at org.junit.platform.launcher.core.EngineExecutionOrchestrator.execute(EngineExecutionOrchestrator.java:198)
	at org.junit.platform.launcher.core.EngineExecutionOrchestrator.execute(EngineExecutionOrchestrator.java:169)
	at org.junit.platform.launcher.core.EngineExecutionOrchestrator.execute(EngineExecutionOrchestrator.java:93)
	at org.junit.platform.launcher.core.EngineExecutionOrchestrator.lambda$execute$0(EngineExecutionOrchestrator.java:58)
	at org.junit.platform.launcher.core.EngineExecutionOrchestrator.withInterceptedStreams(EngineExecutionOrchestrator.java:141)
	at org.junit.platform.launcher.core.EngineExecutionOrchestrator.execute(EngineExecutionOrchestrator.java:57)
	at org.junit.platform.launcher.core.DefaultLauncher.execute(DefaultLauncher.java:103)
	at org.junit.platform.launcher.core.DefaultLauncher.execute(DefaultLauncher.java:85)
	at org.junit.platform.launcher.core.DelegatingLauncher.execute(DelegatingLauncher.java:47)
	at org.apache.maven.surefire.junitplatform.LazyLauncher.execute(LazyLauncher.java:56)
	at org.apache.maven.surefire.junitplatform.JUnitPlatformProvider.execute(JUnitPlatformProvider.java:184)
	at org.apache.maven.surefire.junitplatform.JUnitPlatformProvider.invokeAllTests(JUnitPlatformProvider.java:148)
	at org.apache.maven.surefire.junitplatform.JUnitPlatformProvider.invoke(JUnitPlatformProvider.java:122)
	at org.apache.maven.surefire.booter.ForkedBooter.runSuitesInProcess(ForkedBooter.java:385)
	at org.apache.maven.surefire.booter.ForkedBooter.execute(ForkedBooter.java:162)
	at org.apache.maven.surefire.booter.ForkedBooter.run(ForkedBooter.java:507)
	at org.apache.maven.surefire.booter.ForkedBooter.main(ForkedBooter.java:495)
08:38:57.527 [main] INFO com.zephyr.broker.topic.TopicConfigManager - Updated topic config: updateTestTopic
08:38:57.527 [main] INFO com.zephyr.broker.topic.TopicService - Topic updated successfully: updateTestTopic
]]></system-out>
  </testcase>
  <testcase name="testCreateTopic" classname="com.zephyr.broker.topic.TopicServiceTest" time="0.005">
    <system-out><![CDATA[08:38:57.530 [main] INFO com.zephyr.broker.topic.TopicConfigManager - TopicConfigManager starting...
08:38:57.530 [main] INFO com.zephyr.broker.topic.TopicMetadataPersistence - Starting TopicMetadataPersistence...
08:38:57.530 [main] INFO com.zephyr.broker.topic.TopicMetadataPersistence - Created config directory: /tmp/junit7777031274795270994/config
08:38:57.531 [main] INFO com.zephyr.broker.topic.TopicMetadataPersistence - Auto flush enabled with interval: 10000ms
08:38:57.531 [main] INFO com.zephyr.broker.topic.TopicMetadataPersistence - TopicMetadataPersistence started successfully
08:38:57.531 [main] INFO com.zephyr.broker.topic.TopicMetadataPersistence - Topic config file does not exist, starting with empty configuration
08:38:57.531 [main] INFO com.zephyr.broker.topic.TopicConfigManager - Created new topic: DefaultTopic with 4 queues
08:38:57.531 [main] INFO com.zephyr.broker.topic.TopicConfigManager - Created new topic: TestTopic with 4 queues
08:38:57.531 [main] INFO com.zephyr.broker.topic.TopicConfigManager - Loaded 2 topic configs
08:38:57.531 [main] INFO com.zephyr.broker.topic.TopicConfigManager - TopicConfigManager started successfully
08:38:57.531 [main] INFO com.zephyr.broker.topic.TopicMetadataPersistence - Topic config file does not exist, starting with empty configuration
08:38:57.533 [main] DEBUG com.zephyr.broker.topic.TopicMetadataPersistence - Saved 1 topic configurations to disk
08:38:57.533 [main] INFO com.zephyr.broker.topic.TopicConfigManager - Updated topic config: testTopic
08:38:57.533 [main] INFO com.zephyr.broker.topic.TopicService - Topic created successfully: testTopic
]]></system-out>
  </testcase>
  <testcase name="testQueryTopic" classname="com.zephyr.broker.topic.TopicServiceTest" time="0.004">
    <system-out><![CDATA[08:38:57.535 [main] INFO com.zephyr.broker.topic.TopicConfigManager - TopicConfigManager starting...
08:38:57.535 [main] INFO com.zephyr.broker.topic.TopicMetadataPersistence - Starting TopicMetadataPersistence...
08:38:57.535 [main] INFO com.zephyr.broker.topic.TopicMetadataPersistence - Created config directory: /tmp/junit12907792534538923235/config
08:38:57.536 [main] INFO com.zephyr.broker.topic.TopicMetadataPersistence - Auto flush enabled with interval: 10000ms
08:38:57.536 [main] INFO com.zephyr.broker.topic.TopicMetadataPersistence - TopicMetadataPersistence started successfully
08:38:57.536 [main] INFO com.zephyr.broker.topic.TopicMetadataPersistence - Topic config file does not exist, starting with empty configuration
08:38:57.536 [main] INFO com.zephyr.broker.topic.TopicConfigManager - Created new topic: DefaultTopic with 4 queues
08:38:57.536 [main] INFO com.zephyr.broker.topic.TopicConfigManager - Created new topic: TestTopic with 4 queues
08:38:57.536 [main] INFO com.zephyr.broker.topic.TopicConfigManager - Loaded 2 topic configs
08:38:57.536 [main] INFO com.zephyr.broker.topic.TopicConfigManager - TopicConfigManager started successfully
08:38:57.536 [main] INFO com.zephyr.broker.topic.TopicMetadataPersistence - Topic config file does not exist, starting with empty configuration
08:38:57.538 [main] DEBUG com.zephyr.broker.topic.TopicMetadataPersistence - Saved 1 topic configurations to disk
08:38:57.538 [main] INFO com.zephyr.broker.topic.TopicConfigManager - Updated topic config: queryTestTopic
08:38:57.538 [main] INFO com.zephyr.broker.topic.TopicService - Topic created successfully: queryTestTopic
]]></system-out>
  </testcase>
  <testcase name="testListTopics" classname="com.zephyr.broker.topic.TopicServiceTest" time="0.009">
    <system-out><![CDATA[08:38:57.540 [main] INFO com.zephyr.broker.topic.TopicConfigManager - TopicConfigManager starting...
08:38:57.540 [main] INFO com.zephyr.broker.topic.TopicMetadataPersistence - Starting TopicMetadataPersistence...
08:38:57.540 [main] INFO com.zephyr.broker.topic.TopicMetadataPersistence - Created config directory: /tmp/junit836171729446567446/config
08:38:57.540 [main] INFO com.zephyr.broker.topic.TopicMetadataPersistence - Auto flush enabled with interval: 10000ms
08:38:57.540 [main] INFO com.zephyr.broker.topic.TopicMetadataPersistence - TopicMetadataPersistence started successfully
08:38:57.540 [main] INFO com.zephyr.broker.topic.TopicMetadataPersistence - Topic config file does not exist, starting with empty configuration
08:38:57.540 [main] INFO com.zephyr.broker.topic.TopicConfigManager - Created new topic: DefaultTopic with 4 queues
08:38:57.540 [main] INFO com.zephyr.broker.topic.TopicConfigManager - Created new topic: TestTopic with 4 queues
08:38:57.540 [main] INFO com.zephyr.broker.topic.TopicConfigManager - Loaded 2 topic configs
08:38:57.540 [main] INFO com.zephyr.broker.topic.TopicConfigManager - TopicConfigManager started successfully
08:38:57.541 [main] INFO com.zephyr.broker.topic.TopicMetadataPersistence - Topic config file does not exist, starting with empty configuration
08:38:57.543 [main] DEBUG com.zephyr.broker.topic.TopicMetadataPersistence - Saved 1 topic configurations to disk
08:38:57.543 [main] INFO com.zephyr.broker.topic.TopicConfigManager - Updated topic config: listTest1
08:38:57.543 [main] INFO com.zephyr.broker.topic.TopicService - Topic created successfully: listTest1
08:38:57.545 [main] INFO com.zephyr.broker.topic.TopicMetadataPersistence - Loaded 1 topic configurations from disk
08:38:57.546 [main] ERROR com.zephyr.broker.topic.TopicMetadataPersistence - Failed to save topic configurations to disk
java.nio.file.FileAlreadyExistsException: /tmp/junit836171729446567446/config/topics.json
	at java.base/sun.nio.fs.UnixCopyFile.move(UnixCopyFile.java:449)
	at java.base/sun.nio.fs.UnixFileSystemProvider.move(UnixFileSystemProvider.java:266)
	at java.base/java.nio.file.Files.move(Files.java:1432)
	at com.zephyr.broker.topic.TopicMetadataPersistence.saveTopicConfigs(TopicMetadataPersistence.java:175)
	at com.zephyr.broker.topic.TopicMetadataPersistence.saveTopicConfig(TopicMetadataPersistence.java:225)
	at com.zephyr.broker.topic.TopicConfigManager.updateTopicConfig(TopicConfigManager.java:56)
	at com.zephyr.broker.topic.TopicService.createTopic(TopicService.java:67)
	at com.zephyr.broker.topic.TopicServiceTest.testListTopics(TopicServiceTest.java:166)
	at java.base/jdk.internal.reflect.NativeMethodAccessorImpl.invoke0(Native Method)
	at java.base/jdk.internal.reflect.NativeMethodAccessorImpl.invoke(NativeMethodAccessorImpl.java:77)
	at java.base/jdk.internal.reflect.DelegatingMethodAccessorImpl.invoke(DelegatingMethodAccessorImpl.java:43)
	at java.base/java.lang.reflect.Method.invoke(Method.java:569)
	at org.junit.platform.commons.util.ReflectionUtils.invokeMethod(ReflectionUtils.java:728)
	at org.junit.jupiter.engine.execution.MethodInvocation.proceed(MethodInvocation.java:60)
	at org.junit.jupiter.engine.execution.InvocationInterceptorChain$ValidatingInvocation.proceed(InvocationInterceptorChain.java:131)
	at org.junit.jupiter.engine.extension.TimeoutExtension.intercept(TimeoutExtension.java:156)
	at org.junit.jupiter.engine.extension.TimeoutExtension.interceptTestableMethod(TimeoutExtension.java:147)
	at org.junit.jupiter.engine.extension.TimeoutExtension.interceptTestMethod(TimeoutExtension.java:86)
	at org.junit.jupiter.engine.execution.InterceptingExecutableInvoker$ReflectiveInterceptorCall.lambda$ofVoidMethod$0(InterceptingExecutableInvoker.java:103)
	at org.junit.jupiter.engine.execution.InterceptingExecutableInvoker.lambda$invoke$0(InterceptingExecutableInvoker.java:93)
	at org.junit.jupiter.engine.execution.InvocationInterceptorChain$InterceptedInvocation.proceed(InvocationInterceptorChain.java:106)
	at org.junit.jupiter.engine.execution.InvocationInterceptorChain.proceed(InvocationInterceptorChain.java:64)
	at org.junit.jupiter.engine.execution.InvocationInterceptorChain.chainAndInvoke(InvocationInterceptorChain.java:45)
	at org.junit.jupiter.engine.execution.InvocationInterceptorChain.invoke(InvocationInterceptorChain.java:37)
	at org.junit.jupiter.engine.execution.InterceptingExecutableInvoker.invoke(InterceptingExecutableInvoker.java:92)
	at org.junit.jupiter.engine.execution.InterceptingExecutableInvoker.invoke(InterceptingExecutableInvoker.java:86)
	at org.junit.jupiter.engine.descriptor.TestMethodTestDescriptor.lambda$invokeTestMethod$7(TestMethodTestDescriptor.java:218)
	at org.junit.platform.engine.support.hierarchical.ThrowableCollector.execute(ThrowableCollector.java:73)
	at org.junit.jupiter.engine.descriptor.TestMethodTestDescriptor.invokeTestMethod(TestMethodTestDescriptor.java:214)
	at org.junit.jupiter.engine.descriptor.TestMethodTestDescriptor.execute(TestMethodTestDescriptor.java:139)
	at org.junit.jupiter.engine.descriptor.TestMethodTestDescriptor.execute(TestMethodTestDescriptor.java:69)
	at org.junit.platform.engine.support.hierarchical.NodeTestTask.lambda$executeRecursively$6(NodeTestTask.java:151)
	at org.junit.platform.engine.support.hierarchical.ThrowableCollector.execute(ThrowableCollector.java:73)
	at org.junit.platform.engine.support.hierarchical.NodeTestTask.lambda$executeRecursively$8(NodeTestTask.java:141)
	at org.junit.platform.engine.support.hierarchical.Node.around(Node.java:137)
	at org.junit.platform.engine.support.hierarchical.NodeTestTask.lambda$executeRecursively$9(NodeTestTask.java:139)
	at org.junit.platform.engine.support.hierarchical.ThrowableCollector.execute(ThrowableCollector.java:73)
	at org.junit.platform.engine.support.hierarchical.NodeTestTask.executeRecursively(NodeTestTask.java:138)
	at org.junit.platform.engine.support.hierarchical.NodeTestTask.execute(NodeTestTask.java:95)
	at java.base/java.util.ArrayList.forEach(ArrayList.java:1511)
	at org.junit.platform.engine.support.hierarchical.SameThreadHierarchicalTestExecutorService.invokeAll(SameThreadHierarchicalTestExecutorService.java:41)
	at org.junit.platform.engine.support.hierarchical.NodeTestTask.lambda$executeRecursively$6(NodeTestTask.java:155)
	at org.junit.platform.engine.support.hierarchical.ThrowableCollector.execute(ThrowableCollector.java:73)
	at org.junit.platform.engine.support.hierarchical.NodeTestTask.lambda$executeRecursively$8(NodeTestTask.java:141)
	at org.junit.platform.engine.support.hierarchical.Node.around(Node.java:137)
	at org.junit.platform.engine.support.hierarchical.NodeTestTask.lambda$executeRecursively$9(NodeTestTask.java:139)
	at org.junit.platform.engine.support.hierarchical.ThrowableCollector.execute(ThrowableCollector.java:73)
	at org.junit.platform.engine.support.hierarchical.NodeTestTask.executeRecursively(NodeTestTask.java:138)
	at org.junit.platform.engine.support.hierarchical.NodeTestTask.execute(NodeTestTask.java:95)
	at java.base/java.util.ArrayList.forEach(ArrayList.java:1511)
	at org.junit.platform.engine.support.hierarchical.SameThreadHierarchicalTestExecutorService.invokeAll(SameThreadHierarchicalTestExecutorService.java:41)
	at org.junit.platform.engine.support.hierarchical.NodeTestTask.lambda$executeRecursively$6(NodeTestTask.java:155)
	at org.junit.platform.engine.support.hierarchical.ThrowableCollector.execute(ThrowableCollector.java:73)
	at org.junit.platform.engine.support.hierarchical.NodeTestTask.lambda$executeRecursively$8(NodeTestTask.java:141)
	at org.junit.platform.engine.support.hierarchical.Node.around(Node.java:137)
	at org.junit.platform.engine.support.hierarchical.NodeTestTask.lambda$executeRecursively$9(NodeTestTask.java:139)
	at org.junit.platform.engine.support.hierarchical.ThrowableCollector.execute(ThrowableCollector.java:73)
	at org.junit.platform.engine.support.hierarchical.NodeTestTask.executeRecursively(NodeTestTask.java:138)
	at org.junit.platform.engine.support.hierarchical.NodeTestTask.execute(NodeTestTask.java:95)
	at org.junit.platform.engine.support.hierarchical.SameThreadHierarchicalTestExecutorService.submit(SameThreadHierarchicalTestExecutorService.java:35)
	at org.junit.platform.engine.support.hierarchical.HierarchicalTestExecutor.execute(HierarchicalTestExecutor.java:57)
	at org.junit.platform.engine.support.hierarchical.HierarchicalTestEngine.execute(HierarchicalTestEngine.java:54)
	at org.junit.platform.launcher.core.EngineExecutionOrchestrator.execute(EngineExecutionOrchestrator.java:198)
	at org.junit.platform.launcher.core.EngineExecutionOrchestrator.execute(EngineExecutionOrchestrator.java:169)
	at org.junit.platform.launcher.core.EngineExecutionOrchestrator.execute(EngineExecutionOrchestrator.java:93)
	at org.junit.platform.launcher.core.EngineExecutionOrchestrator.lambda$execute$0(EngineExecutionOrchestrator.java:58)
	at org.junit.platform.launcher.core.EngineExecutionOrchestrator.withInterceptedStreams(EngineExecutionOrchestrator.java:141)
	at org.junit.platform.launcher.core.EngineExecutionOrchestrator.execute(EngineExecutionOrchestrator.java:57)
	at org.junit.platform.launcher.core.DefaultLauncher.execute(DefaultLauncher.java:103)
	at org.junit.platform.launcher.core.DefaultLauncher.execute(DefaultLauncher.java:85)
	at org.junit.platform.launcher.core.DelegatingLauncher.execute(DelegatingLauncher.java:47)
	at org.apache.maven.surefire.junitplatform.LazyLauncher.execute(LazyLauncher.java:56)
	at org.apache.maven.surefire.junitplatform.JUnitPlatformProvider.execute(JUnitPlatformProvider.java:184)
	at org.apache.maven.surefire.junitplatform.JUnitPlatformProvider.invokeAllTests(JUnitPlatformProvider.java:148)
	at org.apache.maven.surefire.junitplatform.JUnitPlatformProvider.invoke(JUnitPlatformProvider.java:122)
	at org.apache.maven.surefire.booter.ForkedBooter.runSuitesInProcess(ForkedBooter.java:385)
	at org.apache.maven.surefire.booter.ForkedBooter.execute(ForkedBooter.java:162)
	at org.apache.maven.surefire.booter.ForkedBooter.run(ForkedBooter.java:507)
	at org.apache.maven.surefire.booter.ForkedBooter.main(ForkedBooter.java:495)
08:38:57.547 [main] INFO com.zephyr.broker.topic.TopicConfigManager - Updated topic config: listTest2
08:38:57.547 [main] INFO com.zephyr.broker.topic.TopicService - Topic created successfully: listTest2
]]></system-out>
  </testcase>
</testsuite>